IP Generator (Version 2022.2-SP1-Lite build 132640)
Start generating at 2024-08-14 19:19
Instance: R_LUT (C:\Users\mjh\Desktop\final_competition\Pango_magicbox\pnr\example_design\ipcore\R_LUT\R_LUT.idf)
IP: Pango DRM Based ROM (1.5)
Part: Logos-PGL50H-FBG484--6
Create directory 'rtl' ...
Copy 'rtl\ipml_rom_v1_5.v.xml' to 'rtl' ...
Copy 'rtl\ipml_spram_v1_5.v.xml' to 'rtl' ...
Compile file 'rtl\ipml_spram_v1_5.v.xml' to 'rtl\ipml_spram_v1_5_R_LUT.v' ...
Compile file 'rtl\ipml_rom_v1_5.v.xml' to 'rtl\ipml_rom_v1_5_R_LUT.v' ...
Copy 'ipml_rom_wrapper_v1_5.v.xml' ...
Compile file 'ipml_rom_wrapper_v1_5.v.xml' to 'R_LUT.v' ...
Found top module 'R_LUT' in file 'R_LUT.v'.
Copy 'ipml_rom_wrapper_v1_3_tb.v.xml' ...
Compile file 'ipml_rom_wrapper_v1_3_tb.v.xml' to 'R_LUT_tb.v' ...
Copy 'init_param_bin_exmp.dat' ...
Copy 'init_param_hex_exmp.dat' ...
Run file 'createParam.tcl' ...
Create template file 'R_LUT_tmpl.v' ...
Create template file 'R_LUT_tmpl.vhdl' ...
There are 3 source files to synthesize.
Synthesis is disabled.
Done: 0 error(s), 0 warning(s)
