#Build: Fabric Compiler 2022.2-SP1-Lite, Build 132640, Aug 18 15:10 2023
#Install: C:\pango\PDS_2022.2-SP1-Lite\bin
#Application name: pds.exe
#OS: Windows 10 10.0.22621
#Hostname: DESKTOP-HF0O1AK
Generated by Fabric Compiler (version 2022.2-SP1-Lite build 132640) at Fri Aug 16 11:36:03 2024
Parse module hierarchy of project 'D:/projects/pango/Pango_magicbox/pnr/example_design/temp_projects/Main_Flow/Main_Flow.pds' (ADS Parser)
Customize IP 'D:/projects/pango/Pango_magicbox/pnr/example_design/ipcore/MUL16x16/MUL16x16.idf' ...
Parse module hierarchy of project 'D:/projects/pango/Pango_magicbox/pnr/example_design/temp_projects/Main_Flow/Main_Flow.pds' (ADS Parser)
I: Flow-6004: Design file modified: "D:/projects/pango/Pango_magicbox/src/rtl/hann.v". 
IP Compiler exited.
Customize IP 'div024' ...
IP Compiler exited.
Customize IP 'div1024' ...
C: Flow-2008: IP file modified: "D:/projects/pango/Pango_magicbox/pnr/example_design/ipcore/div1024/div1024.idf". 
Parse module hierarchy of project 'D:/projects/pango/Pango_magicbox/pnr/example_design/temp_projects/Main_Flow/Main_Flow.pds' (ADS Parser)
C: Flow-2008: IP file modified: "D:/projects/pango/Pango_magicbox/pnr/example_design/ipcore/div1024/div1024.idf". 
Parse module hierarchy of project 'D:/projects/pango/Pango_magicbox/pnr/example_design/temp_projects/Main_Flow/Main_Flow.pds' (ADS Parser)
IP Compiler exited.
Customize IP 'MUL26x16' ...
C: Flow-2008: IP file modified: "D:/projects/pango/Pango_magicbox/pnr/example_design/ipcore/MUL26x16/MUL26x16.idf". 
Parse module hierarchy of project 'D:/projects/pango/Pango_magicbox/pnr/example_design/temp_projects/Main_Flow/Main_Flow.pds' (ADS Parser)
C: Flow-2008: IP file modified: "D:/projects/pango/Pango_magicbox/pnr/example_design/ipcore/MUL26x16/MUL26x16.idf". 
Parse module hierarchy of project 'D:/projects/pango/Pango_magicbox/pnr/example_design/temp_projects/Main_Flow/Main_Flow.pds' (ADS Parser)
Parse module hierarchy of project 'D:/projects/pango/Pango_magicbox/pnr/example_design/temp_projects/Main_Flow/Main_Flow.pds' (ADS Parser)
IP Compiler exited.
Customize IP 'D:/projects/pango/Pango_magicbox/pnr/example_design/ipcore/div1024/div1024.idf' ...
C: Flow-2008: IP file modified: "D:/projects/pango/Pango_magicbox/pnr/example_design/ipcore/div1024/div1024.idf". 
Parse module hierarchy of project 'D:/projects/pango/Pango_magicbox/pnr/example_design/temp_projects/Main_Flow/Main_Flow.pds' (ADS Parser)
Parse module hierarchy of project 'D:/projects/pango/Pango_magicbox/pnr/example_design/temp_projects/Main_Flow/Main_Flow.pds' (ADS Parser)
C: Flow-2008: IP file modified: "D:/projects/pango/Pango_magicbox/pnr/example_design/ipcore/div1024/div1024.idf". 
Parse module hierarchy of project 'D:/projects/pango/Pango_magicbox/pnr/example_design/temp_projects/Main_Flow/Main_Flow.pds' (ADS Parser)
IP Compiler exited.
Parse module hierarchy of project 'D:/projects/pango/Pango_magicbox/pnr/example_design/temp_projects/Main_Flow/Main_Flow.pds' (ADS Parser)
I: Flow-6004: Design file modified: "D:/projects/pango/Pango_magicbox/src/rtl/top.v". 
File "D:/projects/pango/Pango_magicbox/src/rtl/mfcc_avg.v" has been added to project successfully. 
Parse module hierarchy of project 'D:/projects/pango/Pango_magicbox/pnr/example_design/temp_projects/Main_Flow/Main_Flow.pds' (ADS Parser)
E: Verilog-4005: [D:/projects/pango/Pango_magicbox/src/rtl/mfcc_avg.v(line number: 35)] Syntax error near <
E: Verilog-4005: [D:/projects/pango/Pango_magicbox/src/rtl/mfcc_avg.v(line number: 76)] Syntax error near ,
E: Verilog-4005: [D:/projects/pango/Pango_magicbox/src/rtl/mfcc_avg.v(line number: 76)] Syntax error near )
E: Verilog-4109: [D:/projects/pango/Pango_magicbox/src/rtl/mfcc_avg.v(line number: 34)] Declarations is not allowed in unnamed block
E: Parsing ERROR.
Parse module hierarchy of project 'D:/projects/pango/Pango_magicbox/pnr/example_design/temp_projects/Main_Flow/Main_Flow.pds' (ADS Parser)
I: Flow-6004: Design file modified: "D:/projects/pango/Pango_magicbox/src/rtl/mfcc_avg.v". 
E: Verilog-4005: [D:/projects/pango/Pango_magicbox/src/rtl/mfcc_avg.v(line number: 35)] Syntax error near <
E: Verilog-4005: [D:/projects/pango/Pango_magicbox/src/rtl/mfcc_avg.v(line number: 76)] Syntax error near ,
E: Verilog-4005: [D:/projects/pango/Pango_magicbox/src/rtl/mfcc_avg.v(line number: 76)] Syntax error near )
E: Verilog-4109: [D:/projects/pango/Pango_magicbox/src/rtl/mfcc_avg.v(line number: 34)] Declarations is not allowed in unnamed block
E: Parsing ERROR.
Parse module hierarchy of project 'D:/projects/pango/Pango_magicbox/pnr/example_design/temp_projects/Main_Flow/Main_Flow.pds' (ADS Parser)
I: Flow-6004: Design file modified: "D:/projects/pango/Pango_magicbox/src/rtl/mfcc_avg.v". 
E: Verilog-4086: [D:/projects/pango/Pango_magicbox/src/rtl/mfcc_avg.v(line number: 100)] More than one always block assigned a value to the same variable cnt
Parse module hierarchy of project 'D:/projects/pango/Pango_magicbox/pnr/example_design/temp_projects/Main_Flow/Main_Flow.pds' (ADS Parser)
I: Flow-6004: Design file modified: "D:/projects/pango/Pango_magicbox/src/rtl/mfcc_avg.v". 
Parse module hierarchy of project 'D:/projects/pango/Pango_magicbox/pnr/example_design/temp_projects/Main_Flow/Main_Flow.pds' (ADS Parser)
I: Flow-6004: Design file modified: "D:/projects/pango/Pango_magicbox/src/rtl/mfcc_avg.v". 
Parse module hierarchy of project 'D:/projects/pango/Pango_magicbox/pnr/example_design/temp_projects/Main_Flow/Main_Flow.pds' (ADS Parser)
I: Flow-6004: Design file modified: "D:/projects/pango/Pango_magicbox/src/rtl/mfcc_avg.v". 
Parse module hierarchy of project 'D:/projects/pango/Pango_magicbox/pnr/example_design/temp_projects/Main_Flow/Main_Flow.pds' (ADS Parser)
I: Flow-6004: Design file modified: "D:/projects/pango/Pango_magicbox/src/rtl/top.v". 
Customize IP 'MUL17x17' ...
C: Flow-2008: IP file modified: "D:/projects/pango/Pango_magicbox/pnr/example_design/ipcore/MUL17x17/MUL17x17.idf". 
Parse module hierarchy of project 'D:/projects/pango/Pango_magicbox/pnr/example_design/temp_projects/Main_Flow/Main_Flow.pds' (ADS Parser)
C: Flow-2008: IP file modified: "D:/projects/pango/Pango_magicbox/pnr/example_design/ipcore/MUL17x17/MUL17x17.idf". 
Parse module hierarchy of project 'D:/projects/pango/Pango_magicbox/pnr/example_design/temp_projects/Main_Flow/Main_Flow.pds' (ADS Parser)
IP Compiler exited.
Parse module hierarchy of project 'D:/projects/pango/Pango_magicbox/pnr/example_design/temp_projects/Main_Flow/Main_Flow.pds' (ADS Parser)
I: Flow-6004: Design file modified: "D:/projects/pango/Pango_magicbox/src/rtl/top.v". 
Parse module hierarchy of project 'D:/projects/pango/Pango_magicbox/pnr/example_design/temp_projects/Main_Flow/Main_Flow.pds' (ADS Parser)
I: Flow-6004: Design file modified: "D:/projects/pango/Pango_magicbox/src/rtl/top.v". 
Parse module hierarchy of project 'D:/projects/pango/Pango_magicbox/pnr/example_design/temp_projects/Main_Flow/Main_Flow.pds' (ADS Parser)
I: Flow-6004: Design file modified: "D:/projects/pango/Pango_magicbox/src/rtl/top.v". 
Parse module hierarchy of project 'D:/projects/pango/Pango_magicbox/pnr/example_design/temp_projects/Main_Flow/Main_Flow.pds' (ADS Parser)
I: Flow-6004: Design file modified: "D:/projects/pango/Pango_magicbox/src/rtl/top.v". 
File "D:/projects/pango/Pango_magicbox/src/rtl/btn_deb_fix.v" has been added to project successfully. 
File "D:/projects/pango/Pango_magicbox/src/rtl/voice_recgnize.v" has been added to project successfully. 
Parse module hierarchy of project 'D:/projects/pango/Pango_magicbox/pnr/example_design/temp_projects/Main_Flow/Main_Flow.pds' (ADS Parser)
Parse module hierarchy of project 'D:/projects/pango/Pango_magicbox/pnr/example_design/temp_projects/Main_Flow/Main_Flow.pds' (ADS Parser)
