#Build: Fabric Compiler 2022.2-SP1-Lite, Build 132640, Aug 18 15:10 2023
#Install: C:\pango\PDS_2022.2-SP1-Lite\bin
#Application name: pds.exe
#OS: Windows 10 10.0.22631
#Hostname: zxh_dtp
Generated by Fabric Compiler (version 2022.2-SP1-Lite build 132640) at Thu Aug 15 15:53:56 2024
Parse module hierarchy of project 'C:/Projects/pango/merge/Pango_magicbox/pnr/example_design/temp_projects/Main_Flow/Main_Flow.pds' (ADS Parser)
Parse module hierarchy of project 'C:/Projects/pango/merge/Pango_magicbox/pnr/example_design/temp_projects/Main_Flow/Main_Flow.pds' (ADS Parser)
File "C:/Projects/pango/merge/Pango_magicbox/pnr/example_design/ipcore/FBANK_LUT1/FBANK_LUT1.idf" has been added to project successfully. 
File "C:/Projects/pango/merge/Pango_magicbox/pnr/example_design/ipcore/FBANK_LUT2/FBANK_LUT2.idf" has been added to project successfully. 
File "C:/Projects/pango/merge/Pango_magicbox/pnr/example_design/ipcore/logfbe_buff/logfbe_buff.idf" has been added to project successfully. 
File "C:/Projects/pango/merge/Pango_magicbox/pnr/example_design/ipcore/mul16x16_signed/mul16x16_signed.idf" has been added to project successfully. 
File "C:/Projects/pango/merge/Pango_magicbox/pnr/example_design/ipcore/mul55x16/mul55x16.idf" has been added to project successfully. 
Parse module hierarchy of project 'C:/Projects/pango/merge/Pango_magicbox/pnr/example_design/temp_projects/Main_Flow/Main_Flow.pds' (ADS Parser)
File "C:/Projects/pango/merge/Pango_magicbox/src/rtl/DCT.v" has been added to project successfully. 
File "C:/Projects/pango/merge/Pango_magicbox/src/rtl/filterbank.v" has been added to project successfully. 
File "C:/Projects/pango/merge/Pango_magicbox/src/rtl/lifter.v" has been added to project successfully. 
File "C:/Projects/pango/merge/Pango_magicbox/src/rtl/log2.sv" has been added to project successfully. 
File "C:/Projects/pango/merge/Pango_magicbox/src/rtl/logE.v" has been added to project successfully. 
File "C:/Projects/pango/merge/Pango_magicbox/src/rtl/mfcc.v" has been added to project successfully. 
File "C:/Projects/pango/merge/Pango_magicbox/src/rtl/mul_add.v" has been added to project successfully. 
File "C:/Projects/pango/merge/Pango_magicbox/src/rtl/Squares.v" has been added to project successfully. 
Parse module hierarchy of project 'C:/Projects/pango/merge/Pango_magicbox/pnr/example_design/temp_projects/Main_Flow/Main_Flow.pds' (ADS Parser)
W: Public-4009: File C:/Projects/pango/merge/Pango_magicbox/src/rtl/log2.sv already exists.
Parse module hierarchy of project 'C:/Projects/pango/merge/Pango_magicbox/pnr/example_design/temp_projects/Main_Flow/Main_Flow.pds' (ADS Parser)
C: Flow-2001: Design file missing: "C:/Projects/pango/merge/Pango_magicbox/src/rtl/log2.sv". 
File "C:/Projects/pango/merge/Pango_magicbox/src/rtl/log2.v" has been added to project successfully. 
Parse module hierarchy of project 'C:/Projects/pango/merge/Pango_magicbox/pnr/example_design/temp_projects/Main_Flow/Main_Flow.pds' (ADS Parser)
File "C:/Projects/pango/merge/Pango_magicbox/src/rtl/log2.sv" has been removed from project successfully. 
Parse module hierarchy of project 'C:/Projects/pango/merge/Pango_magicbox/pnr/example_design/temp_projects/Main_Flow/Main_Flow.pds' (ADS Parser)
Parse module hierarchy of project 'C:/Projects/pango/merge/Pango_magicbox/pnr/example_design/temp_projects/Main_Flow/Main_Flow.pds' (ADS Parser)
I: Flow-6004: Design file modified: "C:/Projects/pango/merge/Pango_magicbox/src/rtl/log2.v". 
File "C:/Projects/pango/merge/Pango_magicbox/src/rtl/log2.v" has been removed from project successfully. 
Parse module hierarchy of project 'C:/Projects/pango/merge/Pango_magicbox/pnr/example_design/temp_projects/Main_Flow/Main_Flow.pds' (ADS Parser)
File "C:/Projects/pango/merge/Pango_magicbox/src/rtl/log2.sv" has been added to project successfully. 
Parse module hierarchy of project 'C:/Projects/pango/merge/Pango_magicbox/pnr/example_design/temp_projects/Main_Flow/Main_Flow.pds' (ADS Parser)
Parse module hierarchy of project 'C:/Projects/pango/merge/Pango_magicbox/pnr/example_design/temp_projects/Main_Flow/Main_Flow.pds' (ADS Parser)
Parse module hierarchy of project 'C:/Projects/pango/merge/Pango_magicbox/pnr/example_design/temp_projects/Main_Flow/Main_Flow.pds' (ADS Parser)
I: Flow-6004: Design file modified: "C:/Projects/pango/merge/Pango_magicbox/src/rtl/log2.sv". 
Parse module hierarchy of project 'C:/Projects/pango/merge/Pango_magicbox/pnr/example_design/temp_projects/Main_Flow/Main_Flow.pds' (ADS Parser)
I: Flow-6004: Design file modified: "C:/Projects/pango/merge/Pango_magicbox/src/rtl/log2.sv". 
Parse module hierarchy of project 'C:/Projects/pango/merge/Pango_magicbox/pnr/example_design/temp_projects/Main_Flow/Main_Flow.pds' (ADS Parser)
C: Flow-2001: Design file missing: "C:/Projects/pango/merge/Pango_magicbox/src/rtl/log2.sv". 
File "C:/Projects/pango/merge/Pango_magicbox/src/rtl/log2.sv" has been removed from project successfully. 
Parse module hierarchy of project 'C:/Projects/pango/merge/Pango_magicbox/pnr/example_design/temp_projects/Main_Flow/Main_Flow.pds' (ADS Parser)
File "C:/Projects/pango/merge/Pango_magicbox/src/rtl/log2.v" has been added to project successfully. 
Parse module hierarchy of project 'C:/Projects/pango/merge/Pango_magicbox/pnr/example_design/temp_projects/Main_Flow/Main_Flow.pds' (ADS Parser)
Customize IP 'C:/Projects/pango/merge/Pango_magicbox/pnr/example_design/ipcore/RAM_1/RAM_1.idf' ...
IP Compiler exited.
Parse module hierarchy of project 'C:/Projects/pango/merge/Pango_magicbox/pnr/example_design/temp_projects/Main_Flow/Main_Flow.pds' (ADS Parser)
I: Flow-6004: Design file modified: "C:/Projects/pango/merge/Pango_magicbox/src/rtl/top.v". 
Parse module hierarchy of project 'C:/Projects/pango/merge/Pango_magicbox/pnr/example_design/temp_projects/Main_Flow/Main_Flow.pds' (ADS Parser)
I: Flow-6004: Design file modified: "C:/Projects/pango/merge/Pango_magicbox/src/rtl/top.v". 
E: Verilog-4003: [C:/Projects/pango/merge/Pango_magicbox/src/rtl/top.v(line number: 355)] An instance name should be specified when instantiate module mfcc
Parse module hierarchy of project 'C:/Projects/pango/merge/Pango_magicbox/pnr/example_design/temp_projects/Main_Flow/Main_Flow.pds' (ADS Parser)
I: Flow-6004: Design file modified: "C:/Projects/pango/merge/Pango_magicbox/src/rtl/top.v". 
Parse module hierarchy of project 'C:/Projects/pango/merge/Pango_magicbox/pnr/example_design/temp_projects/Main_Flow/Main_Flow.pds' (ADS Parser)
I: Flow-6004: Design file modified: "C:/Projects/pango/merge/Pango_magicbox/src/rtl/mfcc.v". 
Parse module hierarchy of project 'C:/Projects/pango/merge/Pango_magicbox/pnr/example_design/temp_projects/Main_Flow/Main_Flow.pds' (ADS Parser)
I: Flow-6004: Design file modified: "C:/Projects/pango/merge/Pango_magicbox/src/rtl/top.v". 
E: Verilog-4060: [C:/Projects/pango/merge/Pango_magicbox/src/rtl/top.v(line number: 355)] Multiple instances with the same instance name mfcc
E: Parsing ERROR.
Parse module hierarchy of project 'C:/Projects/pango/merge/Pango_magicbox/pnr/example_design/temp_projects/Main_Flow/Main_Flow.pds' (ADS Parser)
I: Flow-6004: Design file modified: "C:/Projects/pango/merge/Pango_magicbox/src/rtl/top.v". 
E: Verilog-4005: [C:/Projects/pango/merge/Pango_magicbox/src/rtl/top.v(line number: 118)] Syntax error near wire
E: Verilog-4060: [C:/Projects/pango/merge/Pango_magicbox/src/rtl/top.v(line number: 358)] Multiple instances with the same instance name mfcc
E: Parsing ERROR.
Parse module hierarchy of project 'C:/Projects/pango/merge/Pango_magicbox/pnr/example_design/temp_projects/Main_Flow/Main_Flow.pds' (ADS Parser)
I: Flow-6004: Design file modified: "C:/Projects/pango/merge/Pango_magicbox/src/rtl/mfcc.v". 
E: Verilog-4005: [C:/Projects/pango/merge/Pango_magicbox/src/rtl/top.v(line number: 118)] Syntax error near wire
E: Verilog-4060: [C:/Projects/pango/merge/Pango_magicbox/src/rtl/top.v(line number: 358)] Multiple instances with the same instance name mfcc
E: Parsing ERROR.
Parse module hierarchy of project 'C:/Projects/pango/merge/Pango_magicbox/pnr/example_design/temp_projects/Main_Flow/Main_Flow.pds' (ADS Parser)
I: Flow-6004: Design file modified: "C:/Projects/pango/merge/Pango_magicbox/src/rtl/top.v". 
E: Verilog-4005: [C:/Projects/pango/merge/Pango_magicbox/src/rtl/top.v(line number: 118)] Syntax error near wire
E: Parsing ERROR.
Parse module hierarchy of project 'C:/Projects/pango/merge/Pango_magicbox/pnr/example_design/temp_projects/Main_Flow/Main_Flow.pds' (ADS Parser)
I: Flow-6004: Design file modified: "C:/Projects/pango/merge/Pango_magicbox/src/rtl/top.v". 
Parse module hierarchy of project 'C:/Projects/pango/merge/Pango_magicbox/pnr/example_design/temp_projects/Main_Flow/Main_Flow.pds' (ADS Parser)
I: Flow-6004: Design file modified: "C:/Projects/pango/merge/Pango_magicbox/src/rtl/DCT.v". 
Parse module hierarchy of project 'C:/Projects/pango/merge/Pango_magicbox/pnr/example_design/temp_projects/Main_Flow/Main_Flow.pds' (ADS Parser)
I: Flow-6004: Design file modified: "C:/Projects/pango/merge/Pango_magicbox/src/rtl/log2.v". 
Parse module hierarchy of project 'C:/Projects/pango/merge/Pango_magicbox/pnr/example_design/temp_projects/Main_Flow/Main_Flow.pds' (ADS Parser)
I: Flow-6004: Design file modified: "C:/Projects/pango/merge/Pango_magicbox/src/rtl/mfcc.v". 
