#Build: Fabric Compiler 2022.2-SP1-Lite, Build 132640, Aug 18 15:10 2023
#Install: C:\pango\PDS_2022.2-SP1-Lite\bin
#Application name: pds.exe
#OS: Windows 10 10.0.22631
#Hostname: zxh_dtp
Generated by Fabric Compiler (version 2022.2-SP1-Lite build 132640) at Fri Jul 12 17:34:53 2024
Parse module hierarchy of project 'C:/Projects/pango/Pango_voice/pnr/example_design/temp_projects/Main_Flow/Main_Flow.pds' (ADS Parser)
Customize IP 'Sperate_door' ...
C: Flow-2008: IP file modified: "C:/Projects/pango/Pango_voice/pnr/example_design/ipcore/Sperate_door/Sperate_door.idf". 
Parse module hierarchy of project 'C:/Projects/pango/Pango_voice/pnr/example_design/temp_projects/Main_Flow/Main_Flow.pds' (ADS Parser)
C: Flow-2008: IP file modified: "C:/Projects/pango/Pango_voice/pnr/example_design/ipcore/Sperate_door/Sperate_door.idf". 
Parse module hierarchy of project 'C:/Projects/pango/Pango_voice/pnr/example_design/temp_projects/Main_Flow/Main_Flow.pds' (ADS Parser)
IP Compiler exited.
Customize IP 'C:/Projects/pango/Pango_voice/pnr/example_design/ipcore/Sperate_door/Sperate_door.idf' ...
C: Flow-2008: IP file modified: "C:/Projects/pango/Pango_voice/pnr/example_design/ipcore/Sperate_door/Sperate_door.idf". 
Parse module hierarchy of project 'C:/Projects/pango/Pango_voice/pnr/example_design/temp_projects/Main_Flow/Main_Flow.pds' (ADS Parser)
Parse module hierarchy of project 'C:/Projects/pango/Pango_voice/pnr/example_design/temp_projects/Main_Flow/Main_Flow.pds' (ADS Parser)
C: Flow-2008: IP file modified: "C:/Projects/pango/Pango_voice/pnr/example_design/ipcore/Sperate_door/Sperate_door.idf". 
Parse module hierarchy of project 'C:/Projects/pango/Pango_voice/pnr/example_design/temp_projects/Main_Flow/Main_Flow.pds' (ADS Parser)
IP Compiler exited.
