IP Generator (Version 2022.2-SP1-Lite build 132640)
Start generating at 2024-07-08 18:22
Instance: LUT_2BOY (C:\Users\zxhan\Desktop\comp\bak\Pango_voice\pnr\example_design\ipcore\LUT_2BOY\LUT_2BOY.idf)
IP: Pango DRM Based Single Port RAM (1.5)
Part: Logos-PGL50H-FBG484--6
Create directory 'rtl' ...
Copy 'rtl\ipml_spram_v1_5.v.xml' to 'rtl' ...
Compile file 'rtl\ipml_spram_v1_5.v.xml' to 'rtl\ipml_spram_v1_5_LUT_2BOY.v' ...
Copy 'ipml_spram_wrapper_v1_5.v.xml' ...
Compile file 'ipml_spram_wrapper_v1_5.v.xml' to 'LUT_2BOY.v' ...
Found top module 'LUT_2BOY' in file 'LUT_2BOY.v'.
Copy 'ipml_spram_wrapper_v1_3_tb.v.xml' ...
Compile file 'ipml_spram_wrapper_v1_3_tb.v.xml' to 'LUT_2BOY_tb.v' ...
Copy 'init_param_bin_exmp.dat' ...
Copy 'init_param_hex_exmp.dat' ...
Run file 'createParam.tcl' ...
Create template file 'LUT_2BOY_tmpl.v' ...
Create template file 'LUT_2BOY_tmpl.vhdl' ...
There are 2 source files to synthesize.
Synthesis is disabled.
Done: 0 error(s), 0 warning(s)
