IP Generator (Version 2022.2-SP1-Lite build 132640)
Start generating at 2024-07-04 15:42
Instance: HANN_RAM (C:\Users\zxhan\Desktop\comp\Pango_voice\pnr\example_design\ipcore\HANN_RAM\HANN_RAM.idf)
IP: Pango DRM Based Single Port RAM (1.5)
Part: Logos-PGL50H-FBG484--6
Create directory 'rtl' ...
Copy 'rtl\ipml_spram_v1_5.v.xml' to 'rtl' ...
Compile file 'rtl\ipml_spram_v1_5.v.xml' to 'rtl\ipml_spram_v1_5_HANN_RAM.v' ...
Copy 'ipml_spram_wrapper_v1_5.v.xml' ...
Compile file 'ipml_spram_wrapper_v1_5.v.xml' to 'HANN_RAM.v' ...
Found top module 'HANN_RAM' in file 'HANN_RAM.v'.
Copy 'ipml_spram_wrapper_v1_3_tb.v.xml' ...
Compile file 'ipml_spram_wrapper_v1_3_tb.v.xml' to 'HANN_RAM_tb.v' ...
Copy 'init_param_bin_exmp.dat' ...
Copy 'init_param_hex_exmp.dat' ...
Run file 'createParam.tcl' ...
Create template file 'HANN_RAM_tmpl.v' ...
Create template file 'HANN_RAM_tmpl.vhdl' ...
There are 2 source files to synthesize.
Synthesis is disabled.
Done: 0 error(s), 0 warning(s)
