IP Generator (Version 2022.2-SP1-Lite build 132640)
Start generating at 2024-07-12 23:19
Instance: Sperate_door (C:\Projects\pango\Pango_voice\pnr\example_design\ipcore\Sperate_door\Sperate_door.idf)
IP: Pango DRM Based Simple Dual Port RAM (1.6)
Part: Logos-PGL50H-FBG484--6
Create directory 'rtl' ...
Copy 'rtl\ipml_sdpram_v1_6.v.xml' to 'rtl' ...
Compile file 'rtl\ipml_sdpram_v1_6.v.xml' to 'rtl\ipml_sdpram_v1_6_Sperate_door.v' ...
Copy 'ipml_sdpram_wrapper_v1_6.v.xml' ...
Compile file 'ipml_sdpram_wrapper_v1_6.v.xml' to 'Sperate_door.v' ...
Found top module 'Sperate_door' in file 'Sperate_door.v'.
Copy 'ipml_sdpram_wrapper_v1_3_tb.v.xml' ...
Compile file 'ipml_sdpram_wrapper_v1_3_tb.v.xml' to 'Sperate_door_tb.v' ...
Copy 'init_param_bin_exmp.dat' ...
Copy 'init_param_hex_exmp.dat' ...
Run file 'createParam.tcl' ...
Create template file 'Sperate_door_tmpl.v' ...
Create template file 'Sperate_door_tmpl.vhdl' ...
There are 2 source files to synthesize.
Synthesis is disabled.
Done: 0 error(s), 0 warning(s)
