IP Generator (Version 2022.2-SP1-Lite build 132640)
Start generating at 2024-08-14 16:27
Instance: FBANK_LUT2 (D:\projects\pango\Pango_magicbox\pnr\example_design\ipcore\FBANK_LUT2\FBANK_LUT2.idf)
IP: Pango DRM Based Single Port RAM (1.5)
Part: Logos-PGL50H-FBG484--6
Create directory 'rtl' ...
Copy 'rtl\ipml_spram_v1_5.v.xml' to 'rtl' ...
Compile file 'rtl\ipml_spram_v1_5.v.xml' to 'rtl\ipml_spram_v1_5_FBANK_LUT2.v' ...
Copy 'ipml_spram_wrapper_v1_5.v.xml' ...
Compile file 'ipml_spram_wrapper_v1_5.v.xml' to 'FBANK_LUT2.v' ...
Found top module 'FBANK_LUT2' in file 'FBANK_LUT2.v'.
Copy 'ipml_spram_wrapper_v1_3_tb.v.xml' ...
Compile file 'ipml_spram_wrapper_v1_3_tb.v.xml' to 'FBANK_LUT2_tb.v' ...
Copy 'init_param_bin_exmp.dat' ...
Copy 'init_param_hex_exmp.dat' ...
Run file 'createParam.tcl' ...
Create template file 'FBANK_LUT2_tmpl.v' ...
Create template file 'FBANK_LUT2_tmpl.vhdl' ...
There are 2 source files to synthesize.
Synthesis is disabled.
Done: 0 error(s), 0 warning(s)
