IP Generator (Version 2022.2-SP1-Lite build 132640)
Start generating at 2024-08-13 15:25
Instance: DRAM_spectrogram (C:\Users\mjh\Desktop\final_competition\Pango_magicbox\pnr\example_design\ipcore\DRAM_spectrogram\DRAM_spectrogram.idf)
IP: Pango DRM Based Dual Port RAM (1.6)
Part: Logos-PGL50H-FBG484--6
Create directory 'rtl' ...
Copy 'rtl\ipml_dpram_v1_6.v.xml' to 'rtl' ...
Compile file 'rtl\ipml_dpram_v1_6.v.xml' to 'rtl\ipml_dpram_v1_6_DRAM_spectrogram.v' ...
Copy 'ipml_dpram_wrapper_v1_6.v.xml' ...
Compile file 'ipml_dpram_wrapper_v1_6.v.xml' to 'DRAM_spectrogram.v' ...
Found top module 'DRAM_spectrogram' in file 'DRAM_spectrogram.v'.
Copy 'ipml_dpram_wrapper_v1_3_tb.v.xml' ...
Compile file 'ipml_dpram_wrapper_v1_3_tb.v.xml' to 'DRAM_spectrogram_tb.v' ...
Copy 'init_param_bin_exmp.dat' ...
Copy 'init_param_hex_exmp.dat' ...
Run file 'createParam.tcl' ...
Create template file 'DRAM_spectrogram_tmpl.v' ...
Create template file 'DRAM_spectrogram_tmpl.vhdl' ...
There are 2 source files to synthesize.
Synthesis is disabled.
Done: 0 error(s), 0 warning(s)
