IP Generator (Version 2022.2-SP1-Lite build 132640)
Start generating at 2024-05-07 10:00
Instance: DPRAM (C:\Users\zxhan\Desktop\mjh\06_hdmi_loop\ipcore\DPRAM\DPRAM.idf)
IP: Pango DRM Based Dual Port RAM (1.6)
Part: Logos-PGL50H-FBG484--6
Create directory 'rtl' ...
Copy 'rtl\ipml_dpram_v1_6.v.xml' to 'rtl' ...
Compile file 'rtl\ipml_dpram_v1_6.v.xml' to 'rtl\ipml_dpram_v1_6_DPRAM.v' ...
Copy 'ipml_dpram_wrapper_v1_6.v.xml' ...
Compile file 'ipml_dpram_wrapper_v1_6.v.xml' to 'DPRAM.v' ...
Found top module 'DPRAM' in file 'DPRAM.v'.
Copy 'ipml_dpram_wrapper_v1_3_tb.v.xml' ...
Compile file 'ipml_dpram_wrapper_v1_3_tb.v.xml' to 'DPRAM_tb.v' ...
Copy 'init_param_bin_exmp.dat' ...
Copy 'init_param_hex_exmp.dat' ...
Run file 'createParam.tcl' ...
Create template file 'DPRAM_tmpl.v' ...
Create template file 'DPRAM_tmpl.vhdl' ...
There are 2 source files to synthesize.
Synthesis is disabled.
Done: 0 error(s), 0 warning(s)
