IP Generator (Version 2022.2-SP1-Lite build 132640)
Start generating at 2024-07-03 15:10
Instance: HANN_LUT (C:\Users\zxhan\Desktop\comp\Pango_voice\pnr\example_design\ipcore\HANN_LUT\HANN_LUT.idf)
IP: Pango DRM Based Single Port RAM (1.5)
Part: Logos-PGL50H-FBG484--6
Create directory 'rtl' ...
Copy 'rtl\ipml_spram_v1_5.v.xml' to 'rtl' ...
Compile file 'rtl\ipml_spram_v1_5.v.xml' to 'rtl\ipml_spram_v1_5_HANN_LUT.v' ...
Copy 'ipml_spram_wrapper_v1_5.v.xml' ...
Compile file 'ipml_spram_wrapper_v1_5.v.xml' to 'HANN_LUT.v' ...
Found top module 'HANN_LUT' in file 'HANN_LUT.v'.
Copy 'ipml_spram_wrapper_v1_3_tb.v.xml' ...
Compile file 'ipml_spram_wrapper_v1_3_tb.v.xml' to 'HANN_LUT_tb.v' ...
Copy 'init_param_bin_exmp.dat' ...
Copy 'init_param_hex_exmp.dat' ...
Run file 'createParam.tcl' ...
Create template file 'HANN_LUT_tmpl.v' ...
Create template file 'HANN_LUT_tmpl.vhdl' ...
There are 2 source files to synthesize.
Synthesis is disabled.
Done: 0 error(s), 0 warning(s)
