#Build: Fabric Compiler 2022.2-SP1-Lite, Build 132640, Aug 18 15:12 2023
#Install: C:\pango\PDS_2022.2-SP1-Lite\bin
#Application name: pds_shell.exe
#OS: Windows 10 10.0.22631
#Hostname: DESKTOP-73C3QQ3
Generated by Fabric Compiler (version 2022.2-SP1-Lite build 132640) at Sat Aug 17 22:19:57 2024
Compiling verification operator library.
Compiling common defs.
Compiling prim grid devices.
Compiling gate devices.
Compiling gate operators.
Building architecture model.
Loading device packaging model.
pnr strategy configuration : 
strategy name : 0
Building architecture floorplan logic view.
Constraint check start.
Executing : def_port {es7243_sda} LOC=AB10 VCCIO=3.3 IOSTANDARD=LVCMOS33 DRIVE=8 SLEW=SLOW NONE=TRUE
Executing : def_port {es7243_sda} LOC=AB10 VCCIO=3.3 IOSTANDARD=LVCMOS33 DRIVE=8 SLEW=SLOW NONE=TRUE successfully
Executing : def_port {es8156_sda} LOC=AB8 VCCIO=3.3 IOSTANDARD=LVCMOS33 DRIVE=8 SLEW=SLOW NONE=TRUE
Executing : def_port {es8156_sda} LOC=AB8 VCCIO=3.3 IOSTANDARD=LVCMOS33 DRIVE=8 SLEW=SLOW NONE=TRUE successfully
Executing : def_port {iic_sda} LOC=V20 VCCIO=3.3 IOSTANDARD=LVCMOS33 DRIVE=8 SLEW=FAST NONE=TRUE
C: ConstraintEditor-2002: [C:/Users/mjh/Desktop/final_competition/Pango_magicbox/pnr/example_design/device_map/top.pcf(line number: 5)] | Port iic_sda has been placed at location V20, whose type is share pin.
Executing : def_port {iic_sda} LOC=V20 VCCIO=3.3 IOSTANDARD=LVCMOS33 DRIVE=8 SLEW=FAST NONE=TRUE successfully
Executing : def_port {iic_tx_sda} LOC=P18 VCCIO=3.3 IOSTANDARD=LVCMOS33 DRIVE=8 SLEW=FAST NONE=TRUE
Executing : def_port {iic_tx_sda} LOC=P18 VCCIO=3.3 IOSTANDARD=LVCMOS33 DRIVE=8 SLEW=FAST NONE=TRUE successfully
Executing : def_port {b_out[0]} LOC=V21 VCCIO=3.3 IOSTANDARD=LVCMOS33 DRIVE=8 SLEW=FAST NONE=TRUE
Executing : def_port {b_out[0]} LOC=V21 VCCIO=3.3 IOSTANDARD=LVCMOS33 DRIVE=8 SLEW=FAST NONE=TRUE successfully
Executing : def_port {b_out[1]} LOC=V22 VCCIO=3.3 IOSTANDARD=LVCMOS33 DRIVE=8 SLEW=FAST NONE=TRUE
Executing : def_port {b_out[1]} LOC=V22 VCCIO=3.3 IOSTANDARD=LVCMOS33 DRIVE=8 SLEW=FAST NONE=TRUE successfully
Executing : def_port {b_out[2]} LOC=T21 VCCIO=3.3 IOSTANDARD=LVCMOS33 DRIVE=8 SLEW=FAST NONE=TRUE
C: ConstraintEditor-2002: [C:/Users/mjh/Desktop/final_competition/Pango_magicbox/pnr/example_design/device_map/top.pcf(line number: 9)] | Port b_out[2] has been placed at location T21, whose type is share pin.
Executing : def_port {b_out[2]} LOC=T21 VCCIO=3.3 IOSTANDARD=LVCMOS33 DRIVE=8 SLEW=FAST NONE=TRUE successfully
Executing : def_port {b_out[3]} LOC=T22 VCCIO=3.3 IOSTANDARD=LVCMOS33 DRIVE=8 SLEW=FAST NONE=TRUE
Executing : def_port {b_out[3]} LOC=T22 VCCIO=3.3 IOSTANDARD=LVCMOS33 DRIVE=8 SLEW=FAST NONE=TRUE successfully
Executing : def_port {b_out[4]} LOC=R20 VCCIO=3.3 IOSTANDARD=LVCMOS33 DRIVE=8 SLEW=FAST NONE=TRUE
C: ConstraintEditor-2002: [C:/Users/mjh/Desktop/final_competition/Pango_magicbox/pnr/example_design/device_map/top.pcf(line number: 11)] | Port b_out[4] has been placed at location R20, whose type is share pin.
Executing : def_port {b_out[4]} LOC=R20 VCCIO=3.3 IOSTANDARD=LVCMOS33 DRIVE=8 SLEW=FAST NONE=TRUE successfully
Executing : def_port {b_out[5]} LOC=R22 VCCIO=3.3 IOSTANDARD=LVCMOS33 DRIVE=8 SLEW=FAST NONE=TRUE
C: ConstraintEditor-2002: [C:/Users/mjh/Desktop/final_competition/Pango_magicbox/pnr/example_design/device_map/top.pcf(line number: 12)] | Port b_out[5] has been placed at location R22, whose type is share pin.
Executing : def_port {b_out[5]} LOC=R22 VCCIO=3.3 IOSTANDARD=LVCMOS33 DRIVE=8 SLEW=FAST NONE=TRUE successfully
Executing : def_port {b_out[6]} LOC=R19 VCCIO=3.3 IOSTANDARD=LVCMOS33 DRIVE=8 SLEW=FAST NONE=TRUE
Executing : def_port {b_out[6]} LOC=R19 VCCIO=3.3 IOSTANDARD=LVCMOS33 DRIVE=8 SLEW=FAST NONE=TRUE successfully
Executing : def_port {b_out[7]} LOC=P19 VCCIO=3.3 IOSTANDARD=LVCMOS33 DRIVE=8 SLEW=FAST NONE=TRUE
Executing : def_port {b_out[7]} LOC=P19 VCCIO=3.3 IOSTANDARD=LVCMOS33 DRIVE=8 SLEW=FAST NONE=TRUE successfully
Executing : def_port {de_out} LOC=Y22 VCCIO=3.3 IOSTANDARD=LVCMOS33 DRIVE=8 SLEW=FAST NONE=TRUE
Executing : def_port {de_out} LOC=Y22 VCCIO=3.3 IOSTANDARD=LVCMOS33 DRIVE=8 SLEW=FAST NONE=TRUE successfully
Executing : def_port {es0_mclk} LOC=V11 VCCIO=3.3 IOSTANDARD=LVCMOS33 DRIVE=8 SLEW=SLOW NONE=TRUE
Executing : def_port {es0_mclk} LOC=V11 VCCIO=3.3 IOSTANDARD=LVCMOS33 DRIVE=8 SLEW=SLOW NONE=TRUE successfully
Executing : def_port {es1_mclk} LOC=Y6 VCCIO=3.3 IOSTANDARD=LVCMOS33 DRIVE=8 SLEW=SLOW NONE=TRUE
Executing : def_port {es1_mclk} LOC=Y6 VCCIO=3.3 IOSTANDARD=LVCMOS33 DRIVE=8 SLEW=SLOW NONE=TRUE successfully
Executing : def_port {es1_sdout} LOC=AB5 VCCIO=3.3 IOSTANDARD=LVCMOS33 DRIVE=8 SLEW=SLOW NONE=TRUE
C: ConstraintEditor-2002: [C:/Users/mjh/Desktop/final_competition/Pango_magicbox/pnr/example_design/device_map/top.pcf(line number: 18)] | Port es1_sdout has been placed at location AB5, whose type is share pin.
Executing : def_port {es1_sdout} LOC=AB5 VCCIO=3.3 IOSTANDARD=LVCMOS33 DRIVE=8 SLEW=SLOW NONE=TRUE successfully
Executing : def_port {es7243_scl} LOC=AA10 VCCIO=3.3 IOSTANDARD=LVCMOS33 DRIVE=8 SLEW=SLOW NONE=TRUE
Executing : def_port {es7243_scl} LOC=AA10 VCCIO=3.3 IOSTANDARD=LVCMOS33 DRIVE=8 SLEW=SLOW NONE=TRUE successfully
Executing : def_port {es8156_scl} LOC=AA8 VCCIO=3.3 IOSTANDARD=LVCMOS33 DRIVE=8 SLEW=SLOW NONE=TRUE
Executing : def_port {es8156_scl} LOC=AA8 VCCIO=3.3 IOSTANDARD=LVCMOS33 DRIVE=8 SLEW=SLOW NONE=TRUE successfully
Executing : def_port {g_out[0]} LOC=M21 VCCIO=3.3 IOSTANDARD=LVCMOS33 DRIVE=8 SLEW=FAST NONE=TRUE
C: ConstraintEditor-2002: [C:/Users/mjh/Desktop/final_competition/Pango_magicbox/pnr/example_design/device_map/top.pcf(line number: 21)] | Port g_out[0] has been placed at location M21, whose type is share pin.
Executing : def_port {g_out[0]} LOC=M21 VCCIO=3.3 IOSTANDARD=LVCMOS33 DRIVE=8 SLEW=FAST NONE=TRUE successfully
Executing : def_port {g_out[1]} LOC=M17 VCCIO=3.3 IOSTANDARD=LVCMOS33 DRIVE=8 SLEW=FAST NONE=TRUE
Executing : def_port {g_out[1]} LOC=M17 VCCIO=3.3 IOSTANDARD=LVCMOS33 DRIVE=8 SLEW=FAST NONE=TRUE successfully
Executing : def_port {g_out[2]} LOC=M18 VCCIO=3.3 IOSTANDARD=LVCMOS33 DRIVE=8 SLEW=FAST NONE=TRUE
Executing : def_port {g_out[2]} LOC=M18 VCCIO=3.3 IOSTANDARD=LVCMOS33 DRIVE=8 SLEW=FAST NONE=TRUE successfully
Executing : def_port {g_out[3]} LOC=M16 VCCIO=3.3 IOSTANDARD=LVCMOS33 DRIVE=8 SLEW=FAST NONE=TRUE
Executing : def_port {g_out[3]} LOC=M16 VCCIO=3.3 IOSTANDARD=LVCMOS33 DRIVE=8 SLEW=FAST NONE=TRUE successfully
Executing : def_port {g_out[4]} LOC=N15 VCCIO=3.3 IOSTANDARD=LVCMOS33 DRIVE=8 SLEW=FAST NONE=TRUE
Executing : def_port {g_out[4]} LOC=N15 VCCIO=3.3 IOSTANDARD=LVCMOS33 DRIVE=8 SLEW=FAST NONE=TRUE successfully
Executing : def_port {g_out[5]} LOC=L19 VCCIO=3.3 IOSTANDARD=LVCMOS33 DRIVE=8 SLEW=FAST NONE=TRUE
C: ConstraintEditor-2002: [C:/Users/mjh/Desktop/final_competition/Pango_magicbox/pnr/example_design/device_map/top.pcf(line number: 26)] | Port g_out[5] has been placed at location L19, whose type is share pin.
Executing : def_port {g_out[5]} LOC=L19 VCCIO=3.3 IOSTANDARD=LVCMOS33 DRIVE=8 SLEW=FAST NONE=TRUE successfully
Executing : def_port {g_out[6]} LOC=K20 VCCIO=3.3 IOSTANDARD=LVCMOS33 DRIVE=8 SLEW=FAST NONE=TRUE
C: ConstraintEditor-2002: [C:/Users/mjh/Desktop/final_competition/Pango_magicbox/pnr/example_design/device_map/top.pcf(line number: 27)] | Port g_out[6] has been placed at location K20, whose type is share pin.
Executing : def_port {g_out[6]} LOC=K20 VCCIO=3.3 IOSTANDARD=LVCMOS33 DRIVE=8 SLEW=FAST NONE=TRUE successfully
Executing : def_port {g_out[7]} LOC=L17 VCCIO=3.3 IOSTANDARD=LVCMOS33 DRIVE=8 SLEW=FAST NONE=TRUE
C: ConstraintEditor-2002: [C:/Users/mjh/Desktop/final_competition/Pango_magicbox/pnr/example_design/device_map/top.pcf(line number: 28)] | Port g_out[7] has been placed at location L17, whose type is share pin.
Executing : def_port {g_out[7]} LOC=L17 VCCIO=3.3 IOSTANDARD=LVCMOS33 DRIVE=8 SLEW=FAST NONE=TRUE successfully
Executing : def_port {hs_out} LOC=Y21 VCCIO=3.3 IOSTANDARD=LVCMOS33 DRIVE=8 SLEW=FAST NONE=TRUE
Executing : def_port {hs_out} LOC=Y21 VCCIO=3.3 IOSTANDARD=LVCMOS33 DRIVE=8 SLEW=FAST NONE=TRUE successfully
Executing : def_port {iic_scl} LOC=V19 VCCIO=3.3 IOSTANDARD=LVCMOS33 DRIVE=8 SLEW=FAST NONE=TRUE
C: ConstraintEditor-2002: [C:/Users/mjh/Desktop/final_competition/Pango_magicbox/pnr/example_design/device_map/top.pcf(line number: 30)] | Port iic_scl has been placed at location V19, whose type is share pin.
Executing : def_port {iic_scl} LOC=V19 VCCIO=3.3 IOSTANDARD=LVCMOS33 DRIVE=8 SLEW=FAST NONE=TRUE successfully
Executing : def_port {iic_tx_scl} LOC=P17 VCCIO=3.3 IOSTANDARD=LVCMOS33 DRIVE=8 SLEW=FAST NONE=TRUE
Executing : def_port {iic_tx_scl} LOC=P17 VCCIO=3.3 IOSTANDARD=LVCMOS33 DRIVE=8 SLEW=FAST NONE=TRUE successfully
Executing : def_port {led[0]} LOC=B2 VCCIO=3.3 IOSTANDARD=LVCMOS33 DRIVE=8 SLEW=SLOW NONE=TRUE
Executing : def_port {led[0]} LOC=B2 VCCIO=3.3 IOSTANDARD=LVCMOS33 DRIVE=8 SLEW=SLOW NONE=TRUE successfully
Executing : def_port {led[1]} LOC=A2 VCCIO=3.3 IOSTANDARD=LVCMOS33 DRIVE=8 SLEW=SLOW NONE=TRUE
Executing : def_port {led[1]} LOC=A2 VCCIO=3.3 IOSTANDARD=LVCMOS33 DRIVE=8 SLEW=SLOW NONE=TRUE successfully
Executing : def_port {led[2]} LOC=B3 VCCIO=3.3 IOSTANDARD=LVCMOS33 DRIVE=8 SLEW=SLOW NONE=TRUE
Executing : def_port {led[2]} LOC=B3 VCCIO=3.3 IOSTANDARD=LVCMOS33 DRIVE=8 SLEW=SLOW NONE=TRUE successfully
Executing : def_port {led[3]} LOC=A3 VCCIO=3.3 IOSTANDARD=LVCMOS33 DRIVE=8 SLEW=SLOW NONE=TRUE
Executing : def_port {led[3]} LOC=A3 VCCIO=3.3 IOSTANDARD=LVCMOS33 DRIVE=8 SLEW=SLOW NONE=TRUE successfully
Executing : def_port {led[4]} LOC=C5 VCCIO=3.3 IOSTANDARD=LVCMOS33 DRIVE=8 SLEW=SLOW NONE=TRUE
Executing : def_port {led[4]} LOC=C5 VCCIO=3.3 IOSTANDARD=LVCMOS33 DRIVE=8 SLEW=SLOW NONE=TRUE successfully
Executing : def_port {led[5]} LOC=A5 VCCIO=3.3 IOSTANDARD=LVCMOS33 DRIVE=8 SLEW=SLOW NONE=TRUE
Executing : def_port {led[5]} LOC=A5 VCCIO=3.3 IOSTANDARD=LVCMOS33 DRIVE=8 SLEW=SLOW NONE=TRUE successfully
Executing : def_port {led[6]} LOC=F7 VCCIO=3.3 IOSTANDARD=LVCMOS33 DRIVE=8 SLEW=SLOW NONE=TRUE
Executing : def_port {led[6]} LOC=F7 VCCIO=3.3 IOSTANDARD=LVCMOS33 DRIVE=8 SLEW=SLOW NONE=TRUE successfully
Executing : def_port {led[7]} LOC=F8 VCCIO=3.3 IOSTANDARD=LVCMOS33 DRIVE=8 SLEW=SLOW NONE=TRUE
Executing : def_port {led[7]} LOC=F8 VCCIO=3.3 IOSTANDARD=LVCMOS33 DRIVE=8 SLEW=SLOW NONE=TRUE successfully
Executing : def_port {phy_rstn} LOC=B20 VCCIO=3.3 IOSTANDARD=LVCMOS33 DRIVE=4 SLEW=FAST NONE=TRUE
C: ConstraintEditor-2002: [C:/Users/mjh/Desktop/final_competition/Pango_magicbox/pnr/example_design/device_map/top.pcf(line number: 40)] | Port phy_rstn has been placed at location B20, whose type is share pin.
Executing : def_port {phy_rstn} LOC=B20 VCCIO=3.3 IOSTANDARD=LVCMOS33 DRIVE=4 SLEW=FAST NONE=TRUE successfully
Executing : def_port {pixclk_out} LOC=M22 VCCIO=3.3 IOSTANDARD=LVCMOS33 DRIVE=8 SLEW=FAST NONE=TRUE
C: ConstraintEditor-2002: [C:/Users/mjh/Desktop/final_competition/Pango_magicbox/pnr/example_design/device_map/top.pcf(line number: 41)] | Port pixclk_out has been placed at location M22, whose type is share pin.
Executing : def_port {pixclk_out} LOC=M22 VCCIO=3.3 IOSTANDARD=LVCMOS33 DRIVE=8 SLEW=FAST NONE=TRUE successfully
Executing : def_port {r_out[0]} LOC=K17 VCCIO=3.3 IOSTANDARD=LVCMOS33 DRIVE=8 SLEW=FAST NONE=TRUE
C: ConstraintEditor-2002: [C:/Users/mjh/Desktop/final_competition/Pango_magicbox/pnr/example_design/device_map/top.pcf(line number: 42)] | Port r_out[0] has been placed at location K17, whose type is share pin.
Executing : def_port {r_out[0]} LOC=K17 VCCIO=3.3 IOSTANDARD=LVCMOS33 DRIVE=8 SLEW=FAST NONE=TRUE successfully
Executing : def_port {r_out[1]} LOC=N19 VCCIO=3.3 IOSTANDARD=LVCMOS33 DRIVE=8 SLEW=FAST NONE=TRUE
Executing : def_port {r_out[1]} LOC=N19 VCCIO=3.3 IOSTANDARD=LVCMOS33 DRIVE=8 SLEW=FAST NONE=TRUE successfully
Executing : def_port {r_out[2]} LOC=J22 VCCIO=3.3 IOSTANDARD=LVCMOS33 DRIVE=8 SLEW=FAST NONE=TRUE
Executing : def_port {r_out[2]} LOC=J22 VCCIO=3.3 IOSTANDARD=LVCMOS33 DRIVE=8 SLEW=FAST NONE=TRUE successfully
Executing : def_port {r_out[3]} LOC=J20 VCCIO=3.3 IOSTANDARD=LVCMOS33 DRIVE=8 SLEW=FAST NONE=TRUE
Executing : def_port {r_out[3]} LOC=J20 VCCIO=3.3 IOSTANDARD=LVCMOS33 DRIVE=8 SLEW=FAST NONE=TRUE successfully
Executing : def_port {r_out[4]} LOC=K22 VCCIO=3.3 IOSTANDARD=LVCMOS33 DRIVE=8 SLEW=FAST NONE=TRUE
Executing : def_port {r_out[4]} LOC=K22 VCCIO=3.3 IOSTANDARD=LVCMOS33 DRIVE=8 SLEW=FAST NONE=TRUE successfully
Executing : def_port {r_out[5]} LOC=H21 VCCIO=3.3 IOSTANDARD=LVCMOS33 DRIVE=8 SLEW=FAST NONE=TRUE
C: ConstraintEditor-2002: [C:/Users/mjh/Desktop/final_competition/Pango_magicbox/pnr/example_design/device_map/top.pcf(line number: 47)] | Port r_out[5] has been placed at location H21, whose type is share pin.
Executing : def_port {r_out[5]} LOC=H21 VCCIO=3.3 IOSTANDARD=LVCMOS33 DRIVE=8 SLEW=FAST NONE=TRUE successfully
Executing : def_port {r_out[6]} LOC=H22 VCCIO=3.3 IOSTANDARD=LVCMOS33 DRIVE=8 SLEW=FAST NONE=TRUE
C: ConstraintEditor-2002: [C:/Users/mjh/Desktop/final_competition/Pango_magicbox/pnr/example_design/device_map/top.pcf(line number: 48)] | Port r_out[6] has been placed at location H22, whose type is share pin.
Executing : def_port {r_out[6]} LOC=H22 VCCIO=3.3 IOSTANDARD=LVCMOS33 DRIVE=8 SLEW=FAST NONE=TRUE successfully
Executing : def_port {r_out[7]} LOC=H19 VCCIO=3.3 IOSTANDARD=LVCMOS33 DRIVE=8 SLEW=FAST NONE=TRUE
C: ConstraintEditor-2002: [C:/Users/mjh/Desktop/final_competition/Pango_magicbox/pnr/example_design/device_map/top.pcf(line number: 49)] | Port r_out[7] has been placed at location H19, whose type is share pin.
Executing : def_port {r_out[7]} LOC=H19 VCCIO=3.3 IOSTANDARD=LVCMOS33 DRIVE=8 SLEW=FAST NONE=TRUE successfully
Executing : def_port {rgmii_tx_ctl} LOC=B18 VCCIO=3.3 IOSTANDARD=LVCMOS33 DRIVE=4 SLEW=FAST NONE=TRUE
C: ConstraintEditor-2002: [C:/Users/mjh/Desktop/final_competition/Pango_magicbox/pnr/example_design/device_map/top.pcf(line number: 50)] | Port rgmii_tx_ctl has been placed at location B18, whose type is share pin.
Executing : def_port {rgmii_tx_ctl} LOC=B18 VCCIO=3.3 IOSTANDARD=LVCMOS33 DRIVE=4 SLEW=FAST NONE=TRUE successfully
Executing : def_port {rgmii_txc} LOC=G16 VCCIO=3.3 IOSTANDARD=LVCMOS33 DRIVE=4 SLEW=FAST NONE=TRUE
Executing : def_port {rgmii_txc} LOC=G16 VCCIO=3.3 IOSTANDARD=LVCMOS33 DRIVE=4 SLEW=FAST NONE=TRUE successfully
Executing : def_port {rgmii_txd[0]} LOC=F17 VCCIO=3.3 IOSTANDARD=LVCMOS33 DRIVE=4 SLEW=FAST NONE=TRUE
Executing : def_port {rgmii_txd[0]} LOC=F17 VCCIO=3.3 IOSTANDARD=LVCMOS33 DRIVE=4 SLEW=FAST NONE=TRUE successfully
Executing : def_port {rgmii_txd[1]} LOC=D17 VCCIO=3.3 IOSTANDARD=LVCMOS33 DRIVE=4 SLEW=FAST NONE=TRUE
C: ConstraintEditor-2002: [C:/Users/mjh/Desktop/final_competition/Pango_magicbox/pnr/example_design/device_map/top.pcf(line number: 53)] | Port rgmii_txd[1] has been placed at location D17, whose type is share pin.
Executing : def_port {rgmii_txd[1]} LOC=D17 VCCIO=3.3 IOSTANDARD=LVCMOS33 DRIVE=4 SLEW=FAST NONE=TRUE successfully
Executing : def_port {rgmii_txd[2]} LOC=C18 VCCIO=3.3 IOSTANDARD=LVCMOS33 DRIVE=4 SLEW=FAST NONE=TRUE
C: ConstraintEditor-2002: [C:/Users/mjh/Desktop/final_competition/Pango_magicbox/pnr/example_design/device_map/top.pcf(line number: 54)] | Port rgmii_txd[2] has been placed at location C18, whose type is share pin.
Executing : def_port {rgmii_txd[2]} LOC=C18 VCCIO=3.3 IOSTANDARD=LVCMOS33 DRIVE=4 SLEW=FAST NONE=TRUE successfully
Executing : def_port {rgmii_txd[3]} LOC=A18 VCCIO=3.3 IOSTANDARD=LVCMOS33 DRIVE=4 SLEW=FAST NONE=TRUE
C: ConstraintEditor-2002: [C:/Users/mjh/Desktop/final_competition/Pango_magicbox/pnr/example_design/device_map/top.pcf(line number: 55)] | Port rgmii_txd[3] has been placed at location A18, whose type is share pin.
Executing : def_port {rgmii_txd[3]} LOC=A18 VCCIO=3.3 IOSTANDARD=LVCMOS33 DRIVE=4 SLEW=FAST NONE=TRUE successfully
Executing : def_port {rstn_out_hdmi} LOC=R17 VCCIO=3.3 IOSTANDARD=LVCMOS33 DRIVE=8 SLEW=FAST NONE=TRUE
Executing : def_port {rstn_out_hdmi} LOC=R17 VCCIO=3.3 IOSTANDARD=LVCMOS33 DRIVE=8 SLEW=FAST NONE=TRUE successfully
Executing : def_port {uart_tx} LOC=R9 VCCIO=3.3 IOSTANDARD=LVCMOS33 DRIVE=8 SLEW=SLOW NONE=TRUE
Executing : def_port {uart_tx} LOC=R9 VCCIO=3.3 IOSTANDARD=LVCMOS33 DRIVE=8 SLEW=SLOW NONE=TRUE successfully
Executing : def_port {vs_out} LOC=W20 VCCIO=3.3 IOSTANDARD=LVCMOS33 DRIVE=8 SLEW=FAST NONE=TRUE
Executing : def_port {vs_out} LOC=W20 VCCIO=3.3 IOSTANDARD=LVCMOS33 DRIVE=8 SLEW=FAST NONE=TRUE successfully
Executing : def_port {b_in[0]} LOC=U14 VCCIO=3.3 IOSTANDARD=LVCMOS33 NONE=TRUE
Executing : def_port {b_in[0]} LOC=U14 VCCIO=3.3 IOSTANDARD=LVCMOS33 NONE=TRUE successfully
Executing : def_port {b_in[1]} LOC=U15 VCCIO=3.3 IOSTANDARD=LVCMOS33 NONE=TRUE
Executing : def_port {b_in[1]} LOC=U15 VCCIO=3.3 IOSTANDARD=LVCMOS33 NONE=TRUE successfully
Executing : def_port {b_in[2]} LOC=T15 VCCIO=3.3 IOSTANDARD=LVCMOS33 NONE=TRUE
Executing : def_port {b_in[2]} LOC=T15 VCCIO=3.3 IOSTANDARD=LVCMOS33 NONE=TRUE successfully
Executing : def_port {b_in[3]} LOC=W15 VCCIO=3.3 IOSTANDARD=LVCMOS33 NONE=TRUE
Executing : def_port {b_in[3]} LOC=W15 VCCIO=3.3 IOSTANDARD=LVCMOS33 NONE=TRUE successfully
Executing : def_port {b_in[4]} LOC=Y16 VCCIO=3.3 IOSTANDARD=LVCMOS33 NONE=TRUE
Executing : def_port {b_in[4]} LOC=Y16 VCCIO=3.3 IOSTANDARD=LVCMOS33 NONE=TRUE successfully
Executing : def_port {b_in[5]} LOC=AB16 VCCIO=3.3 IOSTANDARD=LVCMOS33 NONE=TRUE
Executing : def_port {b_in[5]} LOC=AB16 VCCIO=3.3 IOSTANDARD=LVCMOS33 NONE=TRUE successfully
Executing : def_port {b_in[6]} LOC=AA16 VCCIO=3.3 IOSTANDARD=LVCMOS33 NONE=TRUE
Executing : def_port {b_in[6]} LOC=AA16 VCCIO=3.3 IOSTANDARD=LVCMOS33 NONE=TRUE successfully
Executing : def_port {b_in[7]} LOC=AB17 VCCIO=3.3 IOSTANDARD=LVCMOS33 NONE=TRUE
Executing : def_port {b_in[7]} LOC=AB17 VCCIO=3.3 IOSTANDARD=LVCMOS33 NONE=TRUE successfully
Executing : def_port {de_in} LOC=U13 VCCIO=3.3 IOSTANDARD=LVCMOS33 NONE=TRUE
Executing : def_port {de_in} LOC=U13 VCCIO=3.3 IOSTANDARD=LVCMOS33 NONE=TRUE successfully
Executing : def_port {es0_alrck} LOC=AB11 VCCIO=3.3 IOSTANDARD=LVCMOS33 NONE=TRUE
Executing : def_port {es0_alrck} LOC=AB11 VCCIO=3.3 IOSTANDARD=LVCMOS33 NONE=TRUE successfully
Executing : def_port {es0_dsclk} LOC=Y11 VCCIO=3.3 IOSTANDARD=LVCMOS33 NONE=TRUE
Executing : def_port {es0_dsclk} LOC=Y11 VCCIO=3.3 IOSTANDARD=LVCMOS33 NONE=TRUE successfully
Executing : def_port {es0_sdin} LOC=W11 VCCIO=3.3 IOSTANDARD=LVCMOS33 NONE=TRUE
Executing : def_port {es0_sdin} LOC=W11 VCCIO=3.3 IOSTANDARD=LVCMOS33 NONE=TRUE successfully
Executing : def_port {es1_dlrc} LOC=Y5 VCCIO=3.3 IOSTANDARD=LVCMOS33 NONE=TRUE
C: ConstraintEditor-2002: [C:/Users/mjh/Desktop/final_competition/Pango_magicbox/pnr/example_design/device_map/top.pcf(line number: 71)] | Port es1_dlrc has been placed at location Y5, whose type is share pin.
Executing : def_port {es1_dlrc} LOC=Y5 VCCIO=3.3 IOSTANDARD=LVCMOS33 NONE=TRUE successfully
Executing : def_port {es1_dsclk} LOC=W6 VCCIO=3.3 IOSTANDARD=LVCMOS33 NONE=TRUE
Executing : def_port {es1_dsclk} LOC=W6 VCCIO=3.3 IOSTANDARD=LVCMOS33 NONE=TRUE successfully
Executing : def_port {es1_sdin} LOC=W8 VCCIO=3.3 IOSTANDARD=LVCMOS33 NONE=TRUE
C: ConstraintEditor-2001: [C:/Users/mjh/Desktop/final_competition/Pango_magicbox/pnr/example_design/device_map/top.pcf(line number: 73)] Object 'es1_sdin' is dangling, which has no connection. it will be ignored.
Executing : def_port {es1_sdin} LOC=W8 VCCIO=3.3 IOSTANDARD=LVCMOS33 NONE=TRUE failed
Executing : def_port {g_in[0]} LOC=Y17 VCCIO=3.3 IOSTANDARD=LVCMOS33 NONE=TRUE
Executing : def_port {g_in[0]} LOC=Y17 VCCIO=3.3 IOSTANDARD=LVCMOS33 NONE=TRUE successfully
Executing : def_port {g_in[1]} LOC=V17 VCCIO=3.3 IOSTANDARD=LVCMOS33 NONE=TRUE
C: ConstraintEditor-2002: [C:/Users/mjh/Desktop/final_competition/Pango_magicbox/pnr/example_design/device_map/top.pcf(line number: 75)] | Port g_in[1] has been placed at location V17, whose type is share pin.
Executing : def_port {g_in[1]} LOC=V17 VCCIO=3.3 IOSTANDARD=LVCMOS33 NONE=TRUE successfully
Executing : def_port {g_in[2]} LOC=W18 VCCIO=3.3 IOSTANDARD=LVCMOS33 NONE=TRUE
C: ConstraintEditor-2002: [C:/Users/mjh/Desktop/final_competition/Pango_magicbox/pnr/example_design/device_map/top.pcf(line number: 76)] | Port g_in[2] has been placed at location W18, whose type is share pin.
Executing : def_port {g_in[2]} LOC=W18 VCCIO=3.3 IOSTANDARD=LVCMOS33 NONE=TRUE successfully
Executing : def_port {g_in[3]} LOC=AB19 VCCIO=3.3 IOSTANDARD=LVCMOS33 NONE=TRUE
C: ConstraintEditor-2002: [C:/Users/mjh/Desktop/final_competition/Pango_magicbox/pnr/example_design/device_map/top.pcf(line number: 77)] | Port g_in[3] has been placed at location AB19, whose type is share pin.
Executing : def_port {g_in[3]} LOC=AB19 VCCIO=3.3 IOSTANDARD=LVCMOS33 NONE=TRUE successfully
Executing : def_port {g_in[4]} LOC=AA18 VCCIO=3.3 IOSTANDARD=LVCMOS33 NONE=TRUE
C: ConstraintEditor-2002: [C:/Users/mjh/Desktop/final_competition/Pango_magicbox/pnr/example_design/device_map/top.pcf(line number: 78)] | Port g_in[4] has been placed at location AA18, whose type is share pin.
Executing : def_port {g_in[4]} LOC=AA18 VCCIO=3.3 IOSTANDARD=LVCMOS33 NONE=TRUE successfully
Executing : def_port {g_in[5]} LOC=AB18 VCCIO=3.3 IOSTANDARD=LVCMOS33 NONE=TRUE
C: ConstraintEditor-2002: [C:/Users/mjh/Desktop/final_competition/Pango_magicbox/pnr/example_design/device_map/top.pcf(line number: 79)] | Port g_in[5] has been placed at location AB18, whose type is share pin.
Executing : def_port {g_in[5]} LOC=AB18 VCCIO=3.3 IOSTANDARD=LVCMOS33 NONE=TRUE successfully
Executing : def_port {g_in[6]} LOC=Y18 VCCIO=3.3 IOSTANDARD=LVCMOS33 NONE=TRUE
Executing : def_port {g_in[6]} LOC=Y18 VCCIO=3.3 IOSTANDARD=LVCMOS33 NONE=TRUE successfully
Executing : def_port {g_in[7]} LOC=W17 VCCIO=3.3 IOSTANDARD=LVCMOS33 NONE=TRUE
Executing : def_port {g_in[7]} LOC=W17 VCCIO=3.3 IOSTANDARD=LVCMOS33 NONE=TRUE successfully
Executing : def_port {hs_in} LOC=V13 VCCIO=3.3 IOSTANDARD=LVCMOS33 NONE=TRUE
Executing : def_port {hs_in} LOC=V13 VCCIO=3.3 IOSTANDARD=LVCMOS33 NONE=TRUE successfully
Executing : def_port {keys[0]} LOC=K18 VCCIO=3.3 IOSTANDARD=LVCMOS33 NONE=TRUE
C: ConstraintEditor-2002: [C:/Users/mjh/Desktop/final_competition/Pango_magicbox/pnr/example_design/device_map/top.pcf(line number: 83)] | Port keys[0] has been placed at location K18, whose type is share pin.
Executing : def_port {keys[0]} LOC=K18 VCCIO=3.3 IOSTANDARD=LVCMOS33 NONE=TRUE successfully
Executing : def_port {keys[1]} LOC=L15 VCCIO=3.3 IOSTANDARD=LVCMOS33 NONE=TRUE
Executing : def_port {keys[1]} LOC=L15 VCCIO=3.3 IOSTANDARD=LVCMOS33 NONE=TRUE successfully
Executing : def_port {keys[2]} LOC=J17 VCCIO=3.3 IOSTANDARD=LVCMOS33 NONE=TRUE
Executing : def_port {keys[2]} LOC=J17 VCCIO=3.3 IOSTANDARD=LVCMOS33 NONE=TRUE successfully
Executing : def_port {keys[3]} LOC=K16 VCCIO=3.3 IOSTANDARD=LVCMOS33 NONE=TRUE
Executing : def_port {keys[3]} LOC=K16 VCCIO=3.3 IOSTANDARD=LVCMOS33 NONE=TRUE successfully
Executing : def_port {keys[4]} LOC=J16 VCCIO=3.3 IOSTANDARD=LVCMOS33 NONE=TRUE
Executing : def_port {keys[4]} LOC=J16 VCCIO=3.3 IOSTANDARD=LVCMOS33 NONE=TRUE successfully
Executing : def_port {keys[5]} LOC=J19 VCCIO=3.3 IOSTANDARD=LVCMOS33 NONE=TRUE
C: ConstraintEditor-2001: [C:/Users/mjh/Desktop/final_competition/Pango_magicbox/pnr/example_design/device_map/top.pcf(line number: 88)] Object 'keys[5]' is dangling, which has no connection. it will be ignored.
Executing : def_port {keys[5]} LOC=J19 VCCIO=3.3 IOSTANDARD=LVCMOS33 NONE=TRUE failed
Executing : def_port {keys[6]} LOC=H20 VCCIO=3.3 IOSTANDARD=LVCMOS33 NONE=TRUE
C: ConstraintEditor-2002: [C:/Users/mjh/Desktop/final_competition/Pango_magicbox/pnr/example_design/device_map/top.pcf(line number: 89)] | Port keys[6] has been placed at location H20, whose type is share pin.
Executing : def_port {keys[6]} LOC=H20 VCCIO=3.3 IOSTANDARD=LVCMOS33 NONE=TRUE successfully
Executing : def_port {keys[7]} LOC=H17 VCCIO=3.3 IOSTANDARD=LVCMOS33 NONE=TRUE
Executing : def_port {keys[7]} LOC=H17 VCCIO=3.3 IOSTANDARD=LVCMOS33 NONE=TRUE successfully
Executing : def_port {lin_test} LOC=Y13 VCCIO=3.3 IOSTANDARD=LVCMOS33 NONE=TRUE
C: ConstraintEditor-2001: [C:/Users/mjh/Desktop/final_competition/Pango_magicbox/pnr/example_design/device_map/top.pcf(line number: 91)] Object 'lin_test' is dangling, which has no connection. it will be ignored.
Executing : def_port {lin_test} LOC=Y13 VCCIO=3.3 IOSTANDARD=LVCMOS33 NONE=TRUE failed
Executing : def_port {lout_test} LOC=V7 VCCIO=3.3 IOSTANDARD=LVCMOS33 NONE=TRUE
C: ConstraintEditor-2001: [C:/Users/mjh/Desktop/final_competition/Pango_magicbox/pnr/example_design/device_map/top.pcf(line number: 92)] Object 'lout_test' is dangling, which has no connection. it will be ignored.
Executing : def_port {lout_test} LOC=V7 VCCIO=3.3 IOSTANDARD=LVCMOS33 NONE=TRUE failed
Executing : def_port {pixclk_in} LOC=AA12 VCCIO=3.3 IOSTANDARD=LVCMOS33 NONE=TRUE
C: ConstraintEditor-2002: [C:/Users/mjh/Desktop/final_competition/Pango_magicbox/pnr/example_design/device_map/top.pcf(line number: 93)] | Port pixclk_in has been placed at location AA12, whose type is share pin.
Executing : def_port {pixclk_in} LOC=AA12 VCCIO=3.3 IOSTANDARD=LVCMOS33 NONE=TRUE successfully
Executing : def_port {r_in[0]} LOC=Y15 VCCIO=3.3 IOSTANDARD=LVCMOS33 NONE=TRUE
Executing : def_port {r_in[0]} LOC=Y15 VCCIO=3.3 IOSTANDARD=LVCMOS33 NONE=TRUE successfully
Executing : def_port {r_in[1]} LOC=AB15 VCCIO=3.3 IOSTANDARD=LVCMOS33 NONE=TRUE
Executing : def_port {r_in[1]} LOC=AB15 VCCIO=3.3 IOSTANDARD=LVCMOS33 NONE=TRUE successfully
Executing : def_port {r_in[2]} LOC=U16 VCCIO=3.3 IOSTANDARD=LVCMOS33 NONE=TRUE
Executing : def_port {r_in[2]} LOC=U16 VCCIO=3.3 IOSTANDARD=LVCMOS33 NONE=TRUE successfully
Executing : def_port {r_in[3]} LOC=V15 VCCIO=3.3 IOSTANDARD=LVCMOS33 NONE=TRUE
Executing : def_port {r_in[3]} LOC=V15 VCCIO=3.3 IOSTANDARD=LVCMOS33 NONE=TRUE successfully
Executing : def_port {r_in[4]} LOC=AA14 VCCIO=3.3 IOSTANDARD=LVCMOS33 NONE=TRUE
Executing : def_port {r_in[4]} LOC=AA14 VCCIO=3.3 IOSTANDARD=LVCMOS33 NONE=TRUE successfully
Executing : def_port {r_in[5]} LOC=AB14 VCCIO=3.3 IOSTANDARD=LVCMOS33 NONE=TRUE
Executing : def_port {r_in[5]} LOC=AB14 VCCIO=3.3 IOSTANDARD=LVCMOS33 NONE=TRUE successfully
Executing : def_port {r_in[6]} LOC=W14 VCCIO=3.3 IOSTANDARD=LVCMOS33 NONE=TRUE
Executing : def_port {r_in[6]} LOC=W14 VCCIO=3.3 IOSTANDARD=LVCMOS33 NONE=TRUE successfully
Executing : def_port {r_in[7]} LOC=Y14 VCCIO=3.3 IOSTANDARD=LVCMOS33 NONE=TRUE
Executing : def_port {r_in[7]} LOC=Y14 VCCIO=3.3 IOSTANDARD=LVCMOS33 NONE=TRUE successfully
Executing : def_port {rgmii_rx_ctl} LOC=F9 VCCIO=3.3 IOSTANDARD=LVCMOS33 NONE=TRUE
Executing : def_port {rgmii_rx_ctl} LOC=F9 VCCIO=3.3 IOSTANDARD=LVCMOS33 NONE=TRUE successfully
Executing : def_port {rgmii_rxc} LOC=F14 VCCIO=3.3 IOSTANDARD=LVCMOS33 NONE=TRUE
Executing : def_port {rgmii_rxc} LOC=F14 VCCIO=3.3 IOSTANDARD=LVCMOS33 NONE=TRUE successfully
Executing : def_port {rgmii_rxd[0]} LOC=H10 VCCIO=3.3 IOSTANDARD=LVCMOS33 NONE=TRUE
Executing : def_port {rgmii_rxd[0]} LOC=H10 VCCIO=3.3 IOSTANDARD=LVCMOS33 NONE=TRUE successfully
Executing : def_port {rgmii_rxd[1]} LOC=H11 VCCIO=3.3 IOSTANDARD=LVCMOS33 NONE=TRUE
Executing : def_port {rgmii_rxd[1]} LOC=H11 VCCIO=3.3 IOSTANDARD=LVCMOS33 NONE=TRUE successfully
Executing : def_port {rgmii_rxd[2]} LOC=G13 VCCIO=3.3 IOSTANDARD=LVCMOS33 NONE=TRUE
Executing : def_port {rgmii_rxd[2]} LOC=G13 VCCIO=3.3 IOSTANDARD=LVCMOS33 NONE=TRUE successfully
Executing : def_port {rgmii_rxd[3]} LOC=H13 VCCIO=3.3 IOSTANDARD=LVCMOS33 NONE=TRUE
Executing : def_port {rgmii_rxd[3]} LOC=H13 VCCIO=3.3 IOSTANDARD=LVCMOS33 NONE=TRUE successfully
Executing : def_port {sys_clk} LOC=P20 VCCIO=3.3 IOSTANDARD=LVCMOS33 NONE=TRUE
Executing : def_port {sys_clk} LOC=P20 VCCIO=3.3 IOSTANDARD=LVCMOS33 NONE=TRUE successfully
Executing : def_port {uart_rx} LOC=R8 VCCIO=3.3 IOSTANDARD=LVCMOS33 NONE=TRUE
Executing : def_port {uart_rx} LOC=R8 VCCIO=3.3 IOSTANDARD=LVCMOS33 NONE=TRUE successfully
Executing : def_port {vs_in} LOC=W13 VCCIO=3.3 IOSTANDARD=LVCMOS33 NONE=TRUE
Executing : def_port {vs_in} LOC=W13 VCCIO=3.3 IOSTANDARD=LVCMOS33 NONE=TRUE successfully
Constraint check end.
I: Column Clock Check open.
Read Column Clock Map.

Placement started.
Phase 1 Pre global placement started.
I: Infer CARRY group, base inst: ES7243E_reg_config/reg_data/iGopDrm, insts:2.
I: Infer CARRY group, base inst: spectrogram_0/B_LUT/U_ipml_rom_B_LUT/U_ipml_spram_B_LUT/ADDR_LOOP[0].DATA_LOOP[0].U_GTP_DRM9K/iGopDrm, insts:2.
I: Infer CARRY group, base inst: spectrogram_0/ram_i[0].DRAM_spectrogram/U_ipml_dpram_DRAM_spectrogram/ADDR_LOOP[0].DATA_LOOP[0].U_GTP_DRM9K/iGopDrm, insts:2.
I: Infer CARRY group, base inst: spectrogram_0/ram_i[2].DRAM_spectrogram/U_ipml_dpram_DRAM_spectrogram/ADDR_LOOP[0].DATA_LOOP[0].U_GTP_DRM9K/iGopDrm, insts:2.
I: Infer CARRY group, base inst: spectrogram_0/ram_i[4].DRAM_spectrogram/U_ipml_dpram_DRAM_spectrogram/ADDR_LOOP[0].DATA_LOOP[0].U_GTP_DRM9K/iGopDrm, insts:2.
I: Infer CARRY group, base inst: spectrogram_0/ram_i[6].DRAM_spectrogram/U_ipml_dpram_DRAM_spectrogram/ADDR_LOOP[0].DATA_LOOP[0].U_GTP_DRM9K/iGopDrm, insts:2.
I: Infer CARRY group, base inst: spectrogram_0/ram_i[8].DRAM_spectrogram/U_ipml_dpram_DRAM_spectrogram/ADDR_LOOP[0].DATA_LOOP[0].U_GTP_DRM9K/iGopDrm, insts:2.
I: Infer CARRY group, base inst: spectrogram_0/ram_i[10].DRAM_spectrogram/U_ipml_dpram_DRAM_spectrogram/ADDR_LOOP[0].DATA_LOOP[0].U_GTP_DRM9K/iGopDrm, insts:2.
I: Infer CARRY group, base inst: spectrogram_0/ram_i[12].DRAM_spectrogram/U_ipml_dpram_DRAM_spectrogram/ADDR_LOOP[0].DATA_LOOP[0].U_GTP_DRM9K/iGopDrm, insts:2.
I: Infer CARRY group, base inst: spectrogram_0/ram_i[14].DRAM_spectrogram/U_ipml_dpram_DRAM_spectrogram/ADDR_LOOP[0].DATA_LOOP[0].U_GTP_DRM9K/iGopDrm, insts:2.
I: Infer CARRY group, base inst: spectrogram_0/ram_i[16].DRAM_spectrogram/U_ipml_dpram_DRAM_spectrogram/ADDR_LOOP[0].DATA_LOOP[0].U_GTP_DRM9K/iGopDrm, insts:2.
I: Infer CARRY group, base inst: spectrogram_0/ram_i[18].DRAM_spectrogram/U_ipml_dpram_DRAM_spectrogram/ADDR_LOOP[0].DATA_LOOP[0].U_GTP_DRM9K/iGopDrm, insts:2.
I: Infer CARRY group, base inst: spectrogram_0/ram_i[20].DRAM_spectrogram/U_ipml_dpram_DRAM_spectrogram/ADDR_LOOP[0].DATA_LOOP[0].U_GTP_DRM9K/iGopDrm, insts:2.
I: Infer CARRY group, base inst: spectrogram_0/ram_i[22].DRAM_spectrogram/U_ipml_dpram_DRAM_spectrogram/ADDR_LOOP[0].DATA_LOOP[0].U_GTP_DRM9K/iGopDrm, insts:2.
I: Infer CARRY group, base inst: spectrogram_0/ram_i[24].DRAM_spectrogram/U_ipml_dpram_DRAM_spectrogram/ADDR_LOOP[0].DATA_LOOP[0].U_GTP_DRM9K/iGopDrm, insts:2.
I: Infer CARRY group, base inst: spectrogram_0/ram_i[26].DRAM_spectrogram/U_ipml_dpram_DRAM_spectrogram/ADDR_LOOP[0].DATA_LOOP[0].U_GTP_DRM9K/iGopDrm, insts:2.
I: Infer CARRY group, base inst: spectrogram_0/ram_i[28].DRAM_spectrogram/U_ipml_dpram_DRAM_spectrogram/ADDR_LOOP[0].DATA_LOOP[0].U_GTP_DRM9K/iGopDrm, insts:2.
I: Infer CARRY group, base inst: spectrogram_0/ram_i[30].DRAM_spectrogram/U_ipml_dpram_DRAM_spectrogram/ADDR_LOOP[0].DATA_LOOP[0].U_GTP_DRM9K/iGopDrm, insts:2.
I: Infer CARRY group, base inst: spectrogram_0/ram_i[32].DRAM_spectrogram/U_ipml_dpram_DRAM_spectrogram/ADDR_LOOP[0].DATA_LOOP[0].U_GTP_DRM9K/iGopDrm, insts:2.
I: Infer CARRY group, base inst: spectrogram_0/ram_i[34].DRAM_spectrogram/U_ipml_dpram_DRAM_spectrogram/ADDR_LOOP[0].DATA_LOOP[0].U_GTP_DRM9K/iGopDrm, insts:2.
I: Infer CARRY group, base inst: spectrogram_0/ram_i[36].DRAM_spectrogram/U_ipml_dpram_DRAM_spectrogram/ADDR_LOOP[0].DATA_LOOP[0].U_GTP_DRM9K/iGopDrm, insts:2.
I: Infer CARRY group, base inst: spectrogram_0/ram_i[38].DRAM_spectrogram/U_ipml_dpram_DRAM_spectrogram/ADDR_LOOP[0].DATA_LOOP[0].U_GTP_DRM9K/iGopDrm, insts:2.
I: Infer CARRY group, base inst: spectrogram_0/ram_i[40].DRAM_spectrogram/U_ipml_dpram_DRAM_spectrogram/ADDR_LOOP[0].DATA_LOOP[0].U_GTP_DRM9K/iGopDrm, insts:2.
I: Infer CARRY group, base inst: spectrogram_0/ram_i[42].DRAM_spectrogram/U_ipml_dpram_DRAM_spectrogram/ADDR_LOOP[0].DATA_LOOP[0].U_GTP_DRM9K/iGopDrm, insts:2.
I: Infer CARRY group, base inst: spectrogram_0/ram_i[44].DRAM_spectrogram/U_ipml_dpram_DRAM_spectrogram/ADDR_LOOP[0].DATA_LOOP[0].U_GTP_DRM9K/iGopDrm, insts:2.
I: Infer CARRY group, base inst: spectrogram_0/ram_i[46].DRAM_spectrogram/U_ipml_dpram_DRAM_spectrogram/ADDR_LOOP[0].DATA_LOOP[0].U_GTP_DRM9K/iGopDrm, insts:2.
I: Infer CARRY group, base inst: spectrogram_0/ram_i[48].DRAM_spectrogram/U_ipml_dpram_DRAM_spectrogram/ADDR_LOOP[0].DATA_LOOP[0].U_GTP_DRM9K/iGopDrm, insts:2.
I: Infer CARRY group, base inst: spectrogram_0/ram_i[50].DRAM_spectrogram/U_ipml_dpram_DRAM_spectrogram/ADDR_LOOP[0].DATA_LOOP[0].U_GTP_DRM9K/iGopDrm, insts:2.
I: Infer CARRY group, base inst: spectrogram_0/ram_i[52].DRAM_spectrogram/U_ipml_dpram_DRAM_spectrogram/ADDR_LOOP[0].DATA_LOOP[0].U_GTP_DRM9K/iGopDrm, insts:2.
I: Infer CARRY group, base inst: spectrogram_0/ram_i[54].DRAM_spectrogram/U_ipml_dpram_DRAM_spectrogram/ADDR_LOOP[0].DATA_LOOP[0].U_GTP_DRM9K/iGopDrm, insts:2.
I: Infer CARRY group, base inst: spectrogram_0/ram_i[56].DRAM_spectrogram/U_ipml_dpram_DRAM_spectrogram/ADDR_LOOP[0].DATA_LOOP[0].U_GTP_DRM9K/iGopDrm, insts:2.
I: Infer CARRY group, base inst: spectrogram_0/ram_i[58].DRAM_spectrogram/U_ipml_dpram_DRAM_spectrogram/ADDR_LOOP[0].DATA_LOOP[0].U_GTP_DRM9K/iGopDrm, insts:2.
I: Infer CARRY group, base inst: spectrogram_0/ram_i[60].DRAM_spectrogram/U_ipml_dpram_DRAM_spectrogram/ADDR_LOOP[0].DATA_LOOP[0].U_GTP_DRM9K/iGopDrm, insts:2.
I: Infer CARRY group, base inst: spectrogram_0/ram_i[62].DRAM_spectrogram/U_ipml_dpram_DRAM_spectrogram/ADDR_LOOP[0].DATA_LOOP[0].U_GTP_DRM9K/iGopDrm, insts:2.
I: Infer CARRY group, base inst: spectrogram_0/ram_i[64].DRAM_spectrogram/U_ipml_dpram_DRAM_spectrogram/ADDR_LOOP[0].DATA_LOOP[0].U_GTP_DRM9K/iGopDrm, insts:2.
I: Infer CARRY group, base inst: spectrogram_0/ram_i[66].DRAM_spectrogram/U_ipml_dpram_DRAM_spectrogram/ADDR_LOOP[0].DATA_LOOP[0].U_GTP_DRM9K/iGopDrm, insts:2.
I: Infer CARRY group, base inst: spectrogram_0/ram_i[68].DRAM_spectrogram/U_ipml_dpram_DRAM_spectrogram/ADDR_LOOP[0].DATA_LOOP[0].U_GTP_DRM9K/iGopDrm, insts:2.
I: Infer CARRY group, base inst: spectrogram_0/ram_i[70].DRAM_spectrogram/U_ipml_dpram_DRAM_spectrogram/ADDR_LOOP[0].DATA_LOOP[0].U_GTP_DRM9K/iGopDrm, insts:2.
I: Infer CARRY group, base inst: spectrogram_0/ram_i[72].DRAM_spectrogram/U_ipml_dpram_DRAM_spectrogram/ADDR_LOOP[0].DATA_LOOP[0].U_GTP_DRM9K/iGopDrm, insts:2.
I: Infer CARRY group, base inst: spectrogram_0/ram_i[74].DRAM_spectrogram/U_ipml_dpram_DRAM_spectrogram/ADDR_LOOP[0].DATA_LOOP[0].U_GTP_DRM9K/iGopDrm, insts:2.
I: Infer CARRY group, base inst: spectrogram_0/ram_i[76].DRAM_spectrogram/U_ipml_dpram_DRAM_spectrogram/ADDR_LOOP[0].DATA_LOOP[0].U_GTP_DRM9K/iGopDrm, insts:2.
I: Infer CARRY group, base inst: spectrogram_0/ram_i[78].DRAM_spectrogram/U_ipml_dpram_DRAM_spectrogram/ADDR_LOOP[0].DATA_LOOP[0].U_GTP_DRM9K/iGopDrm, insts:2.
I: Infer CARRY group, base inst: spectrogram_0/ram_i[80].DRAM_spectrogram/U_ipml_dpram_DRAM_spectrogram/ADDR_LOOP[0].DATA_LOOP[0].U_GTP_DRM9K/iGopDrm, insts:2.
I: Infer CARRY group, base inst: spectrogram_0/ram_i[82].DRAM_spectrogram/U_ipml_dpram_DRAM_spectrogram/ADDR_LOOP[0].DATA_LOOP[0].U_GTP_DRM9K/iGopDrm, insts:2.
I: Infer CARRY group, base inst: spectrogram_0/ram_i[84].DRAM_spectrogram/U_ipml_dpram_DRAM_spectrogram/ADDR_LOOP[0].DATA_LOOP[0].U_GTP_DRM9K/iGopDrm, insts:2.
I: Infer CARRY group, base inst: spectrogram_0/ram_i[86].DRAM_spectrogram/U_ipml_dpram_DRAM_spectrogram/ADDR_LOOP[0].DATA_LOOP[0].U_GTP_DRM9K/iGopDrm, insts:2.
I: Infer CARRY group, base inst: spectrogram_0/ram_i[88].DRAM_spectrogram/U_ipml_dpram_DRAM_spectrogram/ADDR_LOOP[0].DATA_LOOP[0].U_GTP_DRM9K/iGopDrm, insts:2.
I: Infer CARRY group, base inst: spectrogram_0/ram_i[90].DRAM_spectrogram/U_ipml_dpram_DRAM_spectrogram/ADDR_LOOP[0].DATA_LOOP[0].U_GTP_DRM9K/iGopDrm, insts:2.
I: Infer CARRY group, base inst: spectrogram_0/ram_i[92].DRAM_spectrogram/U_ipml_dpram_DRAM_spectrogram/ADDR_LOOP[0].DATA_LOOP[0].U_GTP_DRM9K/iGopDrm, insts:2.
I: Infer CARRY group, base inst: spectrogram_0/ram_i[94].DRAM_spectrogram/U_ipml_dpram_DRAM_spectrogram/ADDR_LOOP[0].DATA_LOOP[0].U_GTP_DRM9K/iGopDrm, insts:2.
I: Infer CARRY group, base inst: spectrogram_0/ram_i[96].DRAM_spectrogram/U_ipml_dpram_DRAM_spectrogram/ADDR_LOOP[0].DATA_LOOP[0].U_GTP_DRM9K/iGopDrm, insts:2.
I: Infer CARRY group, base inst: spectrogram_0/ram_i[98].DRAM_spectrogram/U_ipml_dpram_DRAM_spectrogram/ADDR_LOOP[0].DATA_LOOP[0].U_GTP_DRM9K/iGopDrm, insts:2.
I: Infer CARRY group, base inst: spectrogram_0/ram_i[100].DRAM_spectrogram/U_ipml_dpram_DRAM_spectrogram/ADDR_LOOP[0].DATA_LOOP[0].U_GTP_DRM9K/iGopDrm, insts:2.
I: Infer CARRY group, base inst: spectrogram_0/ram_i[102].DRAM_spectrogram/U_ipml_dpram_DRAM_spectrogram/ADDR_LOOP[0].DATA_LOOP[0].U_GTP_DRM9K/iGopDrm, insts:2.
I: Infer CARRY group, base inst: spectrogram_0/ram_i[104].DRAM_spectrogram/U_ipml_dpram_DRAM_spectrogram/ADDR_LOOP[0].DATA_LOOP[0].U_GTP_DRM9K/iGopDrm, insts:2.
I: Infer CARRY group, base inst: spectrogram_0/ram_i[106].DRAM_spectrogram/U_ipml_dpram_DRAM_spectrogram/ADDR_LOOP[0].DATA_LOOP[0].U_GTP_DRM9K/iGopDrm, insts:2.
I: Infer CARRY group, base inst: spectrogram_0/ram_i[108].DRAM_spectrogram/U_ipml_dpram_DRAM_spectrogram/ADDR_LOOP[0].DATA_LOOP[0].U_GTP_DRM9K/iGopDrm, insts:2.
I: Infer CARRY group, base inst: spectrogram_0/ram_i[110].DRAM_spectrogram/U_ipml_dpram_DRAM_spectrogram/ADDR_LOOP[0].DATA_LOOP[0].U_GTP_DRM9K/iGopDrm, insts:2.
I: Infer CARRY group, base inst: spectrogram_0/ram_i[112].DRAM_spectrogram/U_ipml_dpram_DRAM_spectrogram/ADDR_LOOP[0].DATA_LOOP[0].U_GTP_DRM9K/iGopDrm, insts:2.
I: Infer CARRY group, base inst: spectrogram_0/ram_i[114].DRAM_spectrogram/U_ipml_dpram_DRAM_spectrogram/ADDR_LOOP[0].DATA_LOOP[0].U_GTP_DRM9K/iGopDrm, insts:2.
I: Infer CARRY group, base inst: spectrogram_0/ram_i[116].DRAM_spectrogram/U_ipml_dpram_DRAM_spectrogram/ADDR_LOOP[0].DATA_LOOP[0].U_GTP_DRM9K/iGopDrm, insts:2.
I: Infer CARRY group, base inst: spectrogram_0/ram_i[118].DRAM_spectrogram/U_ipml_dpram_DRAM_spectrogram/ADDR_LOOP[0].DATA_LOOP[0].U_GTP_DRM9K/iGopDrm, insts:2.
I: Infer CARRY group, base inst: spectrogram_0/ram_i[120].DRAM_spectrogram/U_ipml_dpram_DRAM_spectrogram/ADDR_LOOP[0].DATA_LOOP[0].U_GTP_DRM9K/iGopDrm, insts:2.
I: Infer CARRY group, base inst: spectrogram_0/ram_i[122].DRAM_spectrogram/U_ipml_dpram_DRAM_spectrogram/ADDR_LOOP[0].DATA_LOOP[0].U_GTP_DRM9K/iGopDrm, insts:2.
I: Infer CARRY group, base inst: spectrogram_0/ram_i[124].DRAM_spectrogram/U_ipml_dpram_DRAM_spectrogram/ADDR_LOOP[0].DATA_LOOP[0].U_GTP_DRM9K/iGopDrm, insts:2.
I: Infer CARRY group, base inst: spectrogram_0/ram_i[126].DRAM_spectrogram/U_ipml_dpram_DRAM_spectrogram/ADDR_LOOP[0].DATA_LOOP[0].U_GTP_DRM9K/iGopDrm, insts:2.
I: Infer CARRY group, base inst: spectrogram_0/ram_i[128].DRAM_spectrogram/U_ipml_dpram_DRAM_spectrogram/ADDR_LOOP[0].DATA_LOOP[0].U_GTP_DRM9K/iGopDrm, insts:2.
I: Infer CARRY group, base inst: spectrogram_0/ram_i[130].DRAM_spectrogram/U_ipml_dpram_DRAM_spectrogram/ADDR_LOOP[0].DATA_LOOP[0].U_GTP_DRM9K/iGopDrm, insts:2.
I: Infer CARRY group, base inst: spectrogram_0/ram_i[132].DRAM_spectrogram/U_ipml_dpram_DRAM_spectrogram/ADDR_LOOP[0].DATA_LOOP[0].U_GTP_DRM9K/iGopDrm, insts:2.
I: Infer CARRY group, base inst: spectrogram_0/ram_i[134].DRAM_spectrogram/U_ipml_dpram_DRAM_spectrogram/ADDR_LOOP[0].DATA_LOOP[0].U_GTP_DRM9K/iGopDrm, insts:2.
I: Infer CARRY group, base inst: spectrogram_0/ram_i[136].DRAM_spectrogram/U_ipml_dpram_DRAM_spectrogram/ADDR_LOOP[0].DATA_LOOP[0].U_GTP_DRM9K/iGopDrm, insts:2.
I: Infer CARRY group, base inst: spectrogram_0/ram_i[138].DRAM_spectrogram/U_ipml_dpram_DRAM_spectrogram/ADDR_LOOP[0].DATA_LOOP[0].U_GTP_DRM9K/iGopDrm, insts:2.
I: Infer CARRY group, base inst: stream_ctrler/HANN_fft_fifo/HANN_RAM/U_ipml_spram_HANN_RAM/ADDR_LOOP[0].DATA_LOOP[0].U_GTP_DRM9K/iGopDrm, insts:2.
I: Infer CARRY group, base inst: u_fft_wrapper/use_radix2_burst.u_radix2_burst_core/r2_dit_bf/u_r2_dit_mult_by_twiddle/u_twiddle_gen/u_sin_rom/use_drm.u_sin_drm_rom/sin_rom_used_2/iGopDrm, insts:2.
I: Infer CARRY group, base inst: u_fft_wrapper/use_radix2_burst.u_radix2_burst_core/u_sdpram0/use_drm.u_drm_sdpram/u_drm_sdpram_9k/u_drm_sdpram_9k/ADDR_LOOP[0].DATA_LOOP[0].U_GTP_DRM9K/iGopDrm, insts:2.
I: Infer CARRY group, base inst: u_fft_wrapper/use_radix2_burst.u_radix2_burst_core/u_sdpram0/use_drm.u_drm_sdpram/u_drm_sdpram_9k/u_drm_sdpram_9k/ADDR_LOOP[0].DATA_LOOP[2].U_GTP_DRM9K/iGopDrm, insts:2.
I: Infer CARRY group, base inst: u_fft_wrapper/use_radix2_burst.u_radix2_burst_core/u_sdpram1/use_drm.u_drm_sdpram/u_drm_sdpram_9k/u_drm_sdpram_9k/ADDR_LOOP[0].DATA_LOOP[1].U_GTP_DRM9K/iGopDrm, insts:2.
Mapping instance gvrd_test/rgmii_interface/rgmii_clk_delay/opit_0 to IOCKDLY_237_367.
Mapping instance u_pll/u_pll_e3/goppll to PLL_158_55.
Mapping instance u_pll0/u_pll_e3/goppll to PLL_158_75.
Phase 1.1 1st GP placement started.
Design Utilization : 21%.
First map gop timing takes 0.44 sec
Worst slack after clock region global placement is -6274
Wirelength after clock region global placement is 148745.
1st GP placement takes 2.03 sec.

Phase 1.2 Clock placement started.
Mapping instance clkbufg_0/gopclkbufg to USCM_84_108.
Mapping instance gvrd_test/rgmii_interface/GTP_CLKBUFG_RXSHFT/gopclkbufg to USCM_84_109.
Mapping instance clkbufg_2/gopclkbufg to USCM_84_110.
Mapping instance clkbufg_3/gopclkbufg to USCM_84_111.
Mapping instance clkbufg_4/gopclkbufg to USCM_84_112.
Mapping instance clkbufg_7/gopclkbufg to USCM_84_113.
Mapping instance clkbufg_6/gopclkbufg to USCM_84_114.
Mapping instance clkbufg_1/gopclkbufg to USCM_84_115.
C: Place-2028: GLOBAL_CLOCK: the driver es1_dsclk_ibuf/opit_1 fixed at IOL_39_6 is unreasonable. Sub-optimal placement for a clock source and a clock buffer.
Mapping instance clkbufg_5/gopclkbufg to USCM_84_116.
Clock placement takes 0.06 sec.

Pre global placement takes 2.20 sec.

Phase 2 Global placement started.
Phase 2.1 Fixed placement started.
Placed fixed group with base inst ES7243E_reg_config.u_i2c_com.i2c_sdat_tri/opit_1 on IOL_151_5.
Placed fixed group with base inst ES8156_reg_config.u_i2c_com.i2c_sdat_tri/opit_1 on IOL_119_5.
Placed fixed group with base inst b_in_ibuf[0]/opit_1 on IOL_219_6.
Placed fixed group with base inst b_in_ibuf[1]/opit_1 on IOL_183_5.
Placed fixed group with base inst b_in_ibuf[2]/opit_1 on IOL_183_6.
Placed fixed group with base inst b_in_ibuf[3]/opit_1 on IOL_215_5.
Placed fixed group with base inst b_in_ibuf[4]/opit_1 on IOL_215_6.
Placed fixed group with base inst b_in_ibuf[5]/opit_1 on IOL_203_5.
Placed fixed group with base inst b_in_ibuf[6]/opit_1 on IOL_203_6.
Placed fixed group with base inst b_in_ibuf[7]/opit_1 on IOL_223_5.
Placed fixed group with base inst b_out_obuf[0]/opit_1 on IOL_327_150.
Placed fixed group with base inst b_out_obuf[1]/opit_1 on IOL_327_149.
Placed fixed group with base inst b_out_obuf[2]/opit_1 on IOL_327_166.
Placed fixed group with base inst b_out_obuf[3]/opit_1 on IOL_327_165.
Placed fixed group with base inst b_out_obuf[4]/opit_1 on IOL_327_170.
Placed fixed group with base inst b_out_obuf[5]/opit_1 on IOL_327_169.
Placed fixed group with base inst b_out_obuf[6]/opit_1 on IOL_327_137.
Placed fixed group with base inst b_out_obuf[7]/opit_1 on IOL_327_138.
Placed fixed group with base inst de_in_ibuf/opit_1 on IOL_219_5.
Placed fixed group with base inst de_out_obuf/opit_1 on IOL_327_141.
Placed fixed group with base inst es0_alrck_ibuf/opit_1 on IOL_159_5.
Placed fixed group with base inst es0_dsclk_ibuf/opit_1 on IOL_159_6.
Placed fixed group with base inst es0_mclk_obuf/opit_1 on IOL_135_6.
Placed fixed group with base inst es0_sdin_ibuf/opit_1 on IOL_135_5.
Placed fixed group with base inst es1_dlrc_ibuf/opit_1 on IOL_35_6.
Placed fixed group with base inst es1_dsclk_ibuf/opit_1 on IOL_39_6.
Placed fixed group with base inst es1_mclk_obuf/opit_1 on IOL_39_5.
Placed fixed group with base inst es1_sdout_obuf/opit_1 on IOL_35_5.
Placed fixed group with base inst es7243_scl_obuf/opit_1 on IOL_151_6.
Placed fixed group with base inst es8156_scl_obuf/opit_1 on IOL_119_6.
Placed fixed group with base inst g_in_ibuf[0]/opit_1 on IOL_223_6.
Placed fixed group with base inst g_in_ibuf[1]/opit_1 on IOL_319_6.
Placed fixed group with base inst g_in_ibuf[2]/opit_1 on IOL_319_5.
Placed fixed group with base inst g_in_ibuf[3]/opit_1 on IOL_243_5.
Placed fixed group with base inst g_in_ibuf[4]/opit_1 on IOL_227_6.
Placed fixed group with base inst g_in_ibuf[5]/opit_1 on IOL_227_5.
Placed fixed group with base inst g_in_ibuf[6]/opit_1 on IOL_283_5.
Placed fixed group with base inst g_in_ibuf[7]/opit_1 on IOL_283_6.
Placed fixed group with base inst g_out_obuf[0]/opit_1 on IOL_327_202.
Placed fixed group with base inst g_out_obuf[1]/opit_1 on IOL_327_110.
Placed fixed group with base inst g_out_obuf[2]/opit_1 on IOL_327_109.
Placed fixed group with base inst g_out_obuf[3]/opit_1 on IOL_327_122.
Placed fixed group with base inst g_out_obuf[4]/opit_1 on IOL_327_121.
Placed fixed group with base inst g_out_obuf[5]/opit_1 on IOL_327_233.
Placed fixed group with base inst g_out_obuf[6]/opit_1 on IOL_327_234.
Placed fixed group with base inst g_out_obuf[7]/opit_1 on IOL_327_241.
Placed fixed group with base inst gvrd_test/rgmii_interface/gmii_ctl_in/gateigddr_IOL on IOL_71_373.
Placed fixed group with base inst gvrd_test/rgmii_interface/gtp_outbuft1/opit_1_IOL on IOL_311_374.
Placed fixed group with base inst gvrd_test/rgmii_interface/gtp_outbuft6/opit_1_IOL on IOL_299_374.
Placed fixed group with base inst gvrd_test/rgmii_interface/rgmii_rx_data[0].gmii_rxd_in/gateigddr_IOL on IOL_75_374.
Placed fixed group with base inst gvrd_test/rgmii_interface/rgmii_rx_data[1].gmii_rxd_in/gateigddr_IOL on IOL_75_373.
Placed fixed group with base inst gvrd_test/rgmii_interface/rgmii_rx_data[2].gmii_rxd_in/gateigddr_IOL on IOL_251_373.
Placed fixed group with base inst gvrd_test/rgmii_interface/rgmii_rx_data[3].gmii_rxd_in/gateigddr_IOL on IOL_251_374.
Placed fixed group with base inst gvrd_test/rgmii_interface/rgmii_tx_data[0].gtp_outbuft1/opit_1_IOL on IOL_299_373.
Placed fixed group with base inst gvrd_test/rgmii_interface/rgmii_tx_data[1].gtp_outbuft1/opit_1_IOL on IOL_323_374.
Placed fixed group with base inst gvrd_test/rgmii_interface/rgmii_tx_data[2].gtp_outbuft1/opit_1_IOL on IOL_323_373.
Placed fixed group with base inst gvrd_test/rgmii_interface/rgmii_tx_data[3].gtp_outbuft1/opit_1_IOL on IOL_311_373.
Placed fixed group with base inst hs_in_ibuf/opit_1 on IOL_211_6.
Placed fixed group with base inst hs_out_obuf/opit_1 on IOL_327_142.
Placed fixed group with base inst iic_scl_obuf/opit_1 on IOL_327_26.
Placed fixed group with base inst iic_tx_scl_obuf/opit_1 on IOL_327_46.
Placed fixed group with base inst keys_ibuf[0]/opit_1 on IOL_327_257.
Placed fixed group with base inst keys_ibuf[1]/opit_1 on IOL_327_134.
Placed fixed group with base inst keys_ibuf[2]/opit_1 on IOL_327_297.
Placed fixed group with base inst keys_ibuf[3]/opit_1 on IOL_327_133.
Placed fixed group with base inst keys_ibuf[4]/opit_1 on IOL_327_298.
Placed fixed group with base inst keys_ibuf[6]/opit_1 on IOL_327_261.
Placed fixed group with base inst keys_ibuf[7]/opit_1 on IOL_327_365.
Placed fixed group with base inst led_obuf[0]/opit_1 on IOL_19_374.
Placed fixed group with base inst led_obuf[1]/opit_1 on IOL_19_373.
Placed fixed group with base inst led_obuf[2]/opit_1 on IOL_35_374.
Placed fixed group with base inst led_obuf[3]/opit_1 on IOL_35_373.
Placed fixed group with base inst led_obuf[4]/opit_1 on IOL_67_374.
Placed fixed group with base inst led_obuf[5]/opit_1 on IOL_67_373.
Placed fixed group with base inst led_obuf[6]/opit_1 on IOL_47_374.
Placed fixed group with base inst led_obuf[7]/opit_1 on IOL_47_373.
Placed fixed group with base inst ms72xx_ctl.iic_sda_tri/opit_1 on IOL_327_25.
Placed fixed group with base inst ms72xx_ctl.iic_tx_sda_tri/opit_1 on IOL_327_45.
Placed fixed group with base inst phy_rstn_obuf/opit_1 on IOL_319_374.
Placed fixed group with base inst pixclk_in_ibuf/opit_1 on IOL_163_6.
Placed fixed group with base inst pixclk_out_obuf/opit_1 on IOL_327_201.
Placed fixed group with base inst r_in_ibuf[0]/opit_1 on IOL_191_6.
Placed fixed group with base inst r_in_ibuf[1]/opit_1 on IOL_191_5.
Placed fixed group with base inst r_in_ibuf[2]/opit_1 on IOL_291_6.
Placed fixed group with base inst r_in_ibuf[3]/opit_1 on IOL_291_5.
Placed fixed group with base inst r_in_ibuf[4]/opit_1 on IOL_275_6.
Placed fixed group with base inst r_in_ibuf[5]/opit_1 on IOL_275_5.
Placed fixed group with base inst r_in_ibuf[6]/opit_1 on IOL_199_6.
Placed fixed group with base inst r_in_ibuf[7]/opit_1 on IOL_199_5.
Placed fixed group with base inst r_out_obuf[0]/opit_1 on IOL_327_242.
Placed fixed group with base inst r_out_obuf[1]/opit_1 on IOL_327_209.
Placed fixed group with base inst r_out_obuf[2]/opit_1 on IOL_327_229.
Placed fixed group with base inst r_out_obuf[3]/opit_1 on IOL_327_230.
Placed fixed group with base inst r_out_obuf[4]/opit_1 on IOL_327_213.
Placed fixed group with base inst r_out_obuf[5]/opit_1 on IOL_327_238.
Placed fixed group with base inst r_out_obuf[6]/opit_1 on IOL_327_237.
Placed fixed group with base inst r_out_obuf[7]/opit_1 on IOL_327_273.
Placed fixed group with base inst rgmii_rxc_ibuf/opit_1 on IOL_243_374.
Placed fixed group with base inst rstn_out_hdmi_obuf/opit_1 on IOL_327_42.
Placed fixed group with base inst sys_clk_ibuf/opit_1 on IOL_327_210.
Placed fixed group with base inst uart_rx_ibuf/opit_1 on IOL_43_5.
Placed fixed group with base inst uart_tx_obuf/opit_1 on IOL_43_6.
Placed fixed group with base inst vs_in_ibuf/opit_1 on IOL_211_5.
Placed fixed group with base inst vs_out_obuf/opit_1 on IOL_327_146.
Placed fixed instance clkbufg_0/gopclkbufg on USCM_84_108.
Placed fixed instance clkbufg_1/gopclkbufg on USCM_84_115.
Placed fixed instance clkbufg_2/gopclkbufg on USCM_84_110.
Placed fixed instance clkbufg_3/gopclkbufg on USCM_84_111.
Placed fixed instance clkbufg_4/gopclkbufg on USCM_84_112.
Placed fixed instance clkbufg_5/gopclkbufg on USCM_84_116.
Placed fixed instance clkbufg_6/gopclkbufg on USCM_84_114.
Placed fixed instance clkbufg_7/gopclkbufg on USCM_84_113.
Placed fixed instance gvrd_test/rgmii_interface/GTP_CLKBUFG_RXSHFT/gopclkbufg on USCM_84_109.
Placed fixed instance gvrd_test/rgmii_interface/rgmii_clk_delay/opit_0 on IOCKDLY_237_367.
Placed fixed instance u_pll/u_pll_e3/goppll on PLL_158_55.
Placed fixed instance u_pll0/u_pll_e3/goppll on PLL_158_75.
Placed fixed instance BKCL_auto_0 on BKCL_188_376.
Placed fixed instance BKCL_auto_1 on BKCL_328_184.
Placed fixed instance BKCL_auto_2 on BKCL_192_0.
Fixed placement takes 0.05 sec.

Phase 2.2 Process placement started.
Placed instance gvrd_test/rgmii_interface/clk_dll/gopdll(gopDLL) on DLL_238_363, and placed gvrd_test/rgmii_interface/rgmii_clk_delay/opit_0(gopCLKDELAY) on IOCKDLY_237_367.
Process placement takes 0.00 sec.

Phase 2.3 IO placement started.
IO placement takes 0.02 sec.

Phase 2.4 2nd GP placement started.
Run super clustering :
	Initial slack -14253.
	6 iterations finished.
	Final slack -8741.
Super clustering done.
Design Utilization : 21%.
Worst slack after global placement is -4973
2nd GP placement takes 1.72 sec.

Wirelength after global placement is 156057.
Global placement takes 1.78 sec.

Phase 3 Post global placement started.
Phase 3.1 Macro cell placement started.
I: Process macros using "Greedy".
Wirelength after macro cell placement is 206476.
Macro cell placement takes 0.00 sec.

Phase 3.2 3rd GP placement started.
Run super clustering :
	Initial slack -14253.
	6 iterations finished.
	Final slack -8741.
Super clustering done.
Design Utilization : 21%.
Worst slack after post global placement is -4878
3rd GP placement takes 1.19 sec.

Wirelength after post global placement is 172269.
Post global placement takes 1.20 sec.

Phase 4 Legalization started.
The average distance in LP is 1.219329.
Wirelength after legalization is 216625.
Legalization takes 0.33 sec.

Phase 5 Timing-driven detailed placement started.
Phase 5.1 Replication placement started.
Worst slack before Replication Place is -5272.
Replication placement takes 0.23 sec.

Wirelength after replication placement is 216625.
Phase 5.2 DP placement started.
Legalized cost -5272.000000.
The detailed placement ends at 20th iteration.
DP placement takes 2.97 sec.

Wirelength after detailed placement is 254961.
Timing-driven detailed placement takes 3.23 sec.

Worst slack is -2936, TNS after placement is -196786.
Placement done.
Total placement takes 9.62 sec.
Finished placement.

Routing started.
Building routing graph takes 0.33 sec.
Worst slack is -2936, TNS before global route is -196786.
Processing design graph takes 0.52 sec.
Total memory for routing:
	126.458979 M.
Total nets for routing : 22260.
Rcf routing step 1 processed 0 nets, it takes 0.00 sec.
Rcf routing step 2 processed 0 nets, it takes 0.00 sec.
Rcf routing step 3 processed 0 nets, it takes 0.00 sec.
Unrouted nets 0 at the end of iteration 0.
Global Routing step 1 processed 65 nets, it takes 0.00 sec.
Unrouted nets 51 at the end of iteration 0.
Unrouted nets 41 at the end of iteration 1.
Unrouted nets 33 at the end of iteration 2.
Unrouted nets 28 at the end of iteration 3.
Unrouted nets 24 at the end of iteration 4.
Unrouted nets 24 at the end of iteration 5.
Unrouted nets 20 at the end of iteration 6.
Unrouted nets 16 at the end of iteration 7.
Unrouted nets 17 at the end of iteration 8.
Unrouted nets 15 at the end of iteration 9.
Unrouted nets 14 at the end of iteration 10.
Unrouted nets 14 at the end of iteration 11.
Unrouted nets 13 at the end of iteration 12.
Unrouted nets 8 at the end of iteration 13.
Unrouted nets 8 at the end of iteration 14.
Unrouted nets 10 at the end of iteration 15.
Unrouted nets 10 at the end of iteration 16.
Unrouted nets 10 at the end of iteration 17.
Unrouted nets 12 at the end of iteration 18.
Unrouted nets 9 at the end of iteration 19.
Unrouted nets 9 at the end of iteration 20.
Unrouted nets 14 at the end of iteration 21.
Unrouted nets 10 at the end of iteration 22.
Unrouted nets 10 at the end of iteration 23.
Unrouted nets 9 at the end of iteration 24.
Unrouted nets 9 at the end of iteration 25.
Unrouted nets 9 at the end of iteration 26.
Unrouted nets 4 at the end of iteration 27.
Unrouted nets 6 at the end of iteration 28.
Unrouted nets 8 at the end of iteration 29.
Unrouted nets 5 at the end of iteration 30.
Unrouted nets 7 at the end of iteration 31.
Unrouted nets 7 at the end of iteration 32.
Unrouted nets 3 at the end of iteration 33.
Unrouted nets 5 at the end of iteration 34.
Unrouted nets 4 at the end of iteration 35.
Unrouted nets 5 at the end of iteration 36.
Unrouted nets 4 at the end of iteration 37.
Unrouted nets 6 at the end of iteration 38.
Unrouted nets 5 at the end of iteration 39.
Unrouted nets 5 at the end of iteration 40.
Unrouted nets 4 at the end of iteration 41.
Unrouted nets 3 at the end of iteration 42.
Unrouted nets 4 at the end of iteration 43.
Unrouted nets 4 at the end of iteration 44.
Unrouted nets 3 at the end of iteration 45.
Unrouted nets 3 at the end of iteration 46.
Unrouted nets 4 at the end of iteration 47.
Unrouted nets 3 at the end of iteration 48.
Unrouted nets 3 at the end of iteration 49.
Unrouted nets 3 at the end of iteration 50.
Unrouted nets 3 at the end of iteration 51.
Unrouted nets 4 at the end of iteration 52.
Unrouted nets 3 at the end of iteration 53.
Unrouted nets 3 at the end of iteration 54.
Unrouted nets 4 at the end of iteration 55.
Unrouted nets 3 at the end of iteration 56.
Unrouted nets 3 at the end of iteration 57.
Unrouted nets 3 at the end of iteration 58.
Unrouted nets 3 at the end of iteration 59.
Unrouted nets 3 at the end of iteration 60.
Unrouted nets 3 at the end of iteration 61.
Unrouted nets 3 at the end of iteration 62.
Unrouted nets 3 at the end of iteration 63.
Unrouted nets 3 at the end of iteration 64.
Unrouted nets 3 at the end of iteration 65.
Unrouted nets 3 at the end of iteration 66.
Unrouted nets 3 at the end of iteration 67.
Unrouted nets 4 at the end of iteration 68.
Unrouted nets 3 at the end of iteration 69.
Unrouted nets 3 at the end of iteration 70.
Unrouted nets 3 at the end of iteration 71.
Unrouted nets 3 at the end of iteration 72.
Unrouted nets 4 at the end of iteration 73.
Unrouted nets 4 at the end of iteration 74.
Unrouted nets 3 at the end of iteration 75.
Unrouted nets 3 at the end of iteration 76.
Unrouted nets 4 at the end of iteration 77.
Unrouted nets 4 at the end of iteration 78.
Unrouted nets 3 at the end of iteration 79.
Unrouted nets 3 at the end of iteration 80.
Unrouted nets 3 at the end of iteration 81.
Unrouted nets 3 at the end of iteration 82.
Unrouted nets 3 at the end of iteration 83.
Unrouted nets 3 at the end of iteration 84.
Unrouted nets 3 at the end of iteration 85.
Unrouted nets 3 at the end of iteration 86.
Unrouted nets 4 at the end of iteration 87.
Unrouted nets 3 at the end of iteration 88.
Unrouted nets 4 at the end of iteration 89.
Unrouted nets 3 at the end of iteration 90.
Unrouted nets 3 at the end of iteration 91.
Unrouted nets 3 at the end of iteration 92.
Unrouted nets 3 at the end of iteration 93.
Unrouted nets 3 at the end of iteration 94.
Unrouted nets 3 at the end of iteration 95.
Unrouted nets 3 at the end of iteration 96.
Unrouted nets 3 at the end of iteration 97.
Unrouted nets 3 at the end of iteration 98.
Unrouted nets 3 at the end of iteration 99.
Unrouted nets 2 at the end of iteration 100.
Unrouted nets 2 at the end of iteration 101.
Unrouted nets 2 at the end of iteration 102.
Unrouted nets 2 at the end of iteration 103.
Unrouted nets 2 at the end of iteration 104.
Unrouted nets 2 at the end of iteration 105.
Unrouted nets 2 at the end of iteration 106.
Unrouted nets 2 at the end of iteration 107.
Unrouted nets 2 at the end of iteration 108.
Unrouted nets 4 at the end of iteration 109.
Unrouted nets 2 at the end of iteration 110.
Unrouted nets 2 at the end of iteration 111.
Unrouted nets 2 at the end of iteration 112.
Unrouted nets 2 at the end of iteration 113.
Unrouted nets 2 at the end of iteration 114.
Unrouted nets 2 at the end of iteration 115.
Unrouted nets 2 at the end of iteration 116.
Unrouted nets 2 at the end of iteration 117.
Unrouted nets 2 at the end of iteration 118.
Unrouted nets 2 at the end of iteration 119.
Unrouted nets 2 at the end of iteration 120.
Unrouted nets 3 at the end of iteration 121.
Unrouted nets 2 at the end of iteration 122.
Unrouted nets 2 at the end of iteration 123.
Unrouted nets 2 at the end of iteration 124.
Unrouted nets 2 at the end of iteration 125.
Unrouted nets 2 at the end of iteration 126.
Unrouted nets 2 at the end of iteration 127.
Unrouted nets 2 at the end of iteration 128.
Unrouted nets 2 at the end of iteration 129.
Unrouted nets 2 at the end of iteration 130.
Unrouted nets 2 at the end of iteration 131.
Unrouted nets 2 at the end of iteration 132.
Unrouted nets 2 at the end of iteration 133.
Unrouted nets 2 at the end of iteration 134.
Unrouted nets 2 at the end of iteration 135.
Unrouted nets 2 at the end of iteration 136.
Unrouted nets 2 at the end of iteration 137.
Unrouted nets 2 at the end of iteration 138.
Unrouted nets 2 at the end of iteration 139.
Unrouted nets 1 at the end of iteration 140.
Unrouted nets 1 at the end of iteration 141.
Unrouted nets 1 at the end of iteration 142.
Unrouted nets 1 at the end of iteration 143.
Unrouted nets 1 at the end of iteration 144.
Unrouted nets 1 at the end of iteration 145.
Unrouted nets 1 at the end of iteration 146.
Unrouted nets 1 at the end of iteration 147.
Unrouted nets 1 at the end of iteration 148.
Unrouted nets 1 at the end of iteration 149.
Unrouted nets 1 at the end of iteration 150.
Unrouted nets 1 at the end of iteration 151.
Unrouted nets 2 at the end of iteration 152.
Unrouted nets 1 at the end of iteration 153.
Unrouted nets 1 at the end of iteration 154.
Unrouted nets 1 at the end of iteration 155.
Unrouted nets 1 at the end of iteration 156.
Unrouted nets 1 at the end of iteration 157.
Unrouted nets 1 at the end of iteration 158.
Unrouted nets 1 at the end of iteration 159.
Unrouted nets 1 at the end of iteration 160.
Unrouted nets 1 at the end of iteration 161.
Unrouted nets 1 at the end of iteration 162.
Unrouted nets 1 at the end of iteration 163.
Unrouted nets 1 at the end of iteration 164.
Unrouted nets 1 at the end of iteration 165.
Unrouted nets 1 at the end of iteration 166.
Unrouted nets 1 at the end of iteration 167.
Unrouted nets 1 at the end of iteration 168.
Unrouted nets 1 at the end of iteration 169.
Unrouted nets 1 at the end of iteration 170.
Unrouted nets 1 at the end of iteration 171.
Unrouted nets 1 at the end of iteration 172.
Unrouted nets 1 at the end of iteration 173.
Unrouted nets 1 at the end of iteration 174.
Unrouted nets 1 at the end of iteration 175.
Unrouted nets 1 at the end of iteration 176.
Unrouted nets 1 at the end of iteration 177.
Unrouted nets 1 at the end of iteration 178.
Unrouted nets 1 at the end of iteration 179.
Unrouted nets 1 at the end of iteration 180.
Unrouted nets 1 at the end of iteration 181.
Unrouted nets 1 at the end of iteration 182.
Unrouted nets 1 at the end of iteration 183.
Unrouted nets 1 at the end of iteration 184.
Unrouted nets 1 at the end of iteration 185.
Unrouted nets 1 at the end of iteration 186.
Unrouted nets 1 at the end of iteration 187.
Unrouted nets 1 at the end of iteration 188.
Unrouted nets 1 at the end of iteration 189.
Unrouted nets 1 at the end of iteration 190.
Unrouted nets 1 at the end of iteration 191.
Unrouted nets 1 at the end of iteration 192.
Unrouted nets 1 at the end of iteration 193.
Unrouted nets 1 at the end of iteration 194.
Unrouted nets 1 at the end of iteration 195.
Unrouted nets 1 at the end of iteration 196.
Unrouted nets 1 at the end of iteration 197.
Unrouted nets 1 at the end of iteration 198.
Unrouted nets 1 at the end of iteration 199.
Unrouted nets 1 at the end of iteration 200.
Unrouted nets 1 at the end of iteration 201.
Unrouted nets 1 at the end of iteration 202.
Unrouted nets 1 at the end of iteration 203.
Unrouted nets 1 at the end of iteration 204.
Unrouted nets 1 at the end of iteration 205.
Unrouted nets 1 at the end of iteration 206.
Unrouted nets 1 at the end of iteration 207.
Unrouted nets 1 at the end of iteration 208.
Unrouted nets 1 at the end of iteration 209.
Unrouted nets 1 at the end of iteration 210.
Unrouted nets 1 at the end of iteration 211.
Unrouted nets 1 at the end of iteration 212.
Unrouted nets 1 at the end of iteration 213.
Unrouted nets 1 at the end of iteration 214.
Unrouted nets 1 at the end of iteration 215.
Unrouted nets 1 at the end of iteration 216.
Unrouted nets 1 at the end of iteration 217.
Unrouted nets 3 at the end of iteration 218.
Unrouted nets 3 at the end of iteration 219.
Unrouted nets 4 at the end of iteration 220.
Unrouted nets 3 at the end of iteration 221.
Unrouted nets 2 at the end of iteration 222.
Unrouted nets 1 at the end of iteration 223.
Unrouted nets 1 at the end of iteration 224.
Unrouted nets 1 at the end of iteration 225.
Unrouted nets 1 at the end of iteration 226.
Unrouted nets 1 at the end of iteration 227.
Unrouted nets 1 at the end of iteration 228.
Unrouted nets 1 at the end of iteration 229.
Unrouted nets 1 at the end of iteration 230.
Unrouted nets 1 at the end of iteration 231.
Unrouted nets 0 at the end of iteration 232.
Global Routing step 2 processed 116 nets, it takes 1.36 sec.
Unrouted nets 317 at the end of iteration 0.
Unrouted nets 180 at the end of iteration 1.
Unrouted nets 96 at the end of iteration 2.
Unrouted nets 63 at the end of iteration 3.
Unrouted nets 47 at the end of iteration 4.
Unrouted nets 26 at the end of iteration 5.
Unrouted nets 19 at the end of iteration 6.
Unrouted nets 14 at the end of iteration 7.
Unrouted nets 9 at the end of iteration 8.
Unrouted nets 8 at the end of iteration 9.
Unrouted nets 4 at the end of iteration 10.
Unrouted nets 5 at the end of iteration 11.
Unrouted nets 0 at the end of iteration 12.
Global Routing step 3 processed 581 nets, it takes 1.28 sec.
Global routing takes 2.67 sec.
Total 25471 subnets.
    forward max bucket size 4276 , backward 2920.
        Unrouted nets 16318 at the end of iteration 0.
    route iteration 0, CPU time elapsed 1.468750 sec.
    forward max bucket size 3410 , backward 2553.
        Unrouted nets 13125 at the end of iteration 1.
    route iteration 1, CPU time elapsed 1.578125 sec.
    forward max bucket size 3608 , backward 4671.
        Unrouted nets 10641 at the end of iteration 2.
    route iteration 2, CPU time elapsed 1.343750 sec.
    forward max bucket size 2297 , backward 3128.
        Unrouted nets 8799 at the end of iteration 3.
    route iteration 3, CPU time elapsed 0.828125 sec.
    forward max bucket size 2535 , backward 2925.
        Unrouted nets 7477 at the end of iteration 4.
    route iteration 4, CPU time elapsed 0.875000 sec.
    forward max bucket size 3336 , backward 3996.
        Unrouted nets 6253 at the end of iteration 5.
    route iteration 5, CPU time elapsed 1.046875 sec.
    forward max bucket size 2959 , backward 2547.
        Unrouted nets 5656 at the end of iteration 6.
    route iteration 6, CPU time elapsed 0.531250 sec.
    forward max bucket size 2382 , backward 1891.
        Unrouted nets 4854 at the end of iteration 7.
    route iteration 7, CPU time elapsed 0.593750 sec.
    forward max bucket size 3883 , backward 2272.
        Unrouted nets 4082 at the end of iteration 8.
    route iteration 8, CPU time elapsed 0.609375 sec.
    forward max bucket size 2707 , backward 1825.
        Unrouted nets 3441 at the end of iteration 9.
    route iteration 9, CPU time elapsed 0.515625 sec.
    forward max bucket size 2121 , backward 1487.
        Unrouted nets 2822 at the end of iteration 10.
    route iteration 10, CPU time elapsed 0.500000 sec.
    forward max bucket size 2265 , backward 1601.
        Unrouted nets 2357 at the end of iteration 11.
    route iteration 11, CPU time elapsed 0.453125 sec.
    forward max bucket size 3748 , backward 3224.
        Unrouted nets 1967 at the end of iteration 12.
    route iteration 12, CPU time elapsed 0.421875 sec.
    forward max bucket size 2319 , backward 1790.
        Unrouted nets 1622 at the end of iteration 13.
    route iteration 13, CPU time elapsed 0.343750 sec.
    forward max bucket size 3415 , backward 1516.
        Unrouted nets 1340 at the end of iteration 14.
    route iteration 14, CPU time elapsed 0.281250 sec.
    forward max bucket size 3944 , backward 1260.
        Unrouted nets 1171 at the end of iteration 15.
    route iteration 15, CPU time elapsed 0.203125 sec.
    forward max bucket size 2795 , backward 1530.
        Unrouted nets 991 at the end of iteration 16.
    route iteration 16, CPU time elapsed 0.218750 sec.
    forward max bucket size 2489 , backward 1140.
        Unrouted nets 817 at the end of iteration 17.
    route iteration 17, CPU time elapsed 0.218750 sec.
    forward max bucket size 2306 , backward 1521.
        Unrouted nets 701 at the end of iteration 18.
    route iteration 18, CPU time elapsed 0.203125 sec.
    forward max bucket size 2756 , backward 1386.
        Unrouted nets 622 at the end of iteration 19.
    route iteration 19, CPU time elapsed 0.125000 sec.
    forward max bucket size 2986 , backward 1487.
        Unrouted nets 605 at the end of iteration 20.
    route iteration 20, CPU time elapsed 0.203125 sec.
    forward max bucket size 3414 , backward 1813.
        Unrouted nets 527 at the end of iteration 21.
    route iteration 21, CPU time elapsed 0.203125 sec.
    forward max bucket size 3091 , backward 1542.
        Unrouted nets 415 at the end of iteration 22.
    route iteration 22, CPU time elapsed 0.078125 sec.
    forward max bucket size 3269 , backward 1445.
        Unrouted nets 399 at the end of iteration 23.
    route iteration 23, CPU time elapsed 0.234375 sec.
    forward max bucket size 1310 , backward 1012.
        Unrouted nets 280 at the end of iteration 24.
    route iteration 24, CPU time elapsed 0.187500 sec.
    forward max bucket size 3198 , backward 1523.
        Unrouted nets 285 at the end of iteration 25.
    route iteration 25, CPU time elapsed 0.218750 sec.
    forward max bucket size 2504 , backward 721.
        Unrouted nets 239 at the end of iteration 26.
    route iteration 26, CPU time elapsed 0.125000 sec.
    forward max bucket size 2482 , backward 805.
        Unrouted nets 211 at the end of iteration 27.
    route iteration 27, CPU time elapsed 0.125000 sec.
    forward max bucket size 1357 , backward 1333.
        Unrouted nets 198 at the end of iteration 28.
    route iteration 28, CPU time elapsed 0.156250 sec.
    forward max bucket size 1018 , backward 579.
        Unrouted nets 133 at the end of iteration 29.
    route iteration 29, CPU time elapsed 0.171875 sec.
    forward max bucket size 1659 , backward 1193.
        Unrouted nets 160 at the end of iteration 30.
    route iteration 30, CPU time elapsed 0.140625 sec.
    forward max bucket size 2243 , backward 760.
        Unrouted nets 146 at the end of iteration 31.
    route iteration 31, CPU time elapsed 0.093750 sec.
    forward max bucket size 1686 , backward 1115.
        Unrouted nets 138 at the end of iteration 32.
    route iteration 32, CPU time elapsed 0.171875 sec.
    forward max bucket size 1583 , backward 564.
        Unrouted nets 123 at the end of iteration 33.
    route iteration 33, CPU time elapsed 0.109375 sec.
    forward max bucket size 555 , backward 601.
        Unrouted nets 128 at the end of iteration 34.
    route iteration 34, CPU time elapsed 0.031250 sec.
    forward max bucket size 664 , backward 1032.
        Unrouted nets 103 at the end of iteration 35.
    route iteration 35, CPU time elapsed 0.015625 sec.
    forward max bucket size 509 , backward 938.
        Unrouted nets 84 at the end of iteration 36.
    route iteration 36, CPU time elapsed 0.046875 sec.
    forward max bucket size 632 , backward 1329.
        Unrouted nets 85 at the end of iteration 37.
    route iteration 37, CPU time elapsed 0.031250 sec.
    forward max bucket size 632 , backward 1398.
        Unrouted nets 72 at the end of iteration 38.
    route iteration 38, CPU time elapsed 0.109375 sec.
    forward max bucket size 639 , backward 1434.
        Unrouted nets 54 at the end of iteration 39.
    route iteration 39, CPU time elapsed 0.031250 sec.
    forward max bucket size 633 , backward 1388.
        Unrouted nets 32 at the end of iteration 40.
    route iteration 40, CPU time elapsed 0.000000 sec.
    forward max bucket size 644 , backward 1442.
        Unrouted nets 23 at the end of iteration 41.
    route iteration 41, CPU time elapsed 0.031250 sec.
    forward max bucket size 659 , backward 1534.
        Unrouted nets 21 at the end of iteration 42.
    route iteration 42, CPU time elapsed 0.000000 sec.
    forward max bucket size 651 , backward 1476.
        Unrouted nets 25 at the end of iteration 43.
    route iteration 43, CPU time elapsed 0.000000 sec.
    forward max bucket size 651 , backward 1571.
        Unrouted nets 19 at the end of iteration 44.
    route iteration 44, CPU time elapsed 0.046875 sec.
    forward max bucket size 655 , backward 1556.
        Unrouted nets 13 at the end of iteration 45.
    route iteration 45, CPU time elapsed 0.000000 sec.
    forward max bucket size 655 , backward 1573.
        Unrouted nets 10 at the end of iteration 46.
    route iteration 46, CPU time elapsed 0.031250 sec.
    forward max bucket size 31 , backward 23.
        Unrouted nets 9 at the end of iteration 47.
    route iteration 47, CPU time elapsed 0.015625 sec.
    forward max bucket size 26 , backward 10.
        Unrouted nets 8 at the end of iteration 48.
    route iteration 48, CPU time elapsed 0.000000 sec.
    forward max bucket size 24 , backward 14.
        Unrouted nets 7 at the end of iteration 49.
    route iteration 49, CPU time elapsed 0.062500 sec.
    forward max bucket size 23 , backward 16.
        Unrouted nets 7 at the end of iteration 50.
    route iteration 50, CPU time elapsed 0.015625 sec.
    forward max bucket size 15 , backward 7.
        Unrouted nets 3 at the end of iteration 51.
    route iteration 51, CPU time elapsed 0.015625 sec.
    forward max bucket size 15 , backward 5.
        Unrouted nets 3 at the end of iteration 52.
    route iteration 52, CPU time elapsed 0.015625 sec.
    forward max bucket size 15 , backward 4.
        Unrouted nets 3 at the end of iteration 53.
    route iteration 53, CPU time elapsed 0.015625 sec.
    forward max bucket size 15 , backward 6.
        Unrouted nets 3 at the end of iteration 54.
    route iteration 54, CPU time elapsed 0.015625 sec.
    forward max bucket size 15 , backward 6.
        Unrouted nets 3 at the end of iteration 55.
    route iteration 55, CPU time elapsed 0.000000 sec.
    forward max bucket size 15 , backward 6.
        Unrouted nets 3 at the end of iteration 56.
    route iteration 56, CPU time elapsed 0.031250 sec.
    forward max bucket size 15 , backward 7.
        Unrouted nets 3 at the end of iteration 57.
    route iteration 57, CPU time elapsed 0.015625 sec.
    forward max bucket size 15 , backward 7.
        Unrouted nets 3 at the end of iteration 58.
    route iteration 58, CPU time elapsed 0.015625 sec.
    forward max bucket size 15 , backward 7.
        Unrouted nets 3 at the end of iteration 59.
    route iteration 59, CPU time elapsed 0.062500 sec.
    forward max bucket size 15 , backward 7.
        Unrouted nets 3 at the end of iteration 60.
    route iteration 60, CPU time elapsed 0.015625 sec.
    forward max bucket size 15 , backward 6.
        Unrouted nets 3 at the end of iteration 61.
    route iteration 61, CPU time elapsed 0.015625 sec.
    forward max bucket size 15 , backward 7.
        Unrouted nets 3 at the end of iteration 62.
    route iteration 62, CPU time elapsed 0.046875 sec.
    forward max bucket size 15 , backward 6.
        Unrouted nets 3 at the end of iteration 63.
    route iteration 63, CPU time elapsed 0.000000 sec.
    forward max bucket size 15 , backward 6.
        Unrouted nets 3 at the end of iteration 64.
    route iteration 64, CPU time elapsed 0.031250 sec.
    forward max bucket size 15 , backward 7.
        Unrouted nets 3 at the end of iteration 65.
    route iteration 65, CPU time elapsed 0.062500 sec.
    forward max bucket size 15 , backward 8.
        Unrouted nets 3 at the end of iteration 66.
    route iteration 66, CPU time elapsed 0.015625 sec.
    forward max bucket size 15 , backward 6.
        Unrouted nets 3 at the end of iteration 67.
    route iteration 67, CPU time elapsed 0.046875 sec.
    forward max bucket size 15 , backward 6.
        Unrouted nets 3 at the end of iteration 68.
    route iteration 68, CPU time elapsed 0.046875 sec.
    forward max bucket size 15 , backward 8.
        Unrouted nets 3 at the end of iteration 69.
    route iteration 69, CPU time elapsed 0.015625 sec.
    forward max bucket size 15 , backward 7.
        Unrouted nets 3 at the end of iteration 70.
    route iteration 70, CPU time elapsed 0.000000 sec.
    forward max bucket size 15 , backward 6.
        Unrouted nets 3 at the end of iteration 71.
    route iteration 71, CPU time elapsed 0.000000 sec.
    forward max bucket size 15 , backward 6.
        Unrouted nets 3 at the end of iteration 72.
    route iteration 72, CPU time elapsed 0.015625 sec.
    forward max bucket size 15 , backward 8.
        Unrouted nets 3 at the end of iteration 73.
    route iteration 73, CPU time elapsed 0.046875 sec.
    forward max bucket size 15 , backward 6.
        Unrouted nets 3 at the end of iteration 74.
    route iteration 74, CPU time elapsed 0.000000 sec.
    forward max bucket size 15 , backward 8.
        Unrouted nets 3 at the end of iteration 75.
    route iteration 75, CPU time elapsed 0.015625 sec.
    forward max bucket size 15 , backward 6.
        Unrouted nets 3 at the end of iteration 76.
    route iteration 76, CPU time elapsed 0.031250 sec.
    forward max bucket size 15 , backward 6.
        Unrouted nets 3 at the end of iteration 77.
    route iteration 77, CPU time elapsed 0.015625 sec.
    forward max bucket size 15 , backward 7.
        Unrouted nets 3 at the end of iteration 78.
    route iteration 78, CPU time elapsed 0.000000 sec.
    forward max bucket size 15 , backward 7.
        Unrouted nets 3 at the end of iteration 79.
    route iteration 79, CPU time elapsed 0.015625 sec.
    forward max bucket size 15 , backward 7.
        Unrouted nets 3 at the end of iteration 80.
    route iteration 80, CPU time elapsed 0.031250 sec.
    forward max bucket size 15 , backward 7.
        Unrouted nets 3 at the end of iteration 81.
    route iteration 81, CPU time elapsed 0.031250 sec.
    forward max bucket size 15 , backward 8.
        Unrouted nets 3 at the end of iteration 82.
    route iteration 82, CPU time elapsed 0.015625 sec.
    forward max bucket size 15 , backward 7.
        Unrouted nets 3 at the end of iteration 83.
    route iteration 83, CPU time elapsed 0.015625 sec.
    forward max bucket size 15 , backward 7.
        Unrouted nets 3 at the end of iteration 84.
    route iteration 84, CPU time elapsed 0.015625 sec.
    forward max bucket size 15 , backward 7.
        Unrouted nets 3 at the end of iteration 85.
    route iteration 85, CPU time elapsed 0.015625 sec.
    forward max bucket size 15 , backward 7.
        Unrouted nets 3 at the end of iteration 86.
    route iteration 86, CPU time elapsed 0.015625 sec.
    forward max bucket size 15 , backward 6.
        Unrouted nets 3 at the end of iteration 87.
    route iteration 87, CPU time elapsed 0.015625 sec.
    forward max bucket size 15 , backward 7.
        Unrouted nets 3 at the end of iteration 88.
    route iteration 88, CPU time elapsed 0.000000 sec.
    forward max bucket size 15 , backward 6.
        Unrouted nets 3 at the end of iteration 89.
    route iteration 89, CPU time elapsed 0.015625 sec.
    forward max bucket size 15 , backward 7.
        Unrouted nets 3 at the end of iteration 90.
    route iteration 90, CPU time elapsed 0.015625 sec.
    forward max bucket size 15 , backward 8.
        Unrouted nets 3 at the end of iteration 91.
    route iteration 91, CPU time elapsed 0.015625 sec.
    forward max bucket size 15 , backward 6.
        Unrouted nets 3 at the end of iteration 92.
    route iteration 92, CPU time elapsed 0.000000 sec.
    forward max bucket size 15 , backward 6.
        Unrouted nets 3 at the end of iteration 93.
    route iteration 93, CPU time elapsed 0.015625 sec.
    forward max bucket size 15 , backward 7.
        Unrouted nets 3 at the end of iteration 94.
    route iteration 94, CPU time elapsed 0.031250 sec.
    forward max bucket size 15 , backward 6.
        Unrouted nets 3 at the end of iteration 95.
    route iteration 95, CPU time elapsed 0.000000 sec.
    forward max bucket size 15 , backward 8.
        Unrouted nets 3 at the end of iteration 96.
    route iteration 96, CPU time elapsed 0.000000 sec.
    forward max bucket size 15 , backward 7.
        Unrouted nets 3 at the end of iteration 97.
    route iteration 97, CPU time elapsed 0.031250 sec.
    forward max bucket size 15 , backward 6.
        Unrouted nets 3 at the end of iteration 98.
    route iteration 98, CPU time elapsed 0.015625 sec.
    forward max bucket size 15 , backward 7.
        Unrouted nets 3 at the end of iteration 99.
    route iteration 99, CPU time elapsed 0.031250 sec.
    forward max bucket size 15 , backward 7.
        Unrouted nets 3 at the end of iteration 100.
    route iteration 100, CPU time elapsed 0.015625 sec.
    forward max bucket size 15 , backward 7.
        Unrouted nets 3 at the end of iteration 101.
    route iteration 101, CPU time elapsed 0.015625 sec.
    forward max bucket size 15 , backward 7.
        Unrouted nets 3 at the end of iteration 102.
    route iteration 102, CPU time elapsed 0.031250 sec.
    forward max bucket size 15 , backward 5.
        Unrouted nets 3 at the end of iteration 103.
    route iteration 103, CPU time elapsed 0.000000 sec.
    forward max bucket size 15 , backward 7.
        Unrouted nets 3 at the end of iteration 104.
    route iteration 104, CPU time elapsed 0.031250 sec.
    forward max bucket size 15 , backward 6.
        Unrouted nets 3 at the end of iteration 105.
    route iteration 105, CPU time elapsed 0.000000 sec.
    forward max bucket size 15 , backward 6.
        Unrouted nets 3 at the end of iteration 106.
    route iteration 106, CPU time elapsed 0.015625 sec.
    forward max bucket size 15 , backward 7.
        Unrouted nets 3 at the end of iteration 107.
    route iteration 107, CPU time elapsed 0.000000 sec.
    forward max bucket size 15 , backward 6.
        Unrouted nets 3 at the end of iteration 108.
    route iteration 108, CPU time elapsed 0.031250 sec.
    forward max bucket size 15 , backward 6.
        Unrouted nets 3 at the end of iteration 109.
    route iteration 109, CPU time elapsed 0.015625 sec.
    forward max bucket size 15 , backward 7.
        Unrouted nets 3 at the end of iteration 110.
    route iteration 110, CPU time elapsed 0.015625 sec.
    forward max bucket size 15 , backward 7.
        Unrouted nets 3 at the end of iteration 111.
    route iteration 111, CPU time elapsed 0.031250 sec.
    forward max bucket size 15 , backward 6.
        Unrouted nets 3 at the end of iteration 112.
    route iteration 112, CPU time elapsed 0.031250 sec.
    forward max bucket size 15 , backward 6.
        Unrouted nets 3 at the end of iteration 113.
    route iteration 113, CPU time elapsed 0.031250 sec.
    forward max bucket size 15 , backward 6.
        Unrouted nets 3 at the end of iteration 114.
    route iteration 114, CPU time elapsed 0.000000 sec.
    forward max bucket size 15 , backward 7.
        Unrouted nets 3 at the end of iteration 115.
    route iteration 115, CPU time elapsed 0.031250 sec.
    forward max bucket size 15 , backward 7.
        Unrouted nets 3 at the end of iteration 116.
    route iteration 116, CPU time elapsed 0.031250 sec.
    forward max bucket size 15 , backward 6.
        Unrouted nets 3 at the end of iteration 117.
    route iteration 117, CPU time elapsed 0.015625 sec.
    forward max bucket size 15 , backward 6.
        Unrouted nets 3 at the end of iteration 118.
    route iteration 118, CPU time elapsed 0.031250 sec.
    forward max bucket size 15 , backward 7.
        Unrouted nets 3 at the end of iteration 119.
    route iteration 119, CPU time elapsed 0.031250 sec.
    forward max bucket size 15 , backward 6.
        Unrouted nets 3 at the end of iteration 120.
    route iteration 120, CPU time elapsed 0.000000 sec.
    forward max bucket size 15 , backward 6.
        Unrouted nets 3 at the end of iteration 121.
    route iteration 121, CPU time elapsed 0.031250 sec.
    forward max bucket size 15 , backward 7.
        Unrouted nets 3 at the end of iteration 122.
    route iteration 122, CPU time elapsed 0.046875 sec.
    forward max bucket size 15 , backward 6.
        Unrouted nets 3 at the end of iteration 123.
    route iteration 123, CPU time elapsed 0.031250 sec.
    forward max bucket size 15 , backward 8.
        Unrouted nets 3 at the end of iteration 124.
    route iteration 124, CPU time elapsed 0.031250 sec.
    forward max bucket size 15 , backward 6.
        Unrouted nets 3 at the end of iteration 125.
    route iteration 125, CPU time elapsed 0.031250 sec.
    forward max bucket size 15 , backward 7.
        Unrouted nets 3 at the end of iteration 126.
    route iteration 126, CPU time elapsed 0.031250 sec.
    forward max bucket size 15 , backward 8.
        Unrouted nets 3 at the end of iteration 127.
    route iteration 127, CPU time elapsed 0.000000 sec.
    forward max bucket size 15 , backward 6.
        Unrouted nets 3 at the end of iteration 128.
    route iteration 128, CPU time elapsed 0.015625 sec.
    forward max bucket size 15 , backward 8.
        Unrouted nets 3 at the end of iteration 129.
    route iteration 129, CPU time elapsed 0.046875 sec.
    forward max bucket size 15 , backward 6.
        Unrouted nets 3 at the end of iteration 130.
    route iteration 130, CPU time elapsed 0.046875 sec.
    forward max bucket size 15 , backward 8.
        Unrouted nets 3 at the end of iteration 131.
    route iteration 131, CPU time elapsed 0.015625 sec.
Detailed routing takes 131 iterations
    Unrouted nets 10 at the end of fading iteration 11.
    Unrouted nets 9 at the end of fading iteration 10.
    Unrouted nets 11 at the end of fading iteration 9.
    Unrouted nets 8 at the end of fading iteration 8.
    Unrouted nets 10 at the end of fading iteration 7.
    Unrouted nets 8 at the end of fading iteration 6.
    Unrouted nets 8 at the end of fading iteration 5.
    Unrouted nets 10 at the end of fading iteration 4.
    Unrouted nets 1 at the end of fading iteration 3.
    Unrouted nets 1 at the end of fading iteration 2.
    Unrouted nets 1 at the end of fading iteration 1.
Fading routing takes 11 iterations.
    Unrouted nets 0 at the end of congested iteration 201.

Congestion routing takes 1 iterations.
I: Design net nt_rgmii_rxc is routed by general path.
C: Route-2036: The clock path from rgmii_rxc_ibuf/opit_1:OUT to gvrd_test/rgmii_interface/clk_dll/gopdll:CLK is routed by SRB.
I: Design net nt_es1_dsclk is routed by general path.
C: Route-2036: The clock path from es1_dsclk_ibuf/opit_1:OUT to clkbufg_5/gopclkbufg:CLK is routed by SRB.
I: Design net clock_i2c is routed by general path.
C: Route-2036: The clock path from ES7243E_reg_config/clock_i2c/opit_0_L5Q:Q to ES7243E_reg_config/start/opit_0_inv_L5Q:CLK is routed by SRB.
Detailed routing takes 18.48 sec.
Start fix hold violation.
Build tmp routing results takes 0.08 sec.
Timing analysis takes 0.06 sec.
Hold violation fix iter 0 takes 0.19 sec, total_step_forward 172810.
Incremental timing analysis takes 0.05 sec.
Hold violation fix iter 1 takes 0.00 sec, total_step_forward 244.
Incremental timing analysis takes 0.08 sec.
Hold violation fix iter 2 takes 3.94 sec, total_step_forward 3139120.
Incremental timing analysis takes 0.05 sec.
Hold violation fix iter 3 takes 1.30 sec, total_step_forward 1033594.
Incremental timing analysis takes 0.02 sec.
Hold violation fix iter 4 takes 1.67 sec, total_step_forward 1237016.
Incremental timing analysis takes 0.09 sec.
Hold violation fix iter 5 takes 2.02 sec, total_step_forward 1016260.
Hold Violation Fix in router takes 6 iterations.
Fix hold violation Finished.
Hold Violation Fix in router takes 9.95 sec.

Dispose routing result:
    Collect routing result.
    Delete unused device instances.
    Annotate routing result.
    Change LUT configuration.
    Dispose misc instances.
    Annotate routing result again.
Finish routing takes 0.19 sec.
C: Route-2015: Hold violation is 13210 ps over the critical value of 10000 ps, beyond the critical value will not be repaired.
The timing paths of the clock rgmii_clk have hold violation, the worst slack : -4319.
Hold fix iterated 1 times
The hold violation of the clock rgmii_clk has been fixed unsuccessfully, the finally worst slack: -4319(slow), -3210(fast).
Hold violation fix failed. (takes 0.47 sec).
Used SRB routing arc is 205606.
Cleanup routing takes 0.00 sec.
Routing done.
Total routing takes 32.83 sec.
W: Timing-4105: The worst slack of endpoint gvrd_test/gvrd/Dcache2Frame/U_ipml_fifo_Dcache2Frame/U_ipml_fifo_ctrl/ASYN_CTRL.rwptr1[5]/opit_0/D of clock rgmii_clk is -4319ps(slow corner), but required hold violation threshold is 200ps.
C: STA-3017: There are 2 clock cross SRB paths do not meet the required hold violation threshold(200ps).


Device Utilization Summary :
+---------------------------------------------------------------------------+
| Logic Utilization        | Used     | Available     | Utilization(%)     
+---------------------------------------------------------------------------+
| Use of APM               | 77       | 84            | 92                 
| Use of BKCL              | 3        | 4             | 75                 
| Use of CLMA              | 2108     | 6450          | 33                 
|   FF                     | 5994     | 38700         | 16                 
|   LUT                    | 5515     | 25800         | 22                 
|   LUT-FF pairs           | 1499     | 25800         | 6                  
| Use of CLMS              | 1247     | 4250          | 30                 
|   FF                     | 3305     | 25500         | 13                 
|   LUT                    | 3246     | 17000         | 20                 
|   LUT-FF pairs           | 708      | 17000         | 5                  
|   Distributed RAM        | 128      | 17000         | 1                  
| Use of CRYSTAL           | 0        | 2             | 0                  
| Use of DLL               | 1        | 10            | 10                 
| Use of DQSL              | 0        | 18            | 0                  
| Use of DRM               | 92       | 134           | 69                 
| Use of FUSECODE          | 0        | 1             | 0                  
| Use of HARD0N1           | 1174     | 6672          | 18                 
| Use of HSST              | 0        | 1             | 0                  
| Use of IO                | 104      | 296           | 36                 
|   IOBD                   | 32       | 64            | 50                 
|   IOBR_LR                | 1        | 7             | 15                 
|   IOBR_TB                | 5        | 8             | 63                 
|   IOBS_LR                | 40       | 161           | 25                 
|   IOBS_TB                | 26       | 56            | 47                 
| Use of IOCKDIV           | 0        | 20            | 0                  
| Use of IOCKDLY           | 1        | 40            | 3                  
| Use of IOCKGATE          | 0        | 20            | 0                  
| Use of IOCKGMUX_TEST     | 0        | 20            | 0                  
| Use of IOL               | 104      | 400           | 26                 
| Use of IPAL              | 0        | 1             | 0                  
| Use of LDO               | 0        | 4             | 0                  
| Use of MFG_TEST          | 0        | 1             | 0                  
| Use of OSC               | 0        | 1             | 0                  
| Use of PCIE              | 0        | 1             | 0                  
| Use of PIOMUX_TEST       | 0        | 10            | 0                  
| Use of PLL               | 2        | 5             | 40                 
| Use of PREGMUX_TEST      | 0        | 6             | 0                  
| Use of RCKB              | 1        | 24            | 5                  
|  RCKB dataused           | 1        | 24            | 5                  
| Use of RCKBMUX_TEST      | 0        | 12            | 0                  
| Use of RESCAL            | 0        | 4             | 0                  
| Use of SCANCHAIN         | 0        | 2             | 0                  
| Use of START             | 1        | 1             | 100                
| Use of UDID              | 0        | 1             | 0                  
| Use of USCM              | 10       | 30            | 34                 
|  USCM dataused           | 0        | 30            | 0                  
| Use of USCMMUX_TEST      | 0        | 30            | 0                  
| Use of VCKBMUX_TEST      | 0        | 12            | 0                  
+---------------------------------------------------------------------------+

Finished routing.
Design 'top' has been placed and routed successfully.
Saving design to DB.
Finished placement and routing.
Action pnr: Real time elapsed is 0h:3m:32s
Action pnr: CPU time elapsed is 0h:1m:0s
Action pnr: Process CPU time elapsed is 0h:1m:19s
Current time: Sat Aug 17 22:23:26 2024
Action pnr: Peak memory pool usage is 1,657 MB
