#Build: Design Editor 2022.2-SP1-Lite, Build 132640, Aug 18 15:01 2023
#Install: C:\pango\PDS_2022.2-SP1-Lite\bin
#Application name: de.exe
#OS: Windows 10 10.0.22631
#Hostname: DESKTOP-73C3QQ3
Generated by Design Editor (version 2022.2-SP1-Lite build 132640) at Sat Aug 17 22:54:11 2024
Compiling verification operator library.
Compiling common defs.
Compiling prim grid devices.
Compiling prim grid device symbols.
Compiling gate devices.
Compiling gate operators.
Building architecture model.
Loading device packaging model.
Building architecture floorplan logic view.
Building architecture schematic structure.
Building architecture floorplan schematic view.
Loading the wires...
Loading the device ...
M_PROCESS_FINISH_STARTED

Loading wires finished.
Import Design DB finished.
