#Build: Fabric Compiler 2022.2-SP1-Lite, Build 132640, Aug 18 15:12 2023
#Install: C:\pango\PDS_2022.2-SP1-Lite\bin
#Application name: pds_shell.exe
#OS: Windows 10 10.0.22631
#Hostname: DESKTOP-73C3QQ3
Generated by Fabric Compiler (version 2022.2-SP1-Lite build 132640) at Sat Aug 17 22:47:23 2024
Compiling verification operator library.
Compiling common defs.
Loading technology operator library.
Compiling technology operator library.
Compiling technology operator (valence) library.
Compiling operator packing rules.
Compiling prim grid devices.
Compiling gate devices.
Compiling gate operators.
Compiling tech operator impls.
Building architecture model.
Loading device packaging model.
Executing : get_clocks {mclk pixclk_in rgmii_clk sclk sys_clk}
Executing : get_clocks {mclk pixclk_in rgmii_clk sclk sys_clk} successfully.
Executing : set_clock_groups -name async_clk -asynchronous -group [get_clocks {mclk pixclk_in rgmii_clk sclk sys_clk}]
Executing : set_clock_groups -name async_clk -asynchronous -group [get_clocks {mclk pixclk_in rgmii_clk sclk sys_clk}] successfully.
Executing : get_cells {ubus.u_local_bus_slve_cis.reg1[0]}
Executing : get_cells {ubus.u_local_bus_slve_cis.reg1[0]} successfully.
Executing : get_cells {speaker_ctrl_d0[0]}
Executing : get_cells {speaker_ctrl_d0[0]} successfully.
Executing : set_false_path -from [get_cells {ubus.u_local_bus_slve_cis.reg1[0]}] -to [get_cells {speaker_ctrl_d0[0]}]
Executing : set_false_path -from [get_cells {ubus.u_local_bus_slve_cis.reg1[0]}] -to [get_cells {speaker_ctrl_d0[0]}] successfully.
Executing : get_cells {ubus.u_local_bus_slve_cis.reg1[2]}
Executing : get_cells {ubus.u_local_bus_slve_cis.reg1[2]} successfully.
Executing : get_cells {speaker_ctrl_d0[2]}
Executing : get_cells {speaker_ctrl_d0[2]} successfully.
Executing : set_false_path -from [get_cells {ubus.u_local_bus_slve_cis.reg1[2]}] -to [get_cells {speaker_ctrl_d0[2]}]
Executing : set_false_path -from [get_cells {ubus.u_local_bus_slve_cis.reg1[2]}] -to [get_cells {speaker_ctrl_d0[2]}] successfully.
Executing : get_cells {ubus.u_local_bus_slve_cis.reg1[1]}
Executing : get_cells {ubus.u_local_bus_slve_cis.reg1[1]} successfully.
Executing : get_cells {speaker_ctrl_d0[1]}
Executing : get_cells {speaker_ctrl_d0[1]} successfully.
Executing : set_false_path -from [get_cells {ubus.u_local_bus_slve_cis.reg1[1]}] -to [get_cells {speaker_ctrl_d0[1]}]
Executing : set_false_path -from [get_cells {ubus.u_local_bus_slve_cis.reg1[1]}] -to [get_cells {speaker_ctrl_d0[1]}] successfully.
Executing : get_cells {gvrd_test.gvrd.Dcache2Frame.U_ipml_fifo_Dcache2Frame.U_ipml_fifo_ctrl.wr_water_level[5]}
Executing : get_cells {gvrd_test.gvrd.Dcache2Frame.U_ipml_fifo_Dcache2Frame.U_ipml_fifo_ctrl.wr_water_level[5]} successfully.
Executing : get_cells {gvrd_test.gvrd.wait_cnt[30] gvrd_test.gvrd.wait_cnt[31]}
Executing : get_cells {gvrd_test.gvrd.wait_cnt[30] gvrd_test.gvrd.wait_cnt[31]} successfully.
Executing : set_false_path -from [get_cells {gvrd_test.gvrd.Dcache2Frame.U_ipml_fifo_Dcache2Frame.U_ipml_fifo_ctrl.wr_water_level[5]}] -to [get_cells {gvrd_test.gvrd.wait_cnt[30] gvrd_test.gvrd.wait_cnt[31]}]
Executing : set_false_path -from [get_cells {gvrd_test.gvrd.Dcache2Frame.U_ipml_fifo_Dcache2Frame.U_ipml_fifo_ctrl.wr_water_level[5]}] -to [get_cells {gvrd_test.gvrd.wait_cnt[30] gvrd_test.gvrd.wait_cnt[31]}] successfully.
Executing : get_cells {gvrd_test.gvrd.Dcache2Frame.U_ipml_fifo_Dcache2Frame.U_ipml_fifo_ctrl.wr_water_level[5]}
Executing : get_cells {gvrd_test.gvrd.Dcache2Frame.U_ipml_fifo_Dcache2Frame.U_ipml_fifo_ctrl.wr_water_level[5]} successfully.
Executing : get_cells {gvrd_test.gvrd.state_reg[6]}
Executing : get_cells {gvrd_test.gvrd.state_reg[6]} successfully.
Executing : set_false_path -from [get_cells {gvrd_test.gvrd.Dcache2Frame.U_ipml_fifo_Dcache2Frame.U_ipml_fifo_ctrl.wr_water_level[5]}] -to [get_cells {gvrd_test.gvrd.state_reg[6]}]
Executing : set_false_path -from [get_cells {gvrd_test.gvrd.Dcache2Frame.U_ipml_fifo_Dcache2Frame.U_ipml_fifo_ctrl.wr_water_level[5]}] -to [get_cells {gvrd_test.gvrd.state_reg[6]}] successfully.
Executing : get_cells {ubus.u_local_bus_slve_cis.reg2[0]}
Executing : get_cells {ubus.u_local_bus_slve_cis.reg2[0]} successfully.
Executing : get_cells nouput_d0
Executing : get_cells nouput_d0 successfully.
Executing : set_false_path -from [get_cells {ubus.u_local_bus_slve_cis.reg2[0]}] -to [get_cells nouput_d0]
Executing : set_false_path -from [get_cells {ubus.u_local_bus_slve_cis.reg2[0]}] -to [get_cells nouput_d0] successfully.
Executing : get_cells {gvrd_test.gvrd.Dcache2Frame.U_ipml_fifo_Dcache2Frame.U_ipml_fifo_ctrl.ASYN_CTRL.rptr[6]}
Executing : get_cells {gvrd_test.gvrd.Dcache2Frame.U_ipml_fifo_Dcache2Frame.U_ipml_fifo_ctrl.ASYN_CTRL.rptr[6]} successfully.
Executing : get_cells {gvrd_test.gvrd.Dcache2Frame.U_ipml_fifo_Dcache2Frame.U_ipml_fifo_ctrl.ASYN_CTRL.wrptr1[6]}
Executing : get_cells {gvrd_test.gvrd.Dcache2Frame.U_ipml_fifo_Dcache2Frame.U_ipml_fifo_ctrl.ASYN_CTRL.wrptr1[6]} successfully.
Executing : set_false_path -from [get_cells {gvrd_test.gvrd.Dcache2Frame.U_ipml_fifo_Dcache2Frame.U_ipml_fifo_ctrl.ASYN_CTRL.rptr[6]}] -to [get_cells {gvrd_test.gvrd.Dcache2Frame.U_ipml_fifo_Dcache2Frame.U_ipml_fifo_ctrl.ASYN_CTRL.wrptr1[6]}]
Executing : set_false_path -from [get_cells {gvrd_test.gvrd.Dcache2Frame.U_ipml_fifo_Dcache2Frame.U_ipml_fifo_ctrl.ASYN_CTRL.rptr[6]}] -to [get_cells {gvrd_test.gvrd.Dcache2Frame.U_ipml_fifo_Dcache2Frame.U_ipml_fifo_ctrl.ASYN_CTRL.wrptr1[6]}] successfully.
Executing : get_cells {gvrd_test.gvrd.Dcache2Frame.U_ipml_fifo_Dcache2Frame.U_ipml_fifo_ctrl.ASYN_CTRL.rptr[3]}
Executing : get_cells {gvrd_test.gvrd.Dcache2Frame.U_ipml_fifo_Dcache2Frame.U_ipml_fifo_ctrl.ASYN_CTRL.rptr[3]} successfully.
Executing : get_cells {gvrd_test.gvrd.Dcache2Frame.U_ipml_fifo_Dcache2Frame.U_ipml_fifo_ctrl.ASYN_CTRL.wrptr1[3]}
Executing : get_cells {gvrd_test.gvrd.Dcache2Frame.U_ipml_fifo_Dcache2Frame.U_ipml_fifo_ctrl.ASYN_CTRL.wrptr1[3]} successfully.
Executing : set_false_path -from [get_cells {gvrd_test.gvrd.Dcache2Frame.U_ipml_fifo_Dcache2Frame.U_ipml_fifo_ctrl.ASYN_CTRL.rptr[3]}] -to [get_cells {gvrd_test.gvrd.Dcache2Frame.U_ipml_fifo_Dcache2Frame.U_ipml_fifo_ctrl.ASYN_CTRL.wrptr1[3]}]
Executing : set_false_path -from [get_cells {gvrd_test.gvrd.Dcache2Frame.U_ipml_fifo_Dcache2Frame.U_ipml_fifo_ctrl.ASYN_CTRL.rptr[3]}] -to [get_cells {gvrd_test.gvrd.Dcache2Frame.U_ipml_fifo_Dcache2Frame.U_ipml_fifo_ctrl.ASYN_CTRL.wrptr1[3]}] successfully.
Executing : get_cells {gvrd_test.gvrd.Dcache2Frame.U_ipml_fifo_Dcache2Frame.U_ipml_fifo_ctrl.ASYN_CTRL.rptr[2]}
Executing : get_cells {gvrd_test.gvrd.Dcache2Frame.U_ipml_fifo_Dcache2Frame.U_ipml_fifo_ctrl.ASYN_CTRL.rptr[2]} successfully.
Executing : get_cells {gvrd_test.gvrd.Dcache2Frame.U_ipml_fifo_Dcache2Frame.U_ipml_fifo_ctrl.ASYN_CTRL.wrptr1[2]}
Executing : get_cells {gvrd_test.gvrd.Dcache2Frame.U_ipml_fifo_Dcache2Frame.U_ipml_fifo_ctrl.ASYN_CTRL.wrptr1[2]} successfully.
Executing : set_false_path -from [get_cells {gvrd_test.gvrd.Dcache2Frame.U_ipml_fifo_Dcache2Frame.U_ipml_fifo_ctrl.ASYN_CTRL.rptr[2]}] -to [get_cells {gvrd_test.gvrd.Dcache2Frame.U_ipml_fifo_Dcache2Frame.U_ipml_fifo_ctrl.ASYN_CTRL.wrptr1[2]}]
Executing : set_false_path -from [get_cells {gvrd_test.gvrd.Dcache2Frame.U_ipml_fifo_Dcache2Frame.U_ipml_fifo_ctrl.ASYN_CTRL.rptr[2]}] -to [get_cells {gvrd_test.gvrd.Dcache2Frame.U_ipml_fifo_Dcache2Frame.U_ipml_fifo_ctrl.ASYN_CTRL.wrptr1[2]}] successfully.
Executing : get_cells {gvrd_test.gvrd.Dcache2Frame.U_ipml_fifo_Dcache2Frame.U_ipml_fifo_ctrl.wr_water_level[7]}
Executing : get_cells {gvrd_test.gvrd.Dcache2Frame.U_ipml_fifo_Dcache2Frame.U_ipml_fifo_ctrl.wr_water_level[7]} successfully.
Executing : get_cells {gvrd_test.gvrd.wait_cnt[18] gvrd_test.gvrd.wait_cnt[22] gvrd_test.gvrd.wait_cnt[24]}
Executing : get_cells {gvrd_test.gvrd.wait_cnt[18] gvrd_test.gvrd.wait_cnt[22] gvrd_test.gvrd.wait_cnt[24]} successfully.
Executing : set_false_path -from [get_cells {gvrd_test.gvrd.Dcache2Frame.U_ipml_fifo_Dcache2Frame.U_ipml_fifo_ctrl.wr_water_level[7]}] -to [get_cells {gvrd_test.gvrd.wait_cnt[18] gvrd_test.gvrd.wait_cnt[22] gvrd_test.gvrd.wait_cnt[24]}]
Executing : set_false_path -from [get_cells {gvrd_test.gvrd.Dcache2Frame.U_ipml_fifo_Dcache2Frame.U_ipml_fifo_ctrl.wr_water_level[7]}] -to [get_cells {gvrd_test.gvrd.wait_cnt[18] gvrd_test.gvrd.wait_cnt[22] gvrd_test.gvrd.wait_cnt[24]}] successfully.
C: SDC-2025: Clock source 'n:ES7243E_reg_config/clock_i2c' need a clock constraint, please use 'create_clock' or 'create_generate_clock' to generate.
Flattening design 'top'
Device mapping started.
Optimizing circuit logic.
I: Const net (pin CEX of inst mfcc_u/Squares/N5_m1) has been disconnected.
I: Const net (pin RSTX of inst mfcc_u/Squares/N5_m1) has been disconnected.
I: Const net (pin CEY of inst mfcc_u/Squares/N5_m1) has been disconnected.
I: Const net (pin RSTY of inst mfcc_u/Squares/N5_m1) has been disconnected.
I: Const net (pin CEX of inst mfcc_u/Squares/N5_m2) has been disconnected.
I: Const net (pin RSTX of inst mfcc_u/Squares/N5_m2) has been disconnected.
I: Const net (pin CEY of inst mfcc_u/Squares/N5_m2) has been disconnected.
I: Const net (pin RSTY of inst mfcc_u/Squares/N5_m2) has been disconnected.
I: Const net (pin CEX of inst mfcc_u/Squares/N5_m3) has been disconnected.
I: Const net (pin RSTX of inst mfcc_u/Squares/N5_m3) has been disconnected.
I: Const net (pin CEY of inst mfcc_u/Squares/N5_m3) has been disconnected.
I: Const net (pin RSTY of inst mfcc_u/Squares/N5_m3) has been disconnected.
I: Const net (pin CEX of inst mfcc_u/Squares/N5_m4) has been disconnected.
I: Const net (pin RSTX of inst mfcc_u/Squares/N5_m4) has been disconnected.
I: Const net (pin CEY of inst mfcc_u/Squares/N5_m4) has been disconnected.
I: Const net (pin RSTY of inst mfcc_u/Squares/N5_m4) has been disconnected.
I: Const net (pin CEP of inst mfcc_u/Squares/N5_m4) has been disconnected.
I: Const net (pin CEX of inst mfcc_u/Squares/N8_m1) has been disconnected.
I: Const net (pin RSTX of inst mfcc_u/Squares/N8_m1) has been disconnected.
I: Const net (pin CEY of inst mfcc_u/Squares/N8_m1) has been disconnected.
I: Const net (pin RSTY of inst mfcc_u/Squares/N8_m1) has been disconnected.
I: Const net (pin CEX of inst mfcc_u/Squares/N8_m2) has been disconnected.
I: Const net (pin RSTX of inst mfcc_u/Squares/N8_m2) has been disconnected.
I: Const net (pin CEY of inst mfcc_u/Squares/N8_m2) has been disconnected.
I: Const net (pin RSTY of inst mfcc_u/Squares/N8_m2) has been disconnected.
I: Const net (pin CEX of inst mfcc_u/Squares/N8_m3) has been disconnected.
I: Const net (pin RSTX of inst mfcc_u/Squares/N8_m3) has been disconnected.
I: Const net (pin CEY of inst mfcc_u/Squares/N8_m3) has been disconnected.
I: Const net (pin RSTY of inst mfcc_u/Squares/N8_m3) has been disconnected.
I: Const net (pin CEX of inst mfcc_u/Squares/N8_m4) has been disconnected.
I: Const net (pin RSTX of inst mfcc_u/Squares/N8_m4) has been disconnected.
I: Const net (pin CEY of inst mfcc_u/Squares/N8_m4) has been disconnected.
I: Const net (pin RSTY of inst mfcc_u/Squares/N8_m4) has been disconnected.
I: Const net (pin CEP of inst mfcc_u/Squares/N8_m4) has been disconnected.
I: Const net (pin CEPRE of inst mfcc_avg_u/MUL26x16/u_ipml_mult_MUL26x16/genblk3[1].mult_i) has been disconnected.
I: Const net (pin CEMODEX of inst mfcc_avg_u/MUL26x16/u_ipml_mult_MUL26x16/genblk3[1].mult_i) has been disconnected.
I: Const net (pin CEMODEY of inst mfcc_avg_u/MUL26x16/u_ipml_mult_MUL26x16/genblk3[1].mult_i) has been disconnected.
I: Const net (pin CEMODEZ of inst mfcc_avg_u/MUL26x16/u_ipml_mult_MUL26x16/genblk3[1].mult_i) has been disconnected.
I: Const net (pin CEX of inst mfcc_avg_u/MUL26x16/u_ipml_mult_MUL26x16/genblk3[1].mult_i) has been disconnected.
I: Const net (pin CEY of inst mfcc_avg_u/MUL26x16/u_ipml_mult_MUL26x16/genblk3[1].mult_i) has been disconnected.
I: Const net (pin CEZ of inst mfcc_avg_u/MUL26x16/u_ipml_mult_MUL26x16/genblk3[1].mult_i) has been disconnected.
I: Const net (pin CEM of inst mfcc_avg_u/MUL26x16/u_ipml_mult_MUL26x16/genblk3[1].mult_i) has been disconnected.
I: Const net (pin CEP of inst mfcc_avg_u/MUL26x16/u_ipml_mult_MUL26x16/genblk3[1].mult_i) has been disconnected.
I: Const net (pin CEPRE of inst mfcc_avg_u/MUL26x16/u_ipml_mult_MUL26x16/mult_0) has been disconnected.
I: Const net (pin CEMODEX of inst mfcc_avg_u/MUL26x16/u_ipml_mult_MUL26x16/mult_0) has been disconnected.
I: Const net (pin CEMODEY of inst mfcc_avg_u/MUL26x16/u_ipml_mult_MUL26x16/mult_0) has been disconnected.
I: Const net (pin CEMODEZ of inst mfcc_avg_u/MUL26x16/u_ipml_mult_MUL26x16/mult_0) has been disconnected.
I: Const net (pin CEX of inst mfcc_avg_u/MUL26x16/u_ipml_mult_MUL26x16/mult_0) has been disconnected.
I: Const net (pin CEY of inst mfcc_avg_u/MUL26x16/u_ipml_mult_MUL26x16/mult_0) has been disconnected.
I: Const net (pin CEZ of inst mfcc_avg_u/MUL26x16/u_ipml_mult_MUL26x16/mult_0) has been disconnected.
I: Const net (pin CEM of inst mfcc_avg_u/MUL26x16/u_ipml_mult_MUL26x16/mult_0) has been disconnected.
I: Const net (pin CEP of inst mfcc_avg_u/MUL26x16/u_ipml_mult_MUL26x16/mult_0) has been disconnected.
I: Const net (pin CEPRE of inst voice_recgnize/MUL17x17/u_ipml_mult_MUL17x17/mult_0) has been disconnected.
I: Const net (pin CEMODEX of inst voice_recgnize/MUL17x17/u_ipml_mult_MUL17x17/mult_0) has been disconnected.
I: Const net (pin CEMODEY of inst voice_recgnize/MUL17x17/u_ipml_mult_MUL17x17/mult_0) has been disconnected.
I: Const net (pin CEMODEZ of inst voice_recgnize/MUL17x17/u_ipml_mult_MUL17x17/mult_0) has been disconnected.
I: Const net (pin CEX of inst voice_recgnize/MUL17x17/u_ipml_mult_MUL17x17/mult_0) has been disconnected.
I: Const net (pin CEY of inst voice_recgnize/MUL17x17/u_ipml_mult_MUL17x17/mult_0) has been disconnected.
I: Const net (pin CEZ of inst voice_recgnize/MUL17x17/u_ipml_mult_MUL17x17/mult_0) has been disconnected.
I: Const net (pin CEM of inst voice_recgnize/MUL17x17/u_ipml_mult_MUL17x17/mult_0) has been disconnected.
I: Const net (pin CEP of inst voice_recgnize/MUL17x17/u_ipml_mult_MUL17x17/mult_0) has been disconnected.
I: Const net (pin CEPRE of inst mfcc_u/DCT/mul_dct/u_ipml_mult_mul16x16_signed/mult_0) has been disconnected.
I: Const net (pin CEMODEX of inst mfcc_u/DCT/mul_dct/u_ipml_mult_mul16x16_signed/mult_0) has been disconnected.
I: Const net (pin CEMODEY of inst mfcc_u/DCT/mul_dct/u_ipml_mult_mul16x16_signed/mult_0) has been disconnected.
I: Const net (pin CEMODEZ of inst mfcc_u/DCT/mul_dct/u_ipml_mult_mul16x16_signed/mult_0) has been disconnected.
I: Const net (pin CEX of inst mfcc_u/DCT/mul_dct/u_ipml_mult_mul16x16_signed/mult_0) has been disconnected.
I: Const net (pin CEY of inst mfcc_u/DCT/mul_dct/u_ipml_mult_mul16x16_signed/mult_0) has been disconnected.
I: Const net (pin CEZ of inst mfcc_u/DCT/mul_dct/u_ipml_mult_mul16x16_signed/mult_0) has been disconnected.
I: Const net (pin CEM of inst mfcc_u/DCT/mul_dct/u_ipml_mult_mul16x16_signed/mult_0) has been disconnected.
I: Const net (pin CEP of inst mfcc_u/DCT/mul_dct/u_ipml_mult_mul16x16_signed/mult_0) has been disconnected.
I: Const net (pin CEPRE of inst mfcc_u/lifter/mul_log2E/u_ipml_mult_MUL16x16/mult_0) has been disconnected.
I: Const net (pin CEMODEX of inst mfcc_u/lifter/mul_log2E/u_ipml_mult_MUL16x16/mult_0) has been disconnected.
I: Const net (pin CEMODEY of inst mfcc_u/lifter/mul_log2E/u_ipml_mult_MUL16x16/mult_0) has been disconnected.
I: Const net (pin CEMODEZ of inst mfcc_u/lifter/mul_log2E/u_ipml_mult_MUL16x16/mult_0) has been disconnected.
I: Const net (pin CEX of inst mfcc_u/lifter/mul_log2E/u_ipml_mult_MUL16x16/mult_0) has been disconnected.
I: Const net (pin CEY of inst mfcc_u/lifter/mul_log2E/u_ipml_mult_MUL16x16/mult_0) has been disconnected.
I: Const net (pin CEZ of inst mfcc_u/lifter/mul_log2E/u_ipml_mult_MUL16x16/mult_0) has been disconnected.
I: Const net (pin CEM of inst mfcc_u/lifter/mul_log2E/u_ipml_mult_MUL16x16/mult_0) has been disconnected.
I: Const net (pin CEP of inst mfcc_u/lifter/mul_log2E/u_ipml_mult_MUL16x16/mult_0) has been disconnected.
I: Const net (pin CEPRE of inst mfcc_u/logE/mul_log2E/u_ipml_mult_MUL16x16/mult_0) has been disconnected.
I: Const net (pin CEMODEX of inst mfcc_u/logE/mul_log2E/u_ipml_mult_MUL16x16/mult_0) has been disconnected.
I: Const net (pin CEMODEY of inst mfcc_u/logE/mul_log2E/u_ipml_mult_MUL16x16/mult_0) has been disconnected.
I: Const net (pin CEMODEZ of inst mfcc_u/logE/mul_log2E/u_ipml_mult_MUL16x16/mult_0) has been disconnected.
I: Const net (pin CEX of inst mfcc_u/logE/mul_log2E/u_ipml_mult_MUL16x16/mult_0) has been disconnected.
I: Const net (pin CEY of inst mfcc_u/logE/mul_log2E/u_ipml_mult_MUL16x16/mult_0) has been disconnected.
I: Const net (pin CEZ of inst mfcc_u/logE/mul_log2E/u_ipml_mult_MUL16x16/mult_0) has been disconnected.
I: Const net (pin CEM of inst mfcc_u/logE/mul_log2E/u_ipml_mult_MUL16x16/mult_0) has been disconnected.
I: Const net (pin CEP of inst mfcc_u/logE/mul_log2E/u_ipml_mult_MUL16x16/mult_0) has been disconnected.
I: Const net (pin CEPRE of inst mfcc_u/filterbank/mul_add1/mul55x16/u_ipml_mult_mul55x16/genblk3[1].mult_i) has been disconnected.
I: Const net (pin CEMODEX of inst mfcc_u/filterbank/mul_add1/mul55x16/u_ipml_mult_mul55x16/genblk3[1].mult_i) has been disconnected.
I: Const net (pin CEMODEY of inst mfcc_u/filterbank/mul_add1/mul55x16/u_ipml_mult_mul55x16/genblk3[1].mult_i) has been disconnected.
I: Const net (pin CEMODEZ of inst mfcc_u/filterbank/mul_add1/mul55x16/u_ipml_mult_mul55x16/genblk3[1].mult_i) has been disconnected.
I: Const net (pin CEX of inst mfcc_u/filterbank/mul_add1/mul55x16/u_ipml_mult_mul55x16/genblk3[1].mult_i) has been disconnected.
I: Const net (pin CEY of inst mfcc_u/filterbank/mul_add1/mul55x16/u_ipml_mult_mul55x16/genblk3[1].mult_i) has been disconnected.
I: Const net (pin CEZ of inst mfcc_u/filterbank/mul_add1/mul55x16/u_ipml_mult_mul55x16/genblk3[1].mult_i) has been disconnected.
I: Const net (pin CEM of inst mfcc_u/filterbank/mul_add1/mul55x16/u_ipml_mult_mul55x16/genblk3[1].mult_i) has been disconnected.
I: Const net (pin CEP of inst mfcc_u/filterbank/mul_add1/mul55x16/u_ipml_mult_mul55x16/genblk3[1].mult_i) has been disconnected.
I: Const net (pin CEPRE of inst mfcc_u/filterbank/mul_add1/mul55x16/u_ipml_mult_mul55x16/genblk3[2].mult_i) has been disconnected.
I: Const net (pin CEMODEX of inst mfcc_u/filterbank/mul_add1/mul55x16/u_ipml_mult_mul55x16/genblk3[2].mult_i) has been disconnected.
I: Const net (pin CEMODEY of inst mfcc_u/filterbank/mul_add1/mul55x16/u_ipml_mult_mul55x16/genblk3[2].mult_i) has been disconnected.
I: Const net (pin CEMODEZ of inst mfcc_u/filterbank/mul_add1/mul55x16/u_ipml_mult_mul55x16/genblk3[2].mult_i) has been disconnected.
I: Const net (pin CEX of inst mfcc_u/filterbank/mul_add1/mul55x16/u_ipml_mult_mul55x16/genblk3[2].mult_i) has been disconnected.
I: Const net (pin CEY of inst mfcc_u/filterbank/mul_add1/mul55x16/u_ipml_mult_mul55x16/genblk3[2].mult_i) has been disconnected.
I: Const net (pin CEZ of inst mfcc_u/filterbank/mul_add1/mul55x16/u_ipml_mult_mul55x16/genblk3[2].mult_i) has been disconnected.
I: Const net (pin CEM of inst mfcc_u/filterbank/mul_add1/mul55x16/u_ipml_mult_mul55x16/genblk3[2].mult_i) has been disconnected.
I: Const net (pin CEP of inst mfcc_u/filterbank/mul_add1/mul55x16/u_ipml_mult_mul55x16/genblk3[2].mult_i) has been disconnected.
I: Const net (pin CEPRE of inst mfcc_u/filterbank/mul_add1/mul55x16/u_ipml_mult_mul55x16/genblk3[3].mult_i) has been disconnected.
I: Const net (pin CEMODEX of inst mfcc_u/filterbank/mul_add1/mul55x16/u_ipml_mult_mul55x16/genblk3[3].mult_i) has been disconnected.
I: Const net (pin CEMODEY of inst mfcc_u/filterbank/mul_add1/mul55x16/u_ipml_mult_mul55x16/genblk3[3].mult_i) has been disconnected.
I: Const net (pin CEMODEZ of inst mfcc_u/filterbank/mul_add1/mul55x16/u_ipml_mult_mul55x16/genblk3[3].mult_i) has been disconnected.
I: Const net (pin CEX of inst mfcc_u/filterbank/mul_add1/mul55x16/u_ipml_mult_mul55x16/genblk3[3].mult_i) has been disconnected.
I: Const net (pin CEY of inst mfcc_u/filterbank/mul_add1/mul55x16/u_ipml_mult_mul55x16/genblk3[3].mult_i) has been disconnected.
I: Const net (pin CEZ of inst mfcc_u/filterbank/mul_add1/mul55x16/u_ipml_mult_mul55x16/genblk3[3].mult_i) has been disconnected.
I: Const net (pin CEM of inst mfcc_u/filterbank/mul_add1/mul55x16/u_ipml_mult_mul55x16/genblk3[3].mult_i) has been disconnected.
I: Const net (pin CEP of inst mfcc_u/filterbank/mul_add1/mul55x16/u_ipml_mult_mul55x16/genblk3[3].mult_i) has been disconnected.
I: Const net (pin CEPRE of inst mfcc_u/filterbank/mul_add1/mul55x16/u_ipml_mult_mul55x16/mult_0) has been disconnected.
I: Const net (pin CEMODEX of inst mfcc_u/filterbank/mul_add1/mul55x16/u_ipml_mult_mul55x16/mult_0) has been disconnected.
I: Const net (pin CEMODEY of inst mfcc_u/filterbank/mul_add1/mul55x16/u_ipml_mult_mul55x16/mult_0) has been disconnected.
I: Const net (pin CEMODEZ of inst mfcc_u/filterbank/mul_add1/mul55x16/u_ipml_mult_mul55x16/mult_0) has been disconnected.
I: Const net (pin CEX of inst mfcc_u/filterbank/mul_add1/mul55x16/u_ipml_mult_mul55x16/mult_0) has been disconnected.
I: Const net (pin CEY of inst mfcc_u/filterbank/mul_add1/mul55x16/u_ipml_mult_mul55x16/mult_0) has been disconnected.
I: Const net (pin CEZ of inst mfcc_u/filterbank/mul_add1/mul55x16/u_ipml_mult_mul55x16/mult_0) has been disconnected.
I: Const net (pin CEM of inst mfcc_u/filterbank/mul_add1/mul55x16/u_ipml_mult_mul55x16/mult_0) has been disconnected.
I: Const net (pin CEP of inst mfcc_u/filterbank/mul_add1/mul55x16/u_ipml_mult_mul55x16/mult_0) has been disconnected.
I: Const net (pin CEPRE of inst mfcc_u/filterbank/mul_add2/mul55x16/u_ipml_mult_mul55x16/genblk3[1].mult_i) has been disconnected.
I: Const net (pin CEMODEX of inst mfcc_u/filterbank/mul_add2/mul55x16/u_ipml_mult_mul55x16/genblk3[1].mult_i) has been disconnected.
I: Const net (pin CEMODEY of inst mfcc_u/filterbank/mul_add2/mul55x16/u_ipml_mult_mul55x16/genblk3[1].mult_i) has been disconnected.
I: Const net (pin CEMODEZ of inst mfcc_u/filterbank/mul_add2/mul55x16/u_ipml_mult_mul55x16/genblk3[1].mult_i) has been disconnected.
I: Const net (pin CEX of inst mfcc_u/filterbank/mul_add2/mul55x16/u_ipml_mult_mul55x16/genblk3[1].mult_i) has been disconnected.
I: Const net (pin CEY of inst mfcc_u/filterbank/mul_add2/mul55x16/u_ipml_mult_mul55x16/genblk3[1].mult_i) has been disconnected.
I: Const net (pin CEZ of inst mfcc_u/filterbank/mul_add2/mul55x16/u_ipml_mult_mul55x16/genblk3[1].mult_i) has been disconnected.
I: Const net (pin CEM of inst mfcc_u/filterbank/mul_add2/mul55x16/u_ipml_mult_mul55x16/genblk3[1].mult_i) has been disconnected.
I: Const net (pin CEP of inst mfcc_u/filterbank/mul_add2/mul55x16/u_ipml_mult_mul55x16/genblk3[1].mult_i) has been disconnected.
I: Const net (pin CEPRE of inst mfcc_u/filterbank/mul_add2/mul55x16/u_ipml_mult_mul55x16/genblk3[2].mult_i) has been disconnected.
I: Const net (pin CEMODEX of inst mfcc_u/filterbank/mul_add2/mul55x16/u_ipml_mult_mul55x16/genblk3[2].mult_i) has been disconnected.
I: Const net (pin CEMODEY of inst mfcc_u/filterbank/mul_add2/mul55x16/u_ipml_mult_mul55x16/genblk3[2].mult_i) has been disconnected.
I: Const net (pin CEMODEZ of inst mfcc_u/filterbank/mul_add2/mul55x16/u_ipml_mult_mul55x16/genblk3[2].mult_i) has been disconnected.
I: Const net (pin CEX of inst mfcc_u/filterbank/mul_add2/mul55x16/u_ipml_mult_mul55x16/genblk3[2].mult_i) has been disconnected.
I: Const net (pin CEY of inst mfcc_u/filterbank/mul_add2/mul55x16/u_ipml_mult_mul55x16/genblk3[2].mult_i) has been disconnected.
I: Const net (pin CEZ of inst mfcc_u/filterbank/mul_add2/mul55x16/u_ipml_mult_mul55x16/genblk3[2].mult_i) has been disconnected.
I: Const net (pin CEM of inst mfcc_u/filterbank/mul_add2/mul55x16/u_ipml_mult_mul55x16/genblk3[2].mult_i) has been disconnected.
I: Const net (pin CEP of inst mfcc_u/filterbank/mul_add2/mul55x16/u_ipml_mult_mul55x16/genblk3[2].mult_i) has been disconnected.
I: Const net (pin CEPRE of inst mfcc_u/filterbank/mul_add2/mul55x16/u_ipml_mult_mul55x16/genblk3[3].mult_i) has been disconnected.
I: Const net (pin CEMODEX of inst mfcc_u/filterbank/mul_add2/mul55x16/u_ipml_mult_mul55x16/genblk3[3].mult_i) has been disconnected.
I: Const net (pin CEMODEY of inst mfcc_u/filterbank/mul_add2/mul55x16/u_ipml_mult_mul55x16/genblk3[3].mult_i) has been disconnected.
I: Const net (pin CEMODEZ of inst mfcc_u/filterbank/mul_add2/mul55x16/u_ipml_mult_mul55x16/genblk3[3].mult_i) has been disconnected.
I: Const net (pin CEX of inst mfcc_u/filterbank/mul_add2/mul55x16/u_ipml_mult_mul55x16/genblk3[3].mult_i) has been disconnected.
I: Const net (pin CEY of inst mfcc_u/filterbank/mul_add2/mul55x16/u_ipml_mult_mul55x16/genblk3[3].mult_i) has been disconnected.
I: Const net (pin CEZ of inst mfcc_u/filterbank/mul_add2/mul55x16/u_ipml_mult_mul55x16/genblk3[3].mult_i) has been disconnected.
I: Const net (pin CEM of inst mfcc_u/filterbank/mul_add2/mul55x16/u_ipml_mult_mul55x16/genblk3[3].mult_i) has been disconnected.
I: Const net (pin CEP of inst mfcc_u/filterbank/mul_add2/mul55x16/u_ipml_mult_mul55x16/genblk3[3].mult_i) has been disconnected.
I: Const net (pin CEPRE of inst mfcc_u/filterbank/mul_add2/mul55x16/u_ipml_mult_mul55x16/mult_0) has been disconnected.
I: Const net (pin CEMODEX of inst mfcc_u/filterbank/mul_add2/mul55x16/u_ipml_mult_mul55x16/mult_0) has been disconnected.
I: Const net (pin CEMODEY of inst mfcc_u/filterbank/mul_add2/mul55x16/u_ipml_mult_mul55x16/mult_0) has been disconnected.
I: Const net (pin CEMODEZ of inst mfcc_u/filterbank/mul_add2/mul55x16/u_ipml_mult_mul55x16/mult_0) has been disconnected.
I: Const net (pin CEX of inst mfcc_u/filterbank/mul_add2/mul55x16/u_ipml_mult_mul55x16/mult_0) has been disconnected.
I: Const net (pin CEY of inst mfcc_u/filterbank/mul_add2/mul55x16/u_ipml_mult_mul55x16/mult_0) has been disconnected.
I: Const net (pin CEZ of inst mfcc_u/filterbank/mul_add2/mul55x16/u_ipml_mult_mul55x16/mult_0) has been disconnected.
I: Const net (pin CEM of inst mfcc_u/filterbank/mul_add2/mul55x16/u_ipml_mult_mul55x16/mult_0) has been disconnected.
I: Const net (pin CEP of inst mfcc_u/filterbank/mul_add2/mul55x16/u_ipml_mult_mul55x16/mult_0) has been disconnected.
I: Const net (pin CEPRE of inst u_fft_wrapper/use_radix2_burst.u_radix2_burst_core/r2_dit_bf/u_r2_dit_mult_by_twiddle/u_comp_mult/t4.u_comp_mult_t4/u_3mult_1_1/u_gtp_apm_e1) has been disconnected.
I: Const net (pin RSTPRE of inst u_fft_wrapper/use_radix2_burst.u_radix2_burst_core/r2_dit_bf/u_r2_dit_mult_by_twiddle/u_comp_mult/t4.u_comp_mult_t4/u_3mult_1_1/u_gtp_apm_e1) has been disconnected.
I: Const net (pin CEMODEX of inst u_fft_wrapper/use_radix2_burst.u_radix2_burst_core/r2_dit_bf/u_r2_dit_mult_by_twiddle/u_comp_mult/t4.u_comp_mult_t4/u_3mult_1_1/u_gtp_apm_e1) has been disconnected.
I: Const net (pin RSTMODEX of inst u_fft_wrapper/use_radix2_burst.u_radix2_burst_core/r2_dit_bf/u_r2_dit_mult_by_twiddle/u_comp_mult/t4.u_comp_mult_t4/u_3mult_1_1/u_gtp_apm_e1) has been disconnected.
I: Const net (pin CEMODEY of inst u_fft_wrapper/use_radix2_burst.u_radix2_burst_core/r2_dit_bf/u_r2_dit_mult_by_twiddle/u_comp_mult/t4.u_comp_mult_t4/u_3mult_1_1/u_gtp_apm_e1) has been disconnected.
I: Const net (pin RSTMODEY of inst u_fft_wrapper/use_radix2_burst.u_radix2_burst_core/r2_dit_bf/u_r2_dit_mult_by_twiddle/u_comp_mult/t4.u_comp_mult_t4/u_3mult_1_1/u_gtp_apm_e1) has been disconnected.
I: Const net (pin CEMODEZ of inst u_fft_wrapper/use_radix2_burst.u_radix2_burst_core/r2_dit_bf/u_r2_dit_mult_by_twiddle/u_comp_mult/t4.u_comp_mult_t4/u_3mult_1_1/u_gtp_apm_e1) has been disconnected.
I: Const net (pin RSTMODEZ of inst u_fft_wrapper/use_radix2_burst.u_radix2_burst_core/r2_dit_bf/u_r2_dit_mult_by_twiddle/u_comp_mult/t4.u_comp_mult_t4/u_3mult_1_1/u_gtp_apm_e1) has been disconnected.
I: Const net (pin CEX of inst u_fft_wrapper/use_radix2_burst.u_radix2_burst_core/r2_dit_bf/u_r2_dit_mult_by_twiddle/u_comp_mult/t4.u_comp_mult_t4/u_3mult_1_1/u_gtp_apm_e1) has been disconnected.
I: Const net (pin RSTX of inst u_fft_wrapper/use_radix2_burst.u_radix2_burst_core/r2_dit_bf/u_r2_dit_mult_by_twiddle/u_comp_mult/t4.u_comp_mult_t4/u_3mult_1_1/u_gtp_apm_e1) has been disconnected.
I: Const net (pin CEY of inst u_fft_wrapper/use_radix2_burst.u_radix2_burst_core/r2_dit_bf/u_r2_dit_mult_by_twiddle/u_comp_mult/t4.u_comp_mult_t4/u_3mult_1_1/u_gtp_apm_e1) has been disconnected.
I: Const net (pin RSTY of inst u_fft_wrapper/use_radix2_burst.u_radix2_burst_core/r2_dit_bf/u_r2_dit_mult_by_twiddle/u_comp_mult/t4.u_comp_mult_t4/u_3mult_1_1/u_gtp_apm_e1) has been disconnected.
I: Const net (pin CEZ of inst u_fft_wrapper/use_radix2_burst.u_radix2_burst_core/r2_dit_bf/u_r2_dit_mult_by_twiddle/u_comp_mult/t4.u_comp_mult_t4/u_3mult_1_1/u_gtp_apm_e1) has been disconnected.
I: Const net (pin RSTZ of inst u_fft_wrapper/use_radix2_burst.u_radix2_burst_core/r2_dit_bf/u_r2_dit_mult_by_twiddle/u_comp_mult/t4.u_comp_mult_t4/u_3mult_1_1/u_gtp_apm_e1) has been disconnected.
I: Const net (pin CEM of inst u_fft_wrapper/use_radix2_burst.u_radix2_burst_core/r2_dit_bf/u_r2_dit_mult_by_twiddle/u_comp_mult/t4.u_comp_mult_t4/u_3mult_1_1/u_gtp_apm_e1) has been disconnected.
I: Const net (pin RSTM of inst u_fft_wrapper/use_radix2_burst.u_radix2_burst_core/r2_dit_bf/u_r2_dit_mult_by_twiddle/u_comp_mult/t4.u_comp_mult_t4/u_3mult_1_1/u_gtp_apm_e1) has been disconnected.
I: Const net (pin CEP of inst u_fft_wrapper/use_radix2_burst.u_radix2_burst_core/r2_dit_bf/u_r2_dit_mult_by_twiddle/u_comp_mult/t4.u_comp_mult_t4/u_3mult_1_1/u_gtp_apm_e1) has been disconnected.
I: Const net (pin RSTP of inst u_fft_wrapper/use_radix2_burst.u_radix2_burst_core/r2_dit_bf/u_r2_dit_mult_by_twiddle/u_comp_mult/t4.u_comp_mult_t4/u_3mult_1_1/u_gtp_apm_e1) has been disconnected.
I: Const net (pin CEPRE of inst u_fft_wrapper/use_radix2_burst.u_radix2_burst_core/r2_dit_bf/u_r2_dit_mult_by_twiddle/u_comp_mult/t4.u_comp_mult_t4/u_3mult_1_2/u_gtp_apm_e1) has been disconnected.
I: Const net (pin RSTPRE of inst u_fft_wrapper/use_radix2_burst.u_radix2_burst_core/r2_dit_bf/u_r2_dit_mult_by_twiddle/u_comp_mult/t4.u_comp_mult_t4/u_3mult_1_2/u_gtp_apm_e1) has been disconnected.
I: Const net (pin CEMODEX of inst u_fft_wrapper/use_radix2_burst.u_radix2_burst_core/r2_dit_bf/u_r2_dit_mult_by_twiddle/u_comp_mult/t4.u_comp_mult_t4/u_3mult_1_2/u_gtp_apm_e1) has been disconnected.
I: Const net (pin RSTMODEX of inst u_fft_wrapper/use_radix2_burst.u_radix2_burst_core/r2_dit_bf/u_r2_dit_mult_by_twiddle/u_comp_mult/t4.u_comp_mult_t4/u_3mult_1_2/u_gtp_apm_e1) has been disconnected.
I: Const net (pin CEMODEY of inst u_fft_wrapper/use_radix2_burst.u_radix2_burst_core/r2_dit_bf/u_r2_dit_mult_by_twiddle/u_comp_mult/t4.u_comp_mult_t4/u_3mult_1_2/u_gtp_apm_e1) has been disconnected.
I: Const net (pin RSTMODEY of inst u_fft_wrapper/use_radix2_burst.u_radix2_burst_core/r2_dit_bf/u_r2_dit_mult_by_twiddle/u_comp_mult/t4.u_comp_mult_t4/u_3mult_1_2/u_gtp_apm_e1) has been disconnected.
I: Const net (pin CEMODEZ of inst u_fft_wrapper/use_radix2_burst.u_radix2_burst_core/r2_dit_bf/u_r2_dit_mult_by_twiddle/u_comp_mult/t4.u_comp_mult_t4/u_3mult_1_2/u_gtp_apm_e1) has been disconnected.
I: Const net (pin RSTMODEZ of inst u_fft_wrapper/use_radix2_burst.u_radix2_burst_core/r2_dit_bf/u_r2_dit_mult_by_twiddle/u_comp_mult/t4.u_comp_mult_t4/u_3mult_1_2/u_gtp_apm_e1) has been disconnected.
I: Const net (pin CEX of inst u_fft_wrapper/use_radix2_burst.u_radix2_burst_core/r2_dit_bf/u_r2_dit_mult_by_twiddle/u_comp_mult/t4.u_comp_mult_t4/u_3mult_1_2/u_gtp_apm_e1) has been disconnected.
I: Const net (pin RSTX of inst u_fft_wrapper/use_radix2_burst.u_radix2_burst_core/r2_dit_bf/u_r2_dit_mult_by_twiddle/u_comp_mult/t4.u_comp_mult_t4/u_3mult_1_2/u_gtp_apm_e1) has been disconnected.
I: Const net (pin CEY of inst u_fft_wrapper/use_radix2_burst.u_radix2_burst_core/r2_dit_bf/u_r2_dit_mult_by_twiddle/u_comp_mult/t4.u_comp_mult_t4/u_3mult_1_2/u_gtp_apm_e1) has been disconnected.
I: Const net (pin RSTY of inst u_fft_wrapper/use_radix2_burst.u_radix2_burst_core/r2_dit_bf/u_r2_dit_mult_by_twiddle/u_comp_mult/t4.u_comp_mult_t4/u_3mult_1_2/u_gtp_apm_e1) has been disconnected.
I: Const net (pin CEZ of inst u_fft_wrapper/use_radix2_burst.u_radix2_burst_core/r2_dit_bf/u_r2_dit_mult_by_twiddle/u_comp_mult/t4.u_comp_mult_t4/u_3mult_1_2/u_gtp_apm_e1) has been disconnected.
I: Const net (pin RSTZ of inst u_fft_wrapper/use_radix2_burst.u_radix2_burst_core/r2_dit_bf/u_r2_dit_mult_by_twiddle/u_comp_mult/t4.u_comp_mult_t4/u_3mult_1_2/u_gtp_apm_e1) has been disconnected.
I: Const net (pin CEM of inst u_fft_wrapper/use_radix2_burst.u_radix2_burst_core/r2_dit_bf/u_r2_dit_mult_by_twiddle/u_comp_mult/t4.u_comp_mult_t4/u_3mult_1_2/u_gtp_apm_e1) has been disconnected.
I: Const net (pin RSTM of inst u_fft_wrapper/use_radix2_burst.u_radix2_burst_core/r2_dit_bf/u_r2_dit_mult_by_twiddle/u_comp_mult/t4.u_comp_mult_t4/u_3mult_1_2/u_gtp_apm_e1) has been disconnected.
I: Const net (pin CEP of inst u_fft_wrapper/use_radix2_burst.u_radix2_burst_core/r2_dit_bf/u_r2_dit_mult_by_twiddle/u_comp_mult/t4.u_comp_mult_t4/u_3mult_1_2/u_gtp_apm_e1) has been disconnected.
I: Const net (pin RSTP of inst u_fft_wrapper/use_radix2_burst.u_radix2_burst_core/r2_dit_bf/u_r2_dit_mult_by_twiddle/u_comp_mult/t4.u_comp_mult_t4/u_3mult_1_2/u_gtp_apm_e1) has been disconnected.
I: Const net (pin CEPRE of inst u_fft_wrapper/use_radix2_burst.u_radix2_burst_core/r2_dit_bf/u_r2_dit_mult_by_twiddle/u_comp_mult/t4.u_comp_mult_t4/u_3mult_2_1/u_gtp_apm_e1) has been disconnected.
I: Const net (pin RSTPRE of inst u_fft_wrapper/use_radix2_burst.u_radix2_burst_core/r2_dit_bf/u_r2_dit_mult_by_twiddle/u_comp_mult/t4.u_comp_mult_t4/u_3mult_2_1/u_gtp_apm_e1) has been disconnected.
I: Const net (pin CEMODEX of inst u_fft_wrapper/use_radix2_burst.u_radix2_burst_core/r2_dit_bf/u_r2_dit_mult_by_twiddle/u_comp_mult/t4.u_comp_mult_t4/u_3mult_2_1/u_gtp_apm_e1) has been disconnected.
I: Const net (pin RSTMODEX of inst u_fft_wrapper/use_radix2_burst.u_radix2_burst_core/r2_dit_bf/u_r2_dit_mult_by_twiddle/u_comp_mult/t4.u_comp_mult_t4/u_3mult_2_1/u_gtp_apm_e1) has been disconnected.
I: Const net (pin CEMODEY of inst u_fft_wrapper/use_radix2_burst.u_radix2_burst_core/r2_dit_bf/u_r2_dit_mult_by_twiddle/u_comp_mult/t4.u_comp_mult_t4/u_3mult_2_1/u_gtp_apm_e1) has been disconnected.
I: Const net (pin RSTMODEY of inst u_fft_wrapper/use_radix2_burst.u_radix2_burst_core/r2_dit_bf/u_r2_dit_mult_by_twiddle/u_comp_mult/t4.u_comp_mult_t4/u_3mult_2_1/u_gtp_apm_e1) has been disconnected.
I: Const net (pin CEMODEZ of inst u_fft_wrapper/use_radix2_burst.u_radix2_burst_core/r2_dit_bf/u_r2_dit_mult_by_twiddle/u_comp_mult/t4.u_comp_mult_t4/u_3mult_2_1/u_gtp_apm_e1) has been disconnected.
I: Const net (pin RSTMODEZ of inst u_fft_wrapper/use_radix2_burst.u_radix2_burst_core/r2_dit_bf/u_r2_dit_mult_by_twiddle/u_comp_mult/t4.u_comp_mult_t4/u_3mult_2_1/u_gtp_apm_e1) has been disconnected.
I: Const net (pin CEX of inst u_fft_wrapper/use_radix2_burst.u_radix2_burst_core/r2_dit_bf/u_r2_dit_mult_by_twiddle/u_comp_mult/t4.u_comp_mult_t4/u_3mult_2_1/u_gtp_apm_e1) has been disconnected.
I: Const net (pin RSTX of inst u_fft_wrapper/use_radix2_burst.u_radix2_burst_core/r2_dit_bf/u_r2_dit_mult_by_twiddle/u_comp_mult/t4.u_comp_mult_t4/u_3mult_2_1/u_gtp_apm_e1) has been disconnected.
I: Const net (pin CEY of inst u_fft_wrapper/use_radix2_burst.u_radix2_burst_core/r2_dit_bf/u_r2_dit_mult_by_twiddle/u_comp_mult/t4.u_comp_mult_t4/u_3mult_2_1/u_gtp_apm_e1) has been disconnected.
I: Const net (pin RSTY of inst u_fft_wrapper/use_radix2_burst.u_radix2_burst_core/r2_dit_bf/u_r2_dit_mult_by_twiddle/u_comp_mult/t4.u_comp_mult_t4/u_3mult_2_1/u_gtp_apm_e1) has been disconnected.
I: Const net (pin CEZ of inst u_fft_wrapper/use_radix2_burst.u_radix2_burst_core/r2_dit_bf/u_r2_dit_mult_by_twiddle/u_comp_mult/t4.u_comp_mult_t4/u_3mult_2_1/u_gtp_apm_e1) has been disconnected.
I: Const net (pin RSTZ of inst u_fft_wrapper/use_radix2_burst.u_radix2_burst_core/r2_dit_bf/u_r2_dit_mult_by_twiddle/u_comp_mult/t4.u_comp_mult_t4/u_3mult_2_1/u_gtp_apm_e1) has been disconnected.
I: Const net (pin CEM of inst u_fft_wrapper/use_radix2_burst.u_radix2_burst_core/r2_dit_bf/u_r2_dit_mult_by_twiddle/u_comp_mult/t4.u_comp_mult_t4/u_3mult_2_1/u_gtp_apm_e1) has been disconnected.
I: Const net (pin RSTM of inst u_fft_wrapper/use_radix2_burst.u_radix2_burst_core/r2_dit_bf/u_r2_dit_mult_by_twiddle/u_comp_mult/t4.u_comp_mult_t4/u_3mult_2_1/u_gtp_apm_e1) has been disconnected.
I: Const net (pin CEP of inst u_fft_wrapper/use_radix2_burst.u_radix2_burst_core/r2_dit_bf/u_r2_dit_mult_by_twiddle/u_comp_mult/t4.u_comp_mult_t4/u_3mult_2_1/u_gtp_apm_e1) has been disconnected.
I: Const net (pin RSTP of inst u_fft_wrapper/use_radix2_burst.u_radix2_burst_core/r2_dit_bf/u_r2_dit_mult_by_twiddle/u_comp_mult/t4.u_comp_mult_t4/u_3mult_2_1/u_gtp_apm_e1) has been disconnected.
I: Const net (pin CEPRE of inst u_fft_wrapper/use_radix2_burst.u_radix2_burst_core/r2_dit_bf/u_r2_dit_mult_by_twiddle/u_comp_mult/t4.u_comp_mult_t4/u_3mult_2_2/u_gtp_apm_e1) has been disconnected.
I: Const net (pin RSTPRE of inst u_fft_wrapper/use_radix2_burst.u_radix2_burst_core/r2_dit_bf/u_r2_dit_mult_by_twiddle/u_comp_mult/t4.u_comp_mult_t4/u_3mult_2_2/u_gtp_apm_e1) has been disconnected.
I: Const net (pin CEMODEX of inst u_fft_wrapper/use_radix2_burst.u_radix2_burst_core/r2_dit_bf/u_r2_dit_mult_by_twiddle/u_comp_mult/t4.u_comp_mult_t4/u_3mult_2_2/u_gtp_apm_e1) has been disconnected.
I: Const net (pin RSTMODEX of inst u_fft_wrapper/use_radix2_burst.u_radix2_burst_core/r2_dit_bf/u_r2_dit_mult_by_twiddle/u_comp_mult/t4.u_comp_mult_t4/u_3mult_2_2/u_gtp_apm_e1) has been disconnected.
I: Const net (pin CEMODEY of inst u_fft_wrapper/use_radix2_burst.u_radix2_burst_core/r2_dit_bf/u_r2_dit_mult_by_twiddle/u_comp_mult/t4.u_comp_mult_t4/u_3mult_2_2/u_gtp_apm_e1) has been disconnected.
I: Const net (pin RSTMODEY of inst u_fft_wrapper/use_radix2_burst.u_radix2_burst_core/r2_dit_bf/u_r2_dit_mult_by_twiddle/u_comp_mult/t4.u_comp_mult_t4/u_3mult_2_2/u_gtp_apm_e1) has been disconnected.
I: Const net (pin CEMODEZ of inst u_fft_wrapper/use_radix2_burst.u_radix2_burst_core/r2_dit_bf/u_r2_dit_mult_by_twiddle/u_comp_mult/t4.u_comp_mult_t4/u_3mult_2_2/u_gtp_apm_e1) has been disconnected.
I: Const net (pin RSTMODEZ of inst u_fft_wrapper/use_radix2_burst.u_radix2_burst_core/r2_dit_bf/u_r2_dit_mult_by_twiddle/u_comp_mult/t4.u_comp_mult_t4/u_3mult_2_2/u_gtp_apm_e1) has been disconnected.
I: Const net (pin CEX of inst u_fft_wrapper/use_radix2_burst.u_radix2_burst_core/r2_dit_bf/u_r2_dit_mult_by_twiddle/u_comp_mult/t4.u_comp_mult_t4/u_3mult_2_2/u_gtp_apm_e1) has been disconnected.
I: Const net (pin RSTX of inst u_fft_wrapper/use_radix2_burst.u_radix2_burst_core/r2_dit_bf/u_r2_dit_mult_by_twiddle/u_comp_mult/t4.u_comp_mult_t4/u_3mult_2_2/u_gtp_apm_e1) has been disconnected.
I: Const net (pin CEY of inst u_fft_wrapper/use_radix2_burst.u_radix2_burst_core/r2_dit_bf/u_r2_dit_mult_by_twiddle/u_comp_mult/t4.u_comp_mult_t4/u_3mult_2_2/u_gtp_apm_e1) has been disconnected.
I: Const net (pin RSTY of inst u_fft_wrapper/use_radix2_burst.u_radix2_burst_core/r2_dit_bf/u_r2_dit_mult_by_twiddle/u_comp_mult/t4.u_comp_mult_t4/u_3mult_2_2/u_gtp_apm_e1) has been disconnected.
I: Const net (pin CEZ of inst u_fft_wrapper/use_radix2_burst.u_radix2_burst_core/r2_dit_bf/u_r2_dit_mult_by_twiddle/u_comp_mult/t4.u_comp_mult_t4/u_3mult_2_2/u_gtp_apm_e1) has been disconnected.
I: Const net (pin RSTZ of inst u_fft_wrapper/use_radix2_burst.u_radix2_burst_core/r2_dit_bf/u_r2_dit_mult_by_twiddle/u_comp_mult/t4.u_comp_mult_t4/u_3mult_2_2/u_gtp_apm_e1) has been disconnected.
I: Const net (pin CEM of inst u_fft_wrapper/use_radix2_burst.u_radix2_burst_core/r2_dit_bf/u_r2_dit_mult_by_twiddle/u_comp_mult/t4.u_comp_mult_t4/u_3mult_2_2/u_gtp_apm_e1) has been disconnected.
I: Const net (pin RSTM of inst u_fft_wrapper/use_radix2_burst.u_radix2_burst_core/r2_dit_bf/u_r2_dit_mult_by_twiddle/u_comp_mult/t4.u_comp_mult_t4/u_3mult_2_2/u_gtp_apm_e1) has been disconnected.
I: Const net (pin CEP of inst u_fft_wrapper/use_radix2_burst.u_radix2_burst_core/r2_dit_bf/u_r2_dit_mult_by_twiddle/u_comp_mult/t4.u_comp_mult_t4/u_3mult_2_2/u_gtp_apm_e1) has been disconnected.
I: Const net (pin RSTP of inst u_fft_wrapper/use_radix2_burst.u_radix2_burst_core/r2_dit_bf/u_r2_dit_mult_by_twiddle/u_comp_mult/t4.u_comp_mult_t4/u_3mult_2_2/u_gtp_apm_e1) has been disconnected.
I: Const net (pin CEPRE of inst u_fft_wrapper/use_radix2_burst.u_radix2_burst_core/r2_dit_bf/u_r2_dit_mult_by_twiddle/u_comp_mult/t4.u_comp_mult_t4/u_3mult_3_1/u_gtp_apm_e1) has been disconnected.
I: Const net (pin RSTPRE of inst u_fft_wrapper/use_radix2_burst.u_radix2_burst_core/r2_dit_bf/u_r2_dit_mult_by_twiddle/u_comp_mult/t4.u_comp_mult_t4/u_3mult_3_1/u_gtp_apm_e1) has been disconnected.
I: Const net (pin CEMODEX of inst u_fft_wrapper/use_radix2_burst.u_radix2_burst_core/r2_dit_bf/u_r2_dit_mult_by_twiddle/u_comp_mult/t4.u_comp_mult_t4/u_3mult_3_1/u_gtp_apm_e1) has been disconnected.
I: Const net (pin RSTMODEX of inst u_fft_wrapper/use_radix2_burst.u_radix2_burst_core/r2_dit_bf/u_r2_dit_mult_by_twiddle/u_comp_mult/t4.u_comp_mult_t4/u_3mult_3_1/u_gtp_apm_e1) has been disconnected.
I: Const net (pin CEMODEY of inst u_fft_wrapper/use_radix2_burst.u_radix2_burst_core/r2_dit_bf/u_r2_dit_mult_by_twiddle/u_comp_mult/t4.u_comp_mult_t4/u_3mult_3_1/u_gtp_apm_e1) has been disconnected.
I: Const net (pin RSTMODEY of inst u_fft_wrapper/use_radix2_burst.u_radix2_burst_core/r2_dit_bf/u_r2_dit_mult_by_twiddle/u_comp_mult/t4.u_comp_mult_t4/u_3mult_3_1/u_gtp_apm_e1) has been disconnected.
I: Const net (pin CEMODEZ of inst u_fft_wrapper/use_radix2_burst.u_radix2_burst_core/r2_dit_bf/u_r2_dit_mult_by_twiddle/u_comp_mult/t4.u_comp_mult_t4/u_3mult_3_1/u_gtp_apm_e1) has been disconnected.
I: Const net (pin RSTMODEZ of inst u_fft_wrapper/use_radix2_burst.u_radix2_burst_core/r2_dit_bf/u_r2_dit_mult_by_twiddle/u_comp_mult/t4.u_comp_mult_t4/u_3mult_3_1/u_gtp_apm_e1) has been disconnected.
I: Const net (pin CEX of inst u_fft_wrapper/use_radix2_burst.u_radix2_burst_core/r2_dit_bf/u_r2_dit_mult_by_twiddle/u_comp_mult/t4.u_comp_mult_t4/u_3mult_3_1/u_gtp_apm_e1) has been disconnected.
I: Const net (pin RSTX of inst u_fft_wrapper/use_radix2_burst.u_radix2_burst_core/r2_dit_bf/u_r2_dit_mult_by_twiddle/u_comp_mult/t4.u_comp_mult_t4/u_3mult_3_1/u_gtp_apm_e1) has been disconnected.
I: Const net (pin CEY of inst u_fft_wrapper/use_radix2_burst.u_radix2_burst_core/r2_dit_bf/u_r2_dit_mult_by_twiddle/u_comp_mult/t4.u_comp_mult_t4/u_3mult_3_1/u_gtp_apm_e1) has been disconnected.
I: Const net (pin RSTY of inst u_fft_wrapper/use_radix2_burst.u_radix2_burst_core/r2_dit_bf/u_r2_dit_mult_by_twiddle/u_comp_mult/t4.u_comp_mult_t4/u_3mult_3_1/u_gtp_apm_e1) has been disconnected.
I: Const net (pin CEZ of inst u_fft_wrapper/use_radix2_burst.u_radix2_burst_core/r2_dit_bf/u_r2_dit_mult_by_twiddle/u_comp_mult/t4.u_comp_mult_t4/u_3mult_3_1/u_gtp_apm_e1) has been disconnected.
I: Const net (pin RSTZ of inst u_fft_wrapper/use_radix2_burst.u_radix2_burst_core/r2_dit_bf/u_r2_dit_mult_by_twiddle/u_comp_mult/t4.u_comp_mult_t4/u_3mult_3_1/u_gtp_apm_e1) has been disconnected.
I: Const net (pin CEM of inst u_fft_wrapper/use_radix2_burst.u_radix2_burst_core/r2_dit_bf/u_r2_dit_mult_by_twiddle/u_comp_mult/t4.u_comp_mult_t4/u_3mult_3_1/u_gtp_apm_e1) has been disconnected.
I: Const net (pin RSTM of inst u_fft_wrapper/use_radix2_burst.u_radix2_burst_core/r2_dit_bf/u_r2_dit_mult_by_twiddle/u_comp_mult/t4.u_comp_mult_t4/u_3mult_3_1/u_gtp_apm_e1) has been disconnected.
I: Const net (pin CEP of inst u_fft_wrapper/use_radix2_burst.u_radix2_burst_core/r2_dit_bf/u_r2_dit_mult_by_twiddle/u_comp_mult/t4.u_comp_mult_t4/u_3mult_3_1/u_gtp_apm_e1) has been disconnected.
I: Const net (pin RSTP of inst u_fft_wrapper/use_radix2_burst.u_radix2_burst_core/r2_dit_bf/u_r2_dit_mult_by_twiddle/u_comp_mult/t4.u_comp_mult_t4/u_3mult_3_1/u_gtp_apm_e1) has been disconnected.
I: Const net (pin CEPRE of inst u_fft_wrapper/use_radix2_burst.u_radix2_burst_core/r2_dit_bf/u_r2_dit_mult_by_twiddle/u_comp_mult/t4.u_comp_mult_t4/u_3mult_3_2/u_gtp_apm_e1) has been disconnected.
I: Const net (pin RSTPRE of inst u_fft_wrapper/use_radix2_burst.u_radix2_burst_core/r2_dit_bf/u_r2_dit_mult_by_twiddle/u_comp_mult/t4.u_comp_mult_t4/u_3mult_3_2/u_gtp_apm_e1) has been disconnected.
I: Const net (pin CEMODEX of inst u_fft_wrapper/use_radix2_burst.u_radix2_burst_core/r2_dit_bf/u_r2_dit_mult_by_twiddle/u_comp_mult/t4.u_comp_mult_t4/u_3mult_3_2/u_gtp_apm_e1) has been disconnected.
I: Const net (pin RSTMODEX of inst u_fft_wrapper/use_radix2_burst.u_radix2_burst_core/r2_dit_bf/u_r2_dit_mult_by_twiddle/u_comp_mult/t4.u_comp_mult_t4/u_3mult_3_2/u_gtp_apm_e1) has been disconnected.
I: Const net (pin CEMODEY of inst u_fft_wrapper/use_radix2_burst.u_radix2_burst_core/r2_dit_bf/u_r2_dit_mult_by_twiddle/u_comp_mult/t4.u_comp_mult_t4/u_3mult_3_2/u_gtp_apm_e1) has been disconnected.
I: Const net (pin RSTMODEY of inst u_fft_wrapper/use_radix2_burst.u_radix2_burst_core/r2_dit_bf/u_r2_dit_mult_by_twiddle/u_comp_mult/t4.u_comp_mult_t4/u_3mult_3_2/u_gtp_apm_e1) has been disconnected.
I: Const net (pin CEMODEZ of inst u_fft_wrapper/use_radix2_burst.u_radix2_burst_core/r2_dit_bf/u_r2_dit_mult_by_twiddle/u_comp_mult/t4.u_comp_mult_t4/u_3mult_3_2/u_gtp_apm_e1) has been disconnected.
I: Const net (pin RSTMODEZ of inst u_fft_wrapper/use_radix2_burst.u_radix2_burst_core/r2_dit_bf/u_r2_dit_mult_by_twiddle/u_comp_mult/t4.u_comp_mult_t4/u_3mult_3_2/u_gtp_apm_e1) has been disconnected.
I: Const net (pin CEX of inst u_fft_wrapper/use_radix2_burst.u_radix2_burst_core/r2_dit_bf/u_r2_dit_mult_by_twiddle/u_comp_mult/t4.u_comp_mult_t4/u_3mult_3_2/u_gtp_apm_e1) has been disconnected.
I: Const net (pin RSTX of inst u_fft_wrapper/use_radix2_burst.u_radix2_burst_core/r2_dit_bf/u_r2_dit_mult_by_twiddle/u_comp_mult/t4.u_comp_mult_t4/u_3mult_3_2/u_gtp_apm_e1) has been disconnected.
I: Const net (pin CEY of inst u_fft_wrapper/use_radix2_burst.u_radix2_burst_core/r2_dit_bf/u_r2_dit_mult_by_twiddle/u_comp_mult/t4.u_comp_mult_t4/u_3mult_3_2/u_gtp_apm_e1) has been disconnected.
I: Const net (pin RSTY of inst u_fft_wrapper/use_radix2_burst.u_radix2_burst_core/r2_dit_bf/u_r2_dit_mult_by_twiddle/u_comp_mult/t4.u_comp_mult_t4/u_3mult_3_2/u_gtp_apm_e1) has been disconnected.
I: Const net (pin CEZ of inst u_fft_wrapper/use_radix2_burst.u_radix2_burst_core/r2_dit_bf/u_r2_dit_mult_by_twiddle/u_comp_mult/t4.u_comp_mult_t4/u_3mult_3_2/u_gtp_apm_e1) has been disconnected.
I: Const net (pin RSTZ of inst u_fft_wrapper/use_radix2_burst.u_radix2_burst_core/r2_dit_bf/u_r2_dit_mult_by_twiddle/u_comp_mult/t4.u_comp_mult_t4/u_3mult_3_2/u_gtp_apm_e1) has been disconnected.
I: Const net (pin CEM of inst u_fft_wrapper/use_radix2_burst.u_radix2_burst_core/r2_dit_bf/u_r2_dit_mult_by_twiddle/u_comp_mult/t4.u_comp_mult_t4/u_3mult_3_2/u_gtp_apm_e1) has been disconnected.
I: Const net (pin RSTM of inst u_fft_wrapper/use_radix2_burst.u_radix2_burst_core/r2_dit_bf/u_r2_dit_mult_by_twiddle/u_comp_mult/t4.u_comp_mult_t4/u_3mult_3_2/u_gtp_apm_e1) has been disconnected.
I: Const net (pin CEP of inst u_fft_wrapper/use_radix2_burst.u_radix2_burst_core/r2_dit_bf/u_r2_dit_mult_by_twiddle/u_comp_mult/t4.u_comp_mult_t4/u_3mult_3_2/u_gtp_apm_e1) has been disconnected.
I: Const net (pin RSTP of inst u_fft_wrapper/use_radix2_burst.u_radix2_burst_core/r2_dit_bf/u_r2_dit_mult_by_twiddle/u_comp_mult/t4.u_comp_mult_t4/u_3mult_3_2/u_gtp_apm_e1) has been disconnected.
I: Const net (pin CEPRE of inst u_fft_wrapper/use_radix2_burst.u_radix2_burst_core/r2_dit_bf/u_r2bf_as_core/u_r2bf_adder/u_im_add/use_apm.u_apm_addsub/inst_apm[0].u_gtp_apm_e1) has been disconnected.
I: Const net (pin RSTPRE of inst u_fft_wrapper/use_radix2_burst.u_radix2_burst_core/r2_dit_bf/u_r2bf_as_core/u_r2bf_adder/u_im_add/use_apm.u_apm_addsub/inst_apm[0].u_gtp_apm_e1) has been disconnected.
I: Const net (pin CEM of inst u_fft_wrapper/use_radix2_burst.u_radix2_burst_core/r2_dit_bf/u_r2bf_as_core/u_r2bf_adder/u_im_add/use_apm.u_apm_addsub/inst_apm[0].u_gtp_apm_e1) has been disconnected.
I: Const net (pin RSTM of inst u_fft_wrapper/use_radix2_burst.u_radix2_burst_core/r2_dit_bf/u_r2bf_as_core/u_r2bf_adder/u_im_add/use_apm.u_apm_addsub/inst_apm[0].u_gtp_apm_e1) has been disconnected.
I: Const net (pin CEMODEX of inst u_fft_wrapper/use_radix2_burst.u_radix2_burst_core/r2_dit_bf/u_r2bf_as_core/u_r2bf_adder/u_im_add/use_apm.u_apm_addsub/inst_apm[0].u_gtp_apm_e1) has been disconnected.
I: Const net (pin RSTMODEX of inst u_fft_wrapper/use_radix2_burst.u_radix2_burst_core/r2_dit_bf/u_r2bf_as_core/u_r2bf_adder/u_im_add/use_apm.u_apm_addsub/inst_apm[0].u_gtp_apm_e1) has been disconnected.
I: Const net (pin CEMODEY of inst u_fft_wrapper/use_radix2_burst.u_radix2_burst_core/r2_dit_bf/u_r2bf_as_core/u_r2bf_adder/u_im_add/use_apm.u_apm_addsub/inst_apm[0].u_gtp_apm_e1) has been disconnected.
I: Const net (pin RSTMODEY of inst u_fft_wrapper/use_radix2_burst.u_radix2_burst_core/r2_dit_bf/u_r2bf_as_core/u_r2bf_adder/u_im_add/use_apm.u_apm_addsub/inst_apm[0].u_gtp_apm_e1) has been disconnected.
I: Const net (pin CEX of inst u_fft_wrapper/use_radix2_burst.u_radix2_burst_core/r2_dit_bf/u_r2bf_as_core/u_r2bf_adder/u_im_add/use_apm.u_apm_addsub/inst_apm[0].u_gtp_apm_e1) has been disconnected.
I: Const net (pin RSTX of inst u_fft_wrapper/use_radix2_burst.u_radix2_burst_core/r2_dit_bf/u_r2bf_as_core/u_r2bf_adder/u_im_add/use_apm.u_apm_addsub/inst_apm[0].u_gtp_apm_e1) has been disconnected.
I: Const net (pin CEY of inst u_fft_wrapper/use_radix2_burst.u_radix2_burst_core/r2_dit_bf/u_r2bf_as_core/u_r2bf_adder/u_im_add/use_apm.u_apm_addsub/inst_apm[0].u_gtp_apm_e1) has been disconnected.
I: Const net (pin RSTY of inst u_fft_wrapper/use_radix2_burst.u_radix2_burst_core/r2_dit_bf/u_r2bf_as_core/u_r2bf_adder/u_im_add/use_apm.u_apm_addsub/inst_apm[0].u_gtp_apm_e1) has been disconnected.
I: Const net (pin CEZ of inst u_fft_wrapper/use_radix2_burst.u_radix2_burst_core/r2_dit_bf/u_r2bf_as_core/u_r2bf_adder/u_im_add/use_apm.u_apm_addsub/inst_apm[0].u_gtp_apm_e1) has been disconnected.
I: Const net (pin RSTZ of inst u_fft_wrapper/use_radix2_burst.u_radix2_burst_core/r2_dit_bf/u_r2bf_as_core/u_r2bf_adder/u_im_add/use_apm.u_apm_addsub/inst_apm[0].u_gtp_apm_e1) has been disconnected.
I: Const net (pin CEP of inst u_fft_wrapper/use_radix2_burst.u_radix2_burst_core/r2_dit_bf/u_r2bf_as_core/u_r2bf_adder/u_im_add/use_apm.u_apm_addsub/inst_apm[0].u_gtp_apm_e1) has been disconnected.
I: Const net (pin RSTP of inst u_fft_wrapper/use_radix2_burst.u_radix2_burst_core/r2_dit_bf/u_r2bf_as_core/u_r2bf_adder/u_im_add/use_apm.u_apm_addsub/inst_apm[0].u_gtp_apm_e1) has been disconnected.
I: Const net (pin CEMODEZ of inst u_fft_wrapper/use_radix2_burst.u_radix2_burst_core/r2_dit_bf/u_r2bf_as_core/u_r2bf_adder/u_im_add/use_apm.u_apm_addsub/inst_apm[0].u_gtp_apm_e1) has been disconnected.
I: Const net (pin RSTMODEZ of inst u_fft_wrapper/use_radix2_burst.u_radix2_burst_core/r2_dit_bf/u_r2bf_as_core/u_r2bf_adder/u_im_add/use_apm.u_apm_addsub/inst_apm[0].u_gtp_apm_e1) has been disconnected.
I: Const net (pin CEPRE of inst u_fft_wrapper/use_radix2_burst.u_radix2_burst_core/r2_dit_bf/u_r2bf_as_core/u_r2bf_adder/u_im_add/use_apm.u_apm_addsub/inst_apm[1].u_gtp_apm_e1) has been disconnected.
I: Const net (pin RSTPRE of inst u_fft_wrapper/use_radix2_burst.u_radix2_burst_core/r2_dit_bf/u_r2bf_as_core/u_r2bf_adder/u_im_add/use_apm.u_apm_addsub/inst_apm[1].u_gtp_apm_e1) has been disconnected.
I: Const net (pin CEM of inst u_fft_wrapper/use_radix2_burst.u_radix2_burst_core/r2_dit_bf/u_r2bf_as_core/u_r2bf_adder/u_im_add/use_apm.u_apm_addsub/inst_apm[1].u_gtp_apm_e1) has been disconnected.
I: Const net (pin RSTM of inst u_fft_wrapper/use_radix2_burst.u_radix2_burst_core/r2_dit_bf/u_r2bf_as_core/u_r2bf_adder/u_im_add/use_apm.u_apm_addsub/inst_apm[1].u_gtp_apm_e1) has been disconnected.
I: Const net (pin CEMODEX of inst u_fft_wrapper/use_radix2_burst.u_radix2_burst_core/r2_dit_bf/u_r2bf_as_core/u_r2bf_adder/u_im_add/use_apm.u_apm_addsub/inst_apm[1].u_gtp_apm_e1) has been disconnected.
I: Const net (pin RSTMODEX of inst u_fft_wrapper/use_radix2_burst.u_radix2_burst_core/r2_dit_bf/u_r2bf_as_core/u_r2bf_adder/u_im_add/use_apm.u_apm_addsub/inst_apm[1].u_gtp_apm_e1) has been disconnected.
I: Const net (pin CEMODEY of inst u_fft_wrapper/use_radix2_burst.u_radix2_burst_core/r2_dit_bf/u_r2bf_as_core/u_r2bf_adder/u_im_add/use_apm.u_apm_addsub/inst_apm[1].u_gtp_apm_e1) has been disconnected.
I: Const net (pin RSTMODEY of inst u_fft_wrapper/use_radix2_burst.u_radix2_burst_core/r2_dit_bf/u_r2bf_as_core/u_r2bf_adder/u_im_add/use_apm.u_apm_addsub/inst_apm[1].u_gtp_apm_e1) has been disconnected.
I: Const net (pin CEX of inst u_fft_wrapper/use_radix2_burst.u_radix2_burst_core/r2_dit_bf/u_r2bf_as_core/u_r2bf_adder/u_im_add/use_apm.u_apm_addsub/inst_apm[1].u_gtp_apm_e1) has been disconnected.
I: Const net (pin RSTX of inst u_fft_wrapper/use_radix2_burst.u_radix2_burst_core/r2_dit_bf/u_r2bf_as_core/u_r2bf_adder/u_im_add/use_apm.u_apm_addsub/inst_apm[1].u_gtp_apm_e1) has been disconnected.
I: Const net (pin CEY of inst u_fft_wrapper/use_radix2_burst.u_radix2_burst_core/r2_dit_bf/u_r2bf_as_core/u_r2bf_adder/u_im_add/use_apm.u_apm_addsub/inst_apm[1].u_gtp_apm_e1) has been disconnected.
I: Const net (pin RSTY of inst u_fft_wrapper/use_radix2_burst.u_radix2_burst_core/r2_dit_bf/u_r2bf_as_core/u_r2bf_adder/u_im_add/use_apm.u_apm_addsub/inst_apm[1].u_gtp_apm_e1) has been disconnected.
I: Const net (pin CEZ of inst u_fft_wrapper/use_radix2_burst.u_radix2_burst_core/r2_dit_bf/u_r2bf_as_core/u_r2bf_adder/u_im_add/use_apm.u_apm_addsub/inst_apm[1].u_gtp_apm_e1) has been disconnected.
I: Const net (pin RSTZ of inst u_fft_wrapper/use_radix2_burst.u_radix2_burst_core/r2_dit_bf/u_r2bf_as_core/u_r2bf_adder/u_im_add/use_apm.u_apm_addsub/inst_apm[1].u_gtp_apm_e1) has been disconnected.
I: Const net (pin CEP of inst u_fft_wrapper/use_radix2_burst.u_radix2_burst_core/r2_dit_bf/u_r2bf_as_core/u_r2bf_adder/u_im_add/use_apm.u_apm_addsub/inst_apm[1].u_gtp_apm_e1) has been disconnected.
I: Const net (pin RSTP of inst u_fft_wrapper/use_radix2_burst.u_radix2_burst_core/r2_dit_bf/u_r2bf_as_core/u_r2bf_adder/u_im_add/use_apm.u_apm_addsub/inst_apm[1].u_gtp_apm_e1) has been disconnected.
I: Const net (pin CEMODEZ of inst u_fft_wrapper/use_radix2_burst.u_radix2_burst_core/r2_dit_bf/u_r2bf_as_core/u_r2bf_adder/u_im_add/use_apm.u_apm_addsub/inst_apm[1].u_gtp_apm_e1) has been disconnected.
I: Const net (pin RSTMODEZ of inst u_fft_wrapper/use_radix2_burst.u_radix2_burst_core/r2_dit_bf/u_r2bf_as_core/u_r2bf_adder/u_im_add/use_apm.u_apm_addsub/inst_apm[1].u_gtp_apm_e1) has been disconnected.
I: Const net (pin CEPRE of inst u_fft_wrapper/use_radix2_burst.u_radix2_burst_core/r2_dit_bf/u_r2bf_as_core/u_r2bf_adder/u_re_add/use_apm.u_apm_addsub/inst_apm[0].u_gtp_apm_e1) has been disconnected.
I: Const net (pin RSTPRE of inst u_fft_wrapper/use_radix2_burst.u_radix2_burst_core/r2_dit_bf/u_r2bf_as_core/u_r2bf_adder/u_re_add/use_apm.u_apm_addsub/inst_apm[0].u_gtp_apm_e1) has been disconnected.
I: Const net (pin CEM of inst u_fft_wrapper/use_radix2_burst.u_radix2_burst_core/r2_dit_bf/u_r2bf_as_core/u_r2bf_adder/u_re_add/use_apm.u_apm_addsub/inst_apm[0].u_gtp_apm_e1) has been disconnected.
I: Const net (pin RSTM of inst u_fft_wrapper/use_radix2_burst.u_radix2_burst_core/r2_dit_bf/u_r2bf_as_core/u_r2bf_adder/u_re_add/use_apm.u_apm_addsub/inst_apm[0].u_gtp_apm_e1) has been disconnected.
I: Const net (pin CEMODEX of inst u_fft_wrapper/use_radix2_burst.u_radix2_burst_core/r2_dit_bf/u_r2bf_as_core/u_r2bf_adder/u_re_add/use_apm.u_apm_addsub/inst_apm[0].u_gtp_apm_e1) has been disconnected.
I: Const net (pin RSTMODEX of inst u_fft_wrapper/use_radix2_burst.u_radix2_burst_core/r2_dit_bf/u_r2bf_as_core/u_r2bf_adder/u_re_add/use_apm.u_apm_addsub/inst_apm[0].u_gtp_apm_e1) has been disconnected.
I: Const net (pin CEMODEY of inst u_fft_wrapper/use_radix2_burst.u_radix2_burst_core/r2_dit_bf/u_r2bf_as_core/u_r2bf_adder/u_re_add/use_apm.u_apm_addsub/inst_apm[0].u_gtp_apm_e1) has been disconnected.
I: Const net (pin RSTMODEY of inst u_fft_wrapper/use_radix2_burst.u_radix2_burst_core/r2_dit_bf/u_r2bf_as_core/u_r2bf_adder/u_re_add/use_apm.u_apm_addsub/inst_apm[0].u_gtp_apm_e1) has been disconnected.
I: Const net (pin CEX of inst u_fft_wrapper/use_radix2_burst.u_radix2_burst_core/r2_dit_bf/u_r2bf_as_core/u_r2bf_adder/u_re_add/use_apm.u_apm_addsub/inst_apm[0].u_gtp_apm_e1) has been disconnected.
I: Const net (pin RSTX of inst u_fft_wrapper/use_radix2_burst.u_radix2_burst_core/r2_dit_bf/u_r2bf_as_core/u_r2bf_adder/u_re_add/use_apm.u_apm_addsub/inst_apm[0].u_gtp_apm_e1) has been disconnected.
I: Const net (pin CEY of inst u_fft_wrapper/use_radix2_burst.u_radix2_burst_core/r2_dit_bf/u_r2bf_as_core/u_r2bf_adder/u_re_add/use_apm.u_apm_addsub/inst_apm[0].u_gtp_apm_e1) has been disconnected.
I: Const net (pin RSTY of inst u_fft_wrapper/use_radix2_burst.u_radix2_burst_core/r2_dit_bf/u_r2bf_as_core/u_r2bf_adder/u_re_add/use_apm.u_apm_addsub/inst_apm[0].u_gtp_apm_e1) has been disconnected.
I: Const net (pin CEZ of inst u_fft_wrapper/use_radix2_burst.u_radix2_burst_core/r2_dit_bf/u_r2bf_as_core/u_r2bf_adder/u_re_add/use_apm.u_apm_addsub/inst_apm[0].u_gtp_apm_e1) has been disconnected.
I: Const net (pin RSTZ of inst u_fft_wrapper/use_radix2_burst.u_radix2_burst_core/r2_dit_bf/u_r2bf_as_core/u_r2bf_adder/u_re_add/use_apm.u_apm_addsub/inst_apm[0].u_gtp_apm_e1) has been disconnected.
I: Const net (pin CEP of inst u_fft_wrapper/use_radix2_burst.u_radix2_burst_core/r2_dit_bf/u_r2bf_as_core/u_r2bf_adder/u_re_add/use_apm.u_apm_addsub/inst_apm[0].u_gtp_apm_e1) has been disconnected.
I: Const net (pin RSTP of inst u_fft_wrapper/use_radix2_burst.u_radix2_burst_core/r2_dit_bf/u_r2bf_as_core/u_r2bf_adder/u_re_add/use_apm.u_apm_addsub/inst_apm[0].u_gtp_apm_e1) has been disconnected.
I: Const net (pin CEMODEZ of inst u_fft_wrapper/use_radix2_burst.u_radix2_burst_core/r2_dit_bf/u_r2bf_as_core/u_r2bf_adder/u_re_add/use_apm.u_apm_addsub/inst_apm[0].u_gtp_apm_e1) has been disconnected.
I: Const net (pin RSTMODEZ of inst u_fft_wrapper/use_radix2_burst.u_radix2_burst_core/r2_dit_bf/u_r2bf_as_core/u_r2bf_adder/u_re_add/use_apm.u_apm_addsub/inst_apm[0].u_gtp_apm_e1) has been disconnected.
I: Const net (pin CEPRE of inst u_fft_wrapper/use_radix2_burst.u_radix2_burst_core/r2_dit_bf/u_r2bf_as_core/u_r2bf_adder/u_re_add/use_apm.u_apm_addsub/inst_apm[1].u_gtp_apm_e1) has been disconnected.
I: Const net (pin RSTPRE of inst u_fft_wrapper/use_radix2_burst.u_radix2_burst_core/r2_dit_bf/u_r2bf_as_core/u_r2bf_adder/u_re_add/use_apm.u_apm_addsub/inst_apm[1].u_gtp_apm_e1) has been disconnected.
I: Const net (pin CEM of inst u_fft_wrapper/use_radix2_burst.u_radix2_burst_core/r2_dit_bf/u_r2bf_as_core/u_r2bf_adder/u_re_add/use_apm.u_apm_addsub/inst_apm[1].u_gtp_apm_e1) has been disconnected.
I: Const net (pin RSTM of inst u_fft_wrapper/use_radix2_burst.u_radix2_burst_core/r2_dit_bf/u_r2bf_as_core/u_r2bf_adder/u_re_add/use_apm.u_apm_addsub/inst_apm[1].u_gtp_apm_e1) has been disconnected.
I: Const net (pin CEMODEX of inst u_fft_wrapper/use_radix2_burst.u_radix2_burst_core/r2_dit_bf/u_r2bf_as_core/u_r2bf_adder/u_re_add/use_apm.u_apm_addsub/inst_apm[1].u_gtp_apm_e1) has been disconnected.
I: Const net (pin RSTMODEX of inst u_fft_wrapper/use_radix2_burst.u_radix2_burst_core/r2_dit_bf/u_r2bf_as_core/u_r2bf_adder/u_re_add/use_apm.u_apm_addsub/inst_apm[1].u_gtp_apm_e1) has been disconnected.
I: Const net (pin CEMODEY of inst u_fft_wrapper/use_radix2_burst.u_radix2_burst_core/r2_dit_bf/u_r2bf_as_core/u_r2bf_adder/u_re_add/use_apm.u_apm_addsub/inst_apm[1].u_gtp_apm_e1) has been disconnected.
I: Const net (pin RSTMODEY of inst u_fft_wrapper/use_radix2_burst.u_radix2_burst_core/r2_dit_bf/u_r2bf_as_core/u_r2bf_adder/u_re_add/use_apm.u_apm_addsub/inst_apm[1].u_gtp_apm_e1) has been disconnected.
I: Const net (pin CEX of inst u_fft_wrapper/use_radix2_burst.u_radix2_burst_core/r2_dit_bf/u_r2bf_as_core/u_r2bf_adder/u_re_add/use_apm.u_apm_addsub/inst_apm[1].u_gtp_apm_e1) has been disconnected.
I: Const net (pin RSTX of inst u_fft_wrapper/use_radix2_burst.u_radix2_burst_core/r2_dit_bf/u_r2bf_as_core/u_r2bf_adder/u_re_add/use_apm.u_apm_addsub/inst_apm[1].u_gtp_apm_e1) has been disconnected.
I: Const net (pin CEY of inst u_fft_wrapper/use_radix2_burst.u_radix2_burst_core/r2_dit_bf/u_r2bf_as_core/u_r2bf_adder/u_re_add/use_apm.u_apm_addsub/inst_apm[1].u_gtp_apm_e1) has been disconnected.
I: Const net (pin RSTY of inst u_fft_wrapper/use_radix2_burst.u_radix2_burst_core/r2_dit_bf/u_r2bf_as_core/u_r2bf_adder/u_re_add/use_apm.u_apm_addsub/inst_apm[1].u_gtp_apm_e1) has been disconnected.
I: Const net (pin CEZ of inst u_fft_wrapper/use_radix2_burst.u_radix2_burst_core/r2_dit_bf/u_r2bf_as_core/u_r2bf_adder/u_re_add/use_apm.u_apm_addsub/inst_apm[1].u_gtp_apm_e1) has been disconnected.
I: Const net (pin RSTZ of inst u_fft_wrapper/use_radix2_burst.u_radix2_burst_core/r2_dit_bf/u_r2bf_as_core/u_r2bf_adder/u_re_add/use_apm.u_apm_addsub/inst_apm[1].u_gtp_apm_e1) has been disconnected.
I: Const net (pin CEP of inst u_fft_wrapper/use_radix2_burst.u_radix2_burst_core/r2_dit_bf/u_r2bf_as_core/u_r2bf_adder/u_re_add/use_apm.u_apm_addsub/inst_apm[1].u_gtp_apm_e1) has been disconnected.
I: Const net (pin RSTP of inst u_fft_wrapper/use_radix2_burst.u_radix2_burst_core/r2_dit_bf/u_r2bf_as_core/u_r2bf_adder/u_re_add/use_apm.u_apm_addsub/inst_apm[1].u_gtp_apm_e1) has been disconnected.
I: Const net (pin CEMODEZ of inst u_fft_wrapper/use_radix2_burst.u_radix2_burst_core/r2_dit_bf/u_r2bf_as_core/u_r2bf_adder/u_re_add/use_apm.u_apm_addsub/inst_apm[1].u_gtp_apm_e1) has been disconnected.
I: Const net (pin RSTMODEZ of inst u_fft_wrapper/use_radix2_burst.u_radix2_burst_core/r2_dit_bf/u_r2bf_as_core/u_r2bf_adder/u_re_add/use_apm.u_apm_addsub/inst_apm[1].u_gtp_apm_e1) has been disconnected.
I: Const net (pin CEPRE of inst u_fft_wrapper/use_radix2_burst.u_radix2_burst_core/r2_dit_bf/u_r2bf_as_core/u_r2bf_subtractor/u_im_add/use_apm.u_apm_addsub/inst_apm[0].u_gtp_apm_e1) has been disconnected.
I: Const net (pin RSTPRE of inst u_fft_wrapper/use_radix2_burst.u_radix2_burst_core/r2_dit_bf/u_r2bf_as_core/u_r2bf_subtractor/u_im_add/use_apm.u_apm_addsub/inst_apm[0].u_gtp_apm_e1) has been disconnected.
I: Const net (pin CEM of inst u_fft_wrapper/use_radix2_burst.u_radix2_burst_core/r2_dit_bf/u_r2bf_as_core/u_r2bf_subtractor/u_im_add/use_apm.u_apm_addsub/inst_apm[0].u_gtp_apm_e1) has been disconnected.
I: Const net (pin RSTM of inst u_fft_wrapper/use_radix2_burst.u_radix2_burst_core/r2_dit_bf/u_r2bf_as_core/u_r2bf_subtractor/u_im_add/use_apm.u_apm_addsub/inst_apm[0].u_gtp_apm_e1) has been disconnected.
I: Const net (pin CEMODEX of inst u_fft_wrapper/use_radix2_burst.u_radix2_burst_core/r2_dit_bf/u_r2bf_as_core/u_r2bf_subtractor/u_im_add/use_apm.u_apm_addsub/inst_apm[0].u_gtp_apm_e1) has been disconnected.
I: Const net (pin RSTMODEX of inst u_fft_wrapper/use_radix2_burst.u_radix2_burst_core/r2_dit_bf/u_r2bf_as_core/u_r2bf_subtractor/u_im_add/use_apm.u_apm_addsub/inst_apm[0].u_gtp_apm_e1) has been disconnected.
I: Const net (pin CEMODEY of inst u_fft_wrapper/use_radix2_burst.u_radix2_burst_core/r2_dit_bf/u_r2bf_as_core/u_r2bf_subtractor/u_im_add/use_apm.u_apm_addsub/inst_apm[0].u_gtp_apm_e1) has been disconnected.
I: Const net (pin RSTMODEY of inst u_fft_wrapper/use_radix2_burst.u_radix2_burst_core/r2_dit_bf/u_r2bf_as_core/u_r2bf_subtractor/u_im_add/use_apm.u_apm_addsub/inst_apm[0].u_gtp_apm_e1) has been disconnected.
I: Const net (pin CEX of inst u_fft_wrapper/use_radix2_burst.u_radix2_burst_core/r2_dit_bf/u_r2bf_as_core/u_r2bf_subtractor/u_im_add/use_apm.u_apm_addsub/inst_apm[0].u_gtp_apm_e1) has been disconnected.
I: Const net (pin RSTX of inst u_fft_wrapper/use_radix2_burst.u_radix2_burst_core/r2_dit_bf/u_r2bf_as_core/u_r2bf_subtractor/u_im_add/use_apm.u_apm_addsub/inst_apm[0].u_gtp_apm_e1) has been disconnected.
I: Const net (pin CEY of inst u_fft_wrapper/use_radix2_burst.u_radix2_burst_core/r2_dit_bf/u_r2bf_as_core/u_r2bf_subtractor/u_im_add/use_apm.u_apm_addsub/inst_apm[0].u_gtp_apm_e1) has been disconnected.
I: Const net (pin RSTY of inst u_fft_wrapper/use_radix2_burst.u_radix2_burst_core/r2_dit_bf/u_r2bf_as_core/u_r2bf_subtractor/u_im_add/use_apm.u_apm_addsub/inst_apm[0].u_gtp_apm_e1) has been disconnected.
I: Const net (pin CEZ of inst u_fft_wrapper/use_radix2_burst.u_radix2_burst_core/r2_dit_bf/u_r2bf_as_core/u_r2bf_subtractor/u_im_add/use_apm.u_apm_addsub/inst_apm[0].u_gtp_apm_e1) has been disconnected.
I: Const net (pin RSTZ of inst u_fft_wrapper/use_radix2_burst.u_radix2_burst_core/r2_dit_bf/u_r2bf_as_core/u_r2bf_subtractor/u_im_add/use_apm.u_apm_addsub/inst_apm[0].u_gtp_apm_e1) has been disconnected.
I: Const net (pin CEP of inst u_fft_wrapper/use_radix2_burst.u_radix2_burst_core/r2_dit_bf/u_r2bf_as_core/u_r2bf_subtractor/u_im_add/use_apm.u_apm_addsub/inst_apm[0].u_gtp_apm_e1) has been disconnected.
I: Const net (pin RSTP of inst u_fft_wrapper/use_radix2_burst.u_radix2_burst_core/r2_dit_bf/u_r2bf_as_core/u_r2bf_subtractor/u_im_add/use_apm.u_apm_addsub/inst_apm[0].u_gtp_apm_e1) has been disconnected.
I: Const net (pin CEMODEZ of inst u_fft_wrapper/use_radix2_burst.u_radix2_burst_core/r2_dit_bf/u_r2bf_as_core/u_r2bf_subtractor/u_im_add/use_apm.u_apm_addsub/inst_apm[0].u_gtp_apm_e1) has been disconnected.
I: Const net (pin RSTMODEZ of inst u_fft_wrapper/use_radix2_burst.u_radix2_burst_core/r2_dit_bf/u_r2bf_as_core/u_r2bf_subtractor/u_im_add/use_apm.u_apm_addsub/inst_apm[0].u_gtp_apm_e1) has been disconnected.
I: Const net (pin CEPRE of inst u_fft_wrapper/use_radix2_burst.u_radix2_burst_core/r2_dit_bf/u_r2bf_as_core/u_r2bf_subtractor/u_im_add/use_apm.u_apm_addsub/inst_apm[1].u_gtp_apm_e1) has been disconnected.
I: Const net (pin RSTPRE of inst u_fft_wrapper/use_radix2_burst.u_radix2_burst_core/r2_dit_bf/u_r2bf_as_core/u_r2bf_subtractor/u_im_add/use_apm.u_apm_addsub/inst_apm[1].u_gtp_apm_e1) has been disconnected.
I: Const net (pin CEM of inst u_fft_wrapper/use_radix2_burst.u_radix2_burst_core/r2_dit_bf/u_r2bf_as_core/u_r2bf_subtractor/u_im_add/use_apm.u_apm_addsub/inst_apm[1].u_gtp_apm_e1) has been disconnected.
I: Const net (pin RSTM of inst u_fft_wrapper/use_radix2_burst.u_radix2_burst_core/r2_dit_bf/u_r2bf_as_core/u_r2bf_subtractor/u_im_add/use_apm.u_apm_addsub/inst_apm[1].u_gtp_apm_e1) has been disconnected.
I: Const net (pin CEMODEX of inst u_fft_wrapper/use_radix2_burst.u_radix2_burst_core/r2_dit_bf/u_r2bf_as_core/u_r2bf_subtractor/u_im_add/use_apm.u_apm_addsub/inst_apm[1].u_gtp_apm_e1) has been disconnected.
I: Const net (pin RSTMODEX of inst u_fft_wrapper/use_radix2_burst.u_radix2_burst_core/r2_dit_bf/u_r2bf_as_core/u_r2bf_subtractor/u_im_add/use_apm.u_apm_addsub/inst_apm[1].u_gtp_apm_e1) has been disconnected.
I: Const net (pin CEMODEY of inst u_fft_wrapper/use_radix2_burst.u_radix2_burst_core/r2_dit_bf/u_r2bf_as_core/u_r2bf_subtractor/u_im_add/use_apm.u_apm_addsub/inst_apm[1].u_gtp_apm_e1) has been disconnected.
I: Const net (pin RSTMODEY of inst u_fft_wrapper/use_radix2_burst.u_radix2_burst_core/r2_dit_bf/u_r2bf_as_core/u_r2bf_subtractor/u_im_add/use_apm.u_apm_addsub/inst_apm[1].u_gtp_apm_e1) has been disconnected.
I: Const net (pin CEX of inst u_fft_wrapper/use_radix2_burst.u_radix2_burst_core/r2_dit_bf/u_r2bf_as_core/u_r2bf_subtractor/u_im_add/use_apm.u_apm_addsub/inst_apm[1].u_gtp_apm_e1) has been disconnected.
I: Const net (pin RSTX of inst u_fft_wrapper/use_radix2_burst.u_radix2_burst_core/r2_dit_bf/u_r2bf_as_core/u_r2bf_subtractor/u_im_add/use_apm.u_apm_addsub/inst_apm[1].u_gtp_apm_e1) has been disconnected.
I: Const net (pin CEY of inst u_fft_wrapper/use_radix2_burst.u_radix2_burst_core/r2_dit_bf/u_r2bf_as_core/u_r2bf_subtractor/u_im_add/use_apm.u_apm_addsub/inst_apm[1].u_gtp_apm_e1) has been disconnected.
I: Const net (pin RSTY of inst u_fft_wrapper/use_radix2_burst.u_radix2_burst_core/r2_dit_bf/u_r2bf_as_core/u_r2bf_subtractor/u_im_add/use_apm.u_apm_addsub/inst_apm[1].u_gtp_apm_e1) has been disconnected.
I: Const net (pin CEZ of inst u_fft_wrapper/use_radix2_burst.u_radix2_burst_core/r2_dit_bf/u_r2bf_as_core/u_r2bf_subtractor/u_im_add/use_apm.u_apm_addsub/inst_apm[1].u_gtp_apm_e1) has been disconnected.
I: Const net (pin RSTZ of inst u_fft_wrapper/use_radix2_burst.u_radix2_burst_core/r2_dit_bf/u_r2bf_as_core/u_r2bf_subtractor/u_im_add/use_apm.u_apm_addsub/inst_apm[1].u_gtp_apm_e1) has been disconnected.
I: Const net (pin CEP of inst u_fft_wrapper/use_radix2_burst.u_radix2_burst_core/r2_dit_bf/u_r2bf_as_core/u_r2bf_subtractor/u_im_add/use_apm.u_apm_addsub/inst_apm[1].u_gtp_apm_e1) has been disconnected.
I: Const net (pin RSTP of inst u_fft_wrapper/use_radix2_burst.u_radix2_burst_core/r2_dit_bf/u_r2bf_as_core/u_r2bf_subtractor/u_im_add/use_apm.u_apm_addsub/inst_apm[1].u_gtp_apm_e1) has been disconnected.
I: Const net (pin CEMODEZ of inst u_fft_wrapper/use_radix2_burst.u_radix2_burst_core/r2_dit_bf/u_r2bf_as_core/u_r2bf_subtractor/u_im_add/use_apm.u_apm_addsub/inst_apm[1].u_gtp_apm_e1) has been disconnected.
I: Const net (pin RSTMODEZ of inst u_fft_wrapper/use_radix2_burst.u_radix2_burst_core/r2_dit_bf/u_r2bf_as_core/u_r2bf_subtractor/u_im_add/use_apm.u_apm_addsub/inst_apm[1].u_gtp_apm_e1) has been disconnected.
I: Const net (pin CEPRE of inst u_fft_wrapper/use_radix2_burst.u_radix2_burst_core/r2_dit_bf/u_r2bf_as_core/u_r2bf_subtractor/u_re_add/use_apm.u_apm_addsub/inst_apm[0].u_gtp_apm_e1) has been disconnected.
I: Const net (pin RSTPRE of inst u_fft_wrapper/use_radix2_burst.u_radix2_burst_core/r2_dit_bf/u_r2bf_as_core/u_r2bf_subtractor/u_re_add/use_apm.u_apm_addsub/inst_apm[0].u_gtp_apm_e1) has been disconnected.
I: Const net (pin CEM of inst u_fft_wrapper/use_radix2_burst.u_radix2_burst_core/r2_dit_bf/u_r2bf_as_core/u_r2bf_subtractor/u_re_add/use_apm.u_apm_addsub/inst_apm[0].u_gtp_apm_e1) has been disconnected.
I: Const net (pin RSTM of inst u_fft_wrapper/use_radix2_burst.u_radix2_burst_core/r2_dit_bf/u_r2bf_as_core/u_r2bf_subtractor/u_re_add/use_apm.u_apm_addsub/inst_apm[0].u_gtp_apm_e1) has been disconnected.
I: Const net (pin CEMODEX of inst u_fft_wrapper/use_radix2_burst.u_radix2_burst_core/r2_dit_bf/u_r2bf_as_core/u_r2bf_subtractor/u_re_add/use_apm.u_apm_addsub/inst_apm[0].u_gtp_apm_e1) has been disconnected.
I: Const net (pin RSTMODEX of inst u_fft_wrapper/use_radix2_burst.u_radix2_burst_core/r2_dit_bf/u_r2bf_as_core/u_r2bf_subtractor/u_re_add/use_apm.u_apm_addsub/inst_apm[0].u_gtp_apm_e1) has been disconnected.
I: Const net (pin CEMODEY of inst u_fft_wrapper/use_radix2_burst.u_radix2_burst_core/r2_dit_bf/u_r2bf_as_core/u_r2bf_subtractor/u_re_add/use_apm.u_apm_addsub/inst_apm[0].u_gtp_apm_e1) has been disconnected.
I: Const net (pin RSTMODEY of inst u_fft_wrapper/use_radix2_burst.u_radix2_burst_core/r2_dit_bf/u_r2bf_as_core/u_r2bf_subtractor/u_re_add/use_apm.u_apm_addsub/inst_apm[0].u_gtp_apm_e1) has been disconnected.
I: Const net (pin CEX of inst u_fft_wrapper/use_radix2_burst.u_radix2_burst_core/r2_dit_bf/u_r2bf_as_core/u_r2bf_subtractor/u_re_add/use_apm.u_apm_addsub/inst_apm[0].u_gtp_apm_e1) has been disconnected.
I: Const net (pin RSTX of inst u_fft_wrapper/use_radix2_burst.u_radix2_burst_core/r2_dit_bf/u_r2bf_as_core/u_r2bf_subtractor/u_re_add/use_apm.u_apm_addsub/inst_apm[0].u_gtp_apm_e1) has been disconnected.
I: Const net (pin CEY of inst u_fft_wrapper/use_radix2_burst.u_radix2_burst_core/r2_dit_bf/u_r2bf_as_core/u_r2bf_subtractor/u_re_add/use_apm.u_apm_addsub/inst_apm[0].u_gtp_apm_e1) has been disconnected.
I: Const net (pin RSTY of inst u_fft_wrapper/use_radix2_burst.u_radix2_burst_core/r2_dit_bf/u_r2bf_as_core/u_r2bf_subtractor/u_re_add/use_apm.u_apm_addsub/inst_apm[0].u_gtp_apm_e1) has been disconnected.
I: Const net (pin CEZ of inst u_fft_wrapper/use_radix2_burst.u_radix2_burst_core/r2_dit_bf/u_r2bf_as_core/u_r2bf_subtractor/u_re_add/use_apm.u_apm_addsub/inst_apm[0].u_gtp_apm_e1) has been disconnected.
I: Const net (pin RSTZ of inst u_fft_wrapper/use_radix2_burst.u_radix2_burst_core/r2_dit_bf/u_r2bf_as_core/u_r2bf_subtractor/u_re_add/use_apm.u_apm_addsub/inst_apm[0].u_gtp_apm_e1) has been disconnected.
I: Const net (pin CEP of inst u_fft_wrapper/use_radix2_burst.u_radix2_burst_core/r2_dit_bf/u_r2bf_as_core/u_r2bf_subtractor/u_re_add/use_apm.u_apm_addsub/inst_apm[0].u_gtp_apm_e1) has been disconnected.
I: Const net (pin RSTP of inst u_fft_wrapper/use_radix2_burst.u_radix2_burst_core/r2_dit_bf/u_r2bf_as_core/u_r2bf_subtractor/u_re_add/use_apm.u_apm_addsub/inst_apm[0].u_gtp_apm_e1) has been disconnected.
I: Const net (pin CEMODEZ of inst u_fft_wrapper/use_radix2_burst.u_radix2_burst_core/r2_dit_bf/u_r2bf_as_core/u_r2bf_subtractor/u_re_add/use_apm.u_apm_addsub/inst_apm[0].u_gtp_apm_e1) has been disconnected.
I: Const net (pin RSTMODEZ of inst u_fft_wrapper/use_radix2_burst.u_radix2_burst_core/r2_dit_bf/u_r2bf_as_core/u_r2bf_subtractor/u_re_add/use_apm.u_apm_addsub/inst_apm[0].u_gtp_apm_e1) has been disconnected.
I: Const net (pin CEPRE of inst u_fft_wrapper/use_radix2_burst.u_radix2_burst_core/r2_dit_bf/u_r2bf_as_core/u_r2bf_subtractor/u_re_add/use_apm.u_apm_addsub/inst_apm[1].u_gtp_apm_e1) has been disconnected.
I: Const net (pin RSTPRE of inst u_fft_wrapper/use_radix2_burst.u_radix2_burst_core/r2_dit_bf/u_r2bf_as_core/u_r2bf_subtractor/u_re_add/use_apm.u_apm_addsub/inst_apm[1].u_gtp_apm_e1) has been disconnected.
I: Const net (pin CEM of inst u_fft_wrapper/use_radix2_burst.u_radix2_burst_core/r2_dit_bf/u_r2bf_as_core/u_r2bf_subtractor/u_re_add/use_apm.u_apm_addsub/inst_apm[1].u_gtp_apm_e1) has been disconnected.
I: Const net (pin RSTM of inst u_fft_wrapper/use_radix2_burst.u_radix2_burst_core/r2_dit_bf/u_r2bf_as_core/u_r2bf_subtractor/u_re_add/use_apm.u_apm_addsub/inst_apm[1].u_gtp_apm_e1) has been disconnected.
I: Const net (pin CEMODEX of inst u_fft_wrapper/use_radix2_burst.u_radix2_burst_core/r2_dit_bf/u_r2bf_as_core/u_r2bf_subtractor/u_re_add/use_apm.u_apm_addsub/inst_apm[1].u_gtp_apm_e1) has been disconnected.
I: Const net (pin RSTMODEX of inst u_fft_wrapper/use_radix2_burst.u_radix2_burst_core/r2_dit_bf/u_r2bf_as_core/u_r2bf_subtractor/u_re_add/use_apm.u_apm_addsub/inst_apm[1].u_gtp_apm_e1) has been disconnected.
I: Const net (pin CEMODEY of inst u_fft_wrapper/use_radix2_burst.u_radix2_burst_core/r2_dit_bf/u_r2bf_as_core/u_r2bf_subtractor/u_re_add/use_apm.u_apm_addsub/inst_apm[1].u_gtp_apm_e1) has been disconnected.
I: Const net (pin RSTMODEY of inst u_fft_wrapper/use_radix2_burst.u_radix2_burst_core/r2_dit_bf/u_r2bf_as_core/u_r2bf_subtractor/u_re_add/use_apm.u_apm_addsub/inst_apm[1].u_gtp_apm_e1) has been disconnected.
I: Const net (pin CEX of inst u_fft_wrapper/use_radix2_burst.u_radix2_burst_core/r2_dit_bf/u_r2bf_as_core/u_r2bf_subtractor/u_re_add/use_apm.u_apm_addsub/inst_apm[1].u_gtp_apm_e1) has been disconnected.
I: Const net (pin RSTX of inst u_fft_wrapper/use_radix2_burst.u_radix2_burst_core/r2_dit_bf/u_r2bf_as_core/u_r2bf_subtractor/u_re_add/use_apm.u_apm_addsub/inst_apm[1].u_gtp_apm_e1) has been disconnected.
I: Const net (pin CEY of inst u_fft_wrapper/use_radix2_burst.u_radix2_burst_core/r2_dit_bf/u_r2bf_as_core/u_r2bf_subtractor/u_re_add/use_apm.u_apm_addsub/inst_apm[1].u_gtp_apm_e1) has been disconnected.
I: Const net (pin RSTY of inst u_fft_wrapper/use_radix2_burst.u_radix2_burst_core/r2_dit_bf/u_r2bf_as_core/u_r2bf_subtractor/u_re_add/use_apm.u_apm_addsub/inst_apm[1].u_gtp_apm_e1) has been disconnected.
I: Const net (pin CEZ of inst u_fft_wrapper/use_radix2_burst.u_radix2_burst_core/r2_dit_bf/u_r2bf_as_core/u_r2bf_subtractor/u_re_add/use_apm.u_apm_addsub/inst_apm[1].u_gtp_apm_e1) has been disconnected.
I: Const net (pin RSTZ of inst u_fft_wrapper/use_radix2_burst.u_radix2_burst_core/r2_dit_bf/u_r2bf_as_core/u_r2bf_subtractor/u_re_add/use_apm.u_apm_addsub/inst_apm[1].u_gtp_apm_e1) has been disconnected.
I: Const net (pin CEP of inst u_fft_wrapper/use_radix2_burst.u_radix2_burst_core/r2_dit_bf/u_r2bf_as_core/u_r2bf_subtractor/u_re_add/use_apm.u_apm_addsub/inst_apm[1].u_gtp_apm_e1) has been disconnected.
I: Const net (pin RSTP of inst u_fft_wrapper/use_radix2_burst.u_radix2_burst_core/r2_dit_bf/u_r2bf_as_core/u_r2bf_subtractor/u_re_add/use_apm.u_apm_addsub/inst_apm[1].u_gtp_apm_e1) has been disconnected.
I: Const net (pin CEMODEZ of inst u_fft_wrapper/use_radix2_burst.u_radix2_burst_core/r2_dit_bf/u_r2bf_as_core/u_r2bf_subtractor/u_re_add/use_apm.u_apm_addsub/inst_apm[1].u_gtp_apm_e1) has been disconnected.
I: Const net (pin RSTMODEZ of inst u_fft_wrapper/use_radix2_burst.u_radix2_burst_core/r2_dit_bf/u_r2bf_as_core/u_r2bf_subtractor/u_re_add/use_apm.u_apm_addsub/inst_apm[1].u_gtp_apm_e1) has been disconnected.
E: Timing-0073: Clock group async_clk already exists.
Action dev_map: Real time elapsed is 0h:0m:15s
Action dev_map: CPU time elapsed is 0h:0m:3s
Action dev_map: Process CPU time elapsed is 0h:0m:4s
Current time: Sat Aug 17 22:47:35 2024
Action dev_map: Peak memory pool usage is 492 MB
