#Build: Fabric Compiler 2022.2-SP1-Lite, Build 132640, Aug 18 15:12 2023
#Install: C:\pango\PDS_2022.2-SP1-Lite\bin
#Application name: pds_shell.exe
#OS: Windows 10 10.0.22631
#Hostname: DESKTOP-73C3QQ3
Generated by Fabric Compiler (version 2022.2-SP1-Lite build 132640) at Sat Aug 17 22:43:12 2024
Compiling verification operator library.
Compiling common defs.
Loading technology operator library.
Compiling technology operator library.
Compiling technology operator (valence) library.
Compiling operator packing rules.
Compiling prim grid devices.
Compiling gate devices.
Compiling gate operators.
Compiling tech operator impls.
Building architecture model.
Loading device packaging model.
Executing : get_ports sys_clk
Executing : get_ports sys_clk successfully.
Executing : create_clock -name sys_clk [get_ports sys_clk] -period 20.000 -waveform {0.000 10.000}
E: CommandTiming-0012: [C:/Users/mjh/Desktop/final_competition/Pango_magicbox/pnr/example_design/ipsxb_fft_onboard_top.scf(line number: 1)] Clock 'sys_clk' has been declared already.
E: ConstraintEditor-0046: [C:/Users/mjh/Desktop/final_competition/Pango_magicbox/pnr/example_design/ipsxb_fft_onboard_top.scf(line number: 1)] Failed to import constraint "create_clock -name sys_clk [get_ports sys_clk] -period 20.000 -waveform {0.000 10.000}".
Executing : get_ports {pixclk_in pixclk_out}
Executing : get_ports {pixclk_in pixclk_out} successfully.
Executing : create_clock -name pixclk_in [get_ports {pixclk_in pixclk_out}] -period 6.734 -waveform {0.000 3.367}
E: CommandTiming-0012: [C:/Users/mjh/Desktop/final_competition/Pango_magicbox/pnr/example_design/ipsxb_fft_onboard_top.scf(line number: 2)] Clock 'pixclk_in' has been declared already.
E: ConstraintEditor-0046: [C:/Users/mjh/Desktop/final_competition/Pango_magicbox/pnr/example_design/ipsxb_fft_onboard_top.scf(line number: 2)] Failed to import constraint "create_clock -name pixclk_in [get_ports {pixclk_in pixclk_out}] -period 6.734 -waveform {0.000 3.367}".
Executing : get_ports {rgmii_rxc rgmii_txc}
Executing : get_ports {rgmii_rxc rgmii_txc} successfully.
Executing : create_clock -name rgmii_clk [get_ports {rgmii_rxc rgmii_txc}] -period 8.000 -waveform {0.000 4.000}
E: CommandTiming-0012: [C:/Users/mjh/Desktop/final_competition/Pango_magicbox/pnr/example_design/ipsxb_fft_onboard_top.scf(line number: 3)] Clock 'rgmii_clk' has been declared already.
E: ConstraintEditor-0046: [C:/Users/mjh/Desktop/final_competition/Pango_magicbox/pnr/example_design/ipsxb_fft_onboard_top.scf(line number: 3)] Failed to import constraint "create_clock -name rgmii_clk [get_ports {rgmii_rxc rgmii_txc}] -period 8.000 -waveform {0.000 4.000}".
Executing : get_ports {es0_mclk es1_mclk}
Executing : get_ports {es0_mclk es1_mclk} successfully.
Executing : create_clock -name mclk [get_ports {es0_mclk es1_mclk}] -period 81.380 -waveform {0.000 40.690}
E: CommandTiming-0012: [C:/Users/mjh/Desktop/final_competition/Pango_magicbox/pnr/example_design/ipsxb_fft_onboard_top.scf(line number: 4)] Clock 'mclk' has been declared already.
E: ConstraintEditor-0046: [C:/Users/mjh/Desktop/final_competition/Pango_magicbox/pnr/example_design/ipsxb_fft_onboard_top.scf(line number: 4)] Failed to import constraint "create_clock -name mclk [get_ports {es0_mclk es1_mclk}] -period 81.380 -waveform {0.000 40.690}".
Executing : get_ports {es0_dsclk es1_dsclk}
Executing : get_ports {es0_dsclk es1_dsclk} successfully.
Executing : create_clock -name sclk [get_ports {es0_dsclk es1_dsclk}] -period 651.042 -waveform {0.000 325.521}
E: CommandTiming-0012: [C:/Users/mjh/Desktop/final_competition/Pango_magicbox/pnr/example_design/ipsxb_fft_onboard_top.scf(line number: 5)] Clock 'sclk' has been declared already.
E: ConstraintEditor-0046: [C:/Users/mjh/Desktop/final_competition/Pango_magicbox/pnr/example_design/ipsxb_fft_onboard_top.scf(line number: 5)] Failed to import constraint "create_clock -name sclk [get_ports {es0_dsclk es1_dsclk}] -period 651.042 -waveform {0.000 325.521}".
Executing : get_clocks {mclk pixclk_in rgmii_clk sclk sys_clk}
Executing : get_clocks {mclk pixclk_in rgmii_clk sclk sys_clk} successfully.
Executing : set_clock_groups -name async_clk -asynchronous -group [get_clocks {mclk pixclk_in rgmii_clk sclk sys_clk}]
Executing : set_clock_groups -name async_clk -asynchronous -group [get_clocks {mclk pixclk_in rgmii_clk sclk sys_clk}] successfully.
Executing : get_cells {ubus.u_local_bus_slve_cis.reg1[0]}
Executing : get_cells {ubus.u_local_bus_slve_cis.reg1[0]} successfully.
Executing : get_cells {speaker_ctrl_d0[0]}
Executing : get_cells {speaker_ctrl_d0[0]} successfully.
Executing : set_false_path -from [get_cells {ubus.u_local_bus_slve_cis.reg1[0]}] -to [get_cells {speaker_ctrl_d0[0]}]
Executing : set_false_path -from [get_cells {ubus.u_local_bus_slve_cis.reg1[0]}] -to [get_cells {speaker_ctrl_d0[0]}] successfully.
Executing : get_cells {ubus.u_local_bus_slve_cis.reg1[2]}
Executing : get_cells {ubus.u_local_bus_slve_cis.reg1[2]} successfully.
Executing : get_cells {speaker_ctrl_d0[2]}
Executing : get_cells {speaker_ctrl_d0[2]} successfully.
Executing : set_false_path -from [get_cells {ubus.u_local_bus_slve_cis.reg1[2]}] -to [get_cells {speaker_ctrl_d0[2]}]
Executing : set_false_path -from [get_cells {ubus.u_local_bus_slve_cis.reg1[2]}] -to [get_cells {speaker_ctrl_d0[2]}] successfully.
Executing : get_cells {ubus.u_local_bus_slve_cis.reg1[1]}
Executing : get_cells {ubus.u_local_bus_slve_cis.reg1[1]} successfully.
Executing : get_cells {speaker_ctrl_d0[1]}
Executing : get_cells {speaker_ctrl_d0[1]} successfully.
Executing : set_false_path -from [get_cells {ubus.u_local_bus_slve_cis.reg1[1]}] -to [get_cells {speaker_ctrl_d0[1]}]
Executing : set_false_path -from [get_cells {ubus.u_local_bus_slve_cis.reg1[1]}] -to [get_cells {speaker_ctrl_d0[1]}] successfully.
Executing : get_cells {gvrd_test.gvrd.Dcache2Frame.U_ipml_fifo_Dcache2Frame.U_ipml_fifo_ctrl.wr_water_level[5]}
Executing : get_cells {gvrd_test.gvrd.Dcache2Frame.U_ipml_fifo_Dcache2Frame.U_ipml_fifo_ctrl.wr_water_level[5]} successfully.
Executing : get_cells {gvrd_test.gvrd.wait_cnt[30] gvrd_test.gvrd.wait_cnt[31]}
Executing : get_cells {gvrd_test.gvrd.wait_cnt[30] gvrd_test.gvrd.wait_cnt[31]} successfully.
Executing : set_false_path -from [get_cells {gvrd_test.gvrd.Dcache2Frame.U_ipml_fifo_Dcache2Frame.U_ipml_fifo_ctrl.wr_water_level[5]}] -to [get_cells {gvrd_test.gvrd.wait_cnt[30] gvrd_test.gvrd.wait_cnt[31]}]
Executing : set_false_path -from [get_cells {gvrd_test.gvrd.Dcache2Frame.U_ipml_fifo_Dcache2Frame.U_ipml_fifo_ctrl.wr_water_level[5]}] -to [get_cells {gvrd_test.gvrd.wait_cnt[30] gvrd_test.gvrd.wait_cnt[31]}] successfully.
Executing : get_cells {gvrd_test.gvrd.Dcache2Frame.U_ipml_fifo_Dcache2Frame.U_ipml_fifo_ctrl.wr_water_level[5]}
Executing : get_cells {gvrd_test.gvrd.Dcache2Frame.U_ipml_fifo_Dcache2Frame.U_ipml_fifo_ctrl.wr_water_level[5]} successfully.
Executing : get_cells {gvrd_test.gvrd.state_reg[6]}
Executing : get_cells {gvrd_test.gvrd.state_reg[6]} successfully.
Executing : set_false_path -from [get_cells {gvrd_test.gvrd.Dcache2Frame.U_ipml_fifo_Dcache2Frame.U_ipml_fifo_ctrl.wr_water_level[5]}] -to [get_cells {gvrd_test.gvrd.state_reg[6]}]
Executing : set_false_path -from [get_cells {gvrd_test.gvrd.Dcache2Frame.U_ipml_fifo_Dcache2Frame.U_ipml_fifo_ctrl.wr_water_level[5]}] -to [get_cells {gvrd_test.gvrd.state_reg[6]}] successfully.
Executing : get_cells {ubus.u_local_bus_slve_cis.reg2[0]}
Executing : get_cells {ubus.u_local_bus_slve_cis.reg2[0]} successfully.
Executing : get_cells nouput_d0
Executing : get_cells nouput_d0 successfully.
Executing : set_false_path -from [get_cells {ubus.u_local_bus_slve_cis.reg2[0]}] -to [get_cells nouput_d0]
Executing : set_false_path -from [get_cells {ubus.u_local_bus_slve_cis.reg2[0]}] -to [get_cells nouput_d0] successfully.
Executing : get_cells {gvrd_test.gvrd.Dcache2Frame.U_ipml_fifo_Dcache2Frame.U_ipml_fifo_ctrl.ASYN_CTRL.rptr[6]}
Executing : get_cells {gvrd_test.gvrd.Dcache2Frame.U_ipml_fifo_Dcache2Frame.U_ipml_fifo_ctrl.ASYN_CTRL.rptr[6]} successfully.
Executing : get_cells {gvrd_test.gvrd.Dcache2Frame.U_ipml_fifo_Dcache2Frame.U_ipml_fifo_ctrl.ASYN_CTRL.wrptr1[6]}
Executing : get_cells {gvrd_test.gvrd.Dcache2Frame.U_ipml_fifo_Dcache2Frame.U_ipml_fifo_ctrl.ASYN_CTRL.wrptr1[6]} successfully.
Executing : set_false_path -from [get_cells {gvrd_test.gvrd.Dcache2Frame.U_ipml_fifo_Dcache2Frame.U_ipml_fifo_ctrl.ASYN_CTRL.rptr[6]}] -to [get_cells {gvrd_test.gvrd.Dcache2Frame.U_ipml_fifo_Dcache2Frame.U_ipml_fifo_ctrl.ASYN_CTRL.wrptr1[6]}]
Executing : set_false_path -from [get_cells {gvrd_test.gvrd.Dcache2Frame.U_ipml_fifo_Dcache2Frame.U_ipml_fifo_ctrl.ASYN_CTRL.rptr[6]}] -to [get_cells {gvrd_test.gvrd.Dcache2Frame.U_ipml_fifo_Dcache2Frame.U_ipml_fifo_ctrl.ASYN_CTRL.wrptr1[6]}] successfully.
Executing : get_cells {gvrd_test.gvrd.Dcache2Frame.U_ipml_fifo_Dcache2Frame.U_ipml_fifo_ctrl.ASYN_CTRL.rptr[3]}
Executing : get_cells {gvrd_test.gvrd.Dcache2Frame.U_ipml_fifo_Dcache2Frame.U_ipml_fifo_ctrl.ASYN_CTRL.rptr[3]} successfully.
Executing : get_cells {gvrd_test.gvrd.Dcache2Frame.U_ipml_fifo_Dcache2Frame.U_ipml_fifo_ctrl.ASYN_CTRL.wrptr1[3]}
Executing : get_cells {gvrd_test.gvrd.Dcache2Frame.U_ipml_fifo_Dcache2Frame.U_ipml_fifo_ctrl.ASYN_CTRL.wrptr1[3]} successfully.
Executing : set_false_path -from [get_cells {gvrd_test.gvrd.Dcache2Frame.U_ipml_fifo_Dcache2Frame.U_ipml_fifo_ctrl.ASYN_CTRL.rptr[3]}] -to [get_cells {gvrd_test.gvrd.Dcache2Frame.U_ipml_fifo_Dcache2Frame.U_ipml_fifo_ctrl.ASYN_CTRL.wrptr1[3]}]
Executing : set_false_path -from [get_cells {gvrd_test.gvrd.Dcache2Frame.U_ipml_fifo_Dcache2Frame.U_ipml_fifo_ctrl.ASYN_CTRL.rptr[3]}] -to [get_cells {gvrd_test.gvrd.Dcache2Frame.U_ipml_fifo_Dcache2Frame.U_ipml_fifo_ctrl.ASYN_CTRL.wrptr1[3]}] successfully.
Executing : get_cells {gvrd_test.gvrd.Dcache2Frame.U_ipml_fifo_Dcache2Frame.U_ipml_fifo_ctrl.ASYN_CTRL.rptr[2]}
Executing : get_cells {gvrd_test.gvrd.Dcache2Frame.U_ipml_fifo_Dcache2Frame.U_ipml_fifo_ctrl.ASYN_CTRL.rptr[2]} successfully.
Executing : get_cells {gvrd_test.gvrd.Dcache2Frame.U_ipml_fifo_Dcache2Frame.U_ipml_fifo_ctrl.ASYN_CTRL.wrptr1[2]}
Executing : get_cells {gvrd_test.gvrd.Dcache2Frame.U_ipml_fifo_Dcache2Frame.U_ipml_fifo_ctrl.ASYN_CTRL.wrptr1[2]} successfully.
Executing : set_false_path -from [get_cells {gvrd_test.gvrd.Dcache2Frame.U_ipml_fifo_Dcache2Frame.U_ipml_fifo_ctrl.ASYN_CTRL.rptr[2]}] -to [get_cells {gvrd_test.gvrd.Dcache2Frame.U_ipml_fifo_Dcache2Frame.U_ipml_fifo_ctrl.ASYN_CTRL.wrptr1[2]}]
Executing : set_false_path -from [get_cells {gvrd_test.gvrd.Dcache2Frame.U_ipml_fifo_Dcache2Frame.U_ipml_fifo_ctrl.ASYN_CTRL.rptr[2]}] -to [get_cells {gvrd_test.gvrd.Dcache2Frame.U_ipml_fifo_Dcache2Frame.U_ipml_fifo_ctrl.ASYN_CTRL.wrptr1[2]}] successfully.
Executing : get_cells {gvrd_test.gvrd.Dcache2Frame.U_ipml_fifo_Dcache2Frame.U_ipml_fifo_ctrl.wr_water_level[7]}
Executing : get_cells {gvrd_test.gvrd.Dcache2Frame.U_ipml_fifo_Dcache2Frame.U_ipml_fifo_ctrl.wr_water_level[7]} successfully.
Executing : get_cells {gvrd_test.gvrd.wait_cnt[18] gvrd_test.gvrd.wait_cnt[22] gvrd_test.gvrd.wait_cnt[24]}
Executing : get_cells {gvrd_test.gvrd.wait_cnt[18] gvrd_test.gvrd.wait_cnt[22] gvrd_test.gvrd.wait_cnt[24]} successfully.
Executing : set_false_path -from [get_cells {gvrd_test.gvrd.Dcache2Frame.U_ipml_fifo_Dcache2Frame.U_ipml_fifo_ctrl.wr_water_level[7]}] -to [get_cells {gvrd_test.gvrd.wait_cnt[18] gvrd_test.gvrd.wait_cnt[22] gvrd_test.gvrd.wait_cnt[24]}]
Executing : set_false_path -from [get_cells {gvrd_test.gvrd.Dcache2Frame.U_ipml_fifo_Dcache2Frame.U_ipml_fifo_ctrl.wr_water_level[7]}] -to [get_cells {gvrd_test.gvrd.wait_cnt[18] gvrd_test.gvrd.wait_cnt[22] gvrd_test.gvrd.wait_cnt[24]}] successfully.
