#Build: Fabric Compiler 2022.2-SP1-Lite, Build 132640, Aug 18 15:12 2023
#Install: D:\pango\PDS_2022.2-SP1-Lite\bin
#Application name: pds_shell.exe
#OS: Windows 10 10.0.19045
#Hostname: LAPTOP-EJEDQ2FU
Generated by Fabric Compiler (version 2022.2-SP1-Lite build 132640) at Sun Jul 14 23:13:05 2024
Compiling verification operator library.
Compiling common defs.
Compiling prim grid devices.
Compiling gate devices.
Compiling gate operators.
Building architecture model.
Loading device packaging model.
Reading design from DB.
Start Generate Netlist.
Generate Netlist is finished successfully.
Action gen_netlist: Real time elapsed is 0h:0m:34s
Action gen_netlist: CPU time elapsed is 0h:0m:26s
Action gen_netlist: Process CPU time elapsed is 0h:0m:27s
Current time: Sun Jul 14 23:13:37 2024
Action gen_netlist: Peak memory pool usage is 1,067 MB
