#Build: Fabric Compiler 2022.2-SP1-Lite, Build 132640, Aug 18 15:12 2023
#Install: C:\pango\PDS_2022.2-SP1-Lite\bin
#Application name: pds_shell.exe
#OS: Windows 10 10.0.22631
#Hostname: DESKTOP-73C3QQ3
Generated by Fabric Compiler (version 2022.2-SP1-Lite build 132640) at Sat Aug 17 22:34:37 2024
Compiling verification operator library.
Compiling common defs.
Compiling prim grid devices.
Compiling gate devices.
Compiling gate operators.
Building architecture model.
Loading device packaging model.
Reading design from DB.
Start Generating Programming File...
Reading design from DB takes 0.765625 sec.
Generating architecture configuration.
The bitstream file is "C:/Users/mjh/Desktop/final_competition/Pango_magicbox/pnr/example_design/generate_bitstream/top.sbit"
Generate programming file takes 4.968750 sec.
Generating Programming File done.
Action gen_bit_stream: Real time elapsed is 0h:0m:27s
Action gen_bit_stream: CPU time elapsed is 0h:0m:7s
Action gen_bit_stream: Process CPU time elapsed is 0h:0m:7s
Current time: Sat Aug 17 22:35:01 2024
Action gen_bit_stream: Peak memory pool usage is 845 MB
