IP Generator (Version 2022.2-SP1-Lite build 132640)
Start generating at 2024-05-06 21:11
Instance: RAM_1 (C:\Users\mjh\Desktop\zxhan\radix2-1024\pnr\example_design\ipcore\RAM_1\RAM_1.idf)
IP: Pango DRM Based Single Port RAM (1.5)
Part: Logos-PGL50H-FBG484--6
Create directory 'rtl' ...
Copy 'rtl\ipml_spram_v1_5.v.xml' to 'rtl' ...
Compile file 'rtl\ipml_spram_v1_5.v.xml' to 'rtl\ipml_spram_v1_5_RAM_1.v' ...
Copy 'ipml_spram_wrapper_v1_5.v.xml' ...
Compile file 'ipml_spram_wrapper_v1_5.v.xml' to 'RAM_1.v' ...
Found top module 'RAM_1' in file 'RAM_1.v'.
Copy 'ipml_spram_wrapper_v1_3_tb.v.xml' ...
Compile file 'ipml_spram_wrapper_v1_3_tb.v.xml' to 'RAM_1_tb.v' ...
Copy 'init_param_bin_exmp.dat' ...
Copy 'init_param_hex_exmp.dat' ...
Run file 'createParam.tcl' ...
Create template file 'RAM_1_tmpl.v' ...
Create template file 'RAM_1_tmpl.vhdl' ...
There are 2 source files to synthesize.
Synthesis is disabled.
Done: 0 error(s), 0 warning(s)
