-----------------------------------------------------------------------------------------------------------------------------------------------------------------------------------------------------------------------------------------------------------------------------------
Detailed RTL Component Info :
-----Module Name :
                    top

-----Multipliers :
                    27 x 27     Multipliers := 2

-----Adders :

APM: Final Mapping Report
|------------------------|----------------------------------|--------------|--------------|---------|---------|---------|---------|---------|---------|--------------|--------------|--------------|--------------|--------------|
| APM Inst Name          | APM Cascade                      | X Size       | Y Size       | Z Size  | P Size  | X_REG   | Y_REG   | Z_REG   | P_REG   | MULT_REG     | PREADD_REG   | USE_PREADD   | USE_POSTADD  | Primitives   |
|------------------------|----------------------------------|--------------|--------------|---------|---------|---------|---------|---------|---------|--------------|--------------|--------------|--------------|--------------|
| mfcc_u/Squares/N8_m1   | CPO>>18 + mfcc_u/Squares/N8_m2   | 18(unsigned) | 18(unsigned) | /       | 18      | 1       | 1       | /       | 0       | 0            | 0            | 0            | 0            | GTP_APM_E1   |
|------------------------|----------------------------------|--------------|--------------|---------|---------|---------|---------|---------|---------|--------------|--------------|--------------|--------------|--------------|
| mfcc_u/Squares/N5_m2   | CPO>>16 + mfcc_u/Squares/N5_m3   | 18(unsigned) | 9(unsigned)  | /       | 0       | 1       | 1       | /       | 0       | 0            | 0            | 0            | 1            | GTP_APM_E1   |
|------------------------|----------------------------------|--------------|--------------|---------|---------|---------|---------|---------|---------|--------------|--------------|--------------|--------------|--------------|
| mfcc_u/Squares/N5_m1   | CPO>>18 + mfcc_u/Squares/N5_m2   | 18(unsigned) | 18(unsigned) | /       | 18      | 1       | 1       | /       | 0       | 0            | 0            | 0            | 0            | GTP_APM_E1   |
|------------------------|----------------------------------|--------------|--------------|---------|---------|---------|---------|---------|---------|--------------|--------------|--------------|--------------|--------------|
| mfcc_u/Squares/N5_m3   | CPO>>18 + mfcc_u/Squares/N5_m4   | 18(unsigned) | 9(unsigned)  | /       | 28      | 1       | 1       | /       | 0       | 0            | 0            | 0            | 1            | GTP_APM_E1   |
|------------------------|----------------------------------|--------------|--------------|---------|---------|---------|---------|---------|---------|--------------|--------------|--------------|--------------|--------------|
| mfcc_u/Squares/N8_m2   | CPO>>16 + mfcc_u/Squares/N8_m3   | 18(unsigned) | 9(unsigned)  | /       | 0       | 1       | 1       | /       | 0       | 0            | 0            | 0            | 1            | GTP_APM_E1   |
|------------------------|----------------------------------|--------------|--------------|---------|---------|---------|---------|---------|---------|--------------|--------------|--------------|--------------|--------------|
| mfcc_u/Squares/N8_m3   | CPO>>18 + mfcc_u/Squares/N8_m4   | 18(unsigned) | 9(unsigned)  | /       | 28      | 1       | 1       | /       | 0       | 0            | 0            | 0            | 1            | GTP_APM_E1   |
|------------------------|----------------------------------|--------------|--------------|---------|---------|---------|---------|---------|---------|--------------|--------------|--------------|--------------|--------------|
| mfcc_u/Squares/N5_m4   | /                                | 9(unsigned)  | 9(unsigned)  | /       | 18      | 1       | 1       | /       | 1       | 0            | 0            | 0            | 1            | GTP_APM_E1   |
|------------------------|----------------------------------|--------------|--------------|---------|---------|---------|---------|---------|---------|--------------|--------------|--------------|--------------|--------------|
| mfcc_u/Squares/N8_m4   | /                                | 9(unsigned)  | 9(unsigned)  | /       | 18      | 1       | 1       | /       | 1       | 0            | 0            | 0            | 1            | GTP_APM_E1   |
|------------------------|----------------------------------|--------------|--------------|---------|---------|---------|---------|---------|---------|--------------|--------------|--------------|--------------|--------------|

-----------------------------------------------------------------------------------------------------------------------------------------------------------------------------------------------------------------------------------------------------------------------------------

--------------------------------------------------------------------------------------------------------------------------------------------------------------------------------------------------------------------------------------------------------------------------------------------------------------------------------------------------------------------------
Detailed RTL Component Info :
-----Module Name :
                    top

-----ROMs :
            512 Bit    (32 x 16 bit)          ROMs := 2
            1K Bit    (64 x 16 bit)          ROMs := 1
            1K Bit    (64 x 20 bit)          ROMs := 1
            3K Bit    (256 x 15 bit)          ROMs := 2
            10K Bit    (512 x 20 bit)          ROMs := 1

-----RAMs :
            16 Bit    (16 x 1 bit)          RAMs := 3
            64 Bit    (16 x 4 bit)          RAMs := 1
            128 Bit    (16 x 8 bit)          RAMs := 1
            144 Bit    (16 x 9 bit)          RAMs := 1
            176 Bit    (16 x 11 bit)          RAMs := 1
            208 Bit    (16 x 13 bit)          RAMs := 1
            432 Bit    (16 x 27 bit)          RAMs := 2
            320 Bit    (32 x 10 bit)          RAMs := 1

Distributed RAM and Block RAM: Final Mapping Report
|-------------------------------------------------------------------------------------------------------------------------------------------------------------------------------------------------------------------------------------------------|------------------------|-------------------|---------|
| DPRAM Inst Name                                                                                                                                                                                                                                 | Size (Depth x Width)   | Primitives        | Count   |
|-------------------------------------------------------------------------------------------------------------------------------------------------------------------------------------------------------------------------------------------------|------------------------|-------------------|---------|
| ES8156_reg_config/reg_data                                                                                                                                                                                                                      | 32 x 16                |                   |         |
|                                                                                                                                                                                                                                                 | 32 x 1                 | GTP_ROM32X1       | 16      |
|-------------------------------------------------------------------------------------------------------------------------------------------------------------------------------------------------------------------------------------------------|------------------------|-------------------|---------|
| gvrd_test/gvrd/udp_ip_mac_top/udp_layer/udp_tx/udp_shift_register/u_ipm_distributed_shiftregister_udp_shift_register/u_ipm_distributed_sdpram_udp_shift_register/mem                                                                            | 16 x 8                 |                   |         |
|                                                                                                                                                                                                                                                 | 16 x 1                 | GTP_RAM16X1DP     | 8       |
|-------------------------------------------------------------------------------------------------------------------------------------------------------------------------------------------------------------------------------------------------|------------------------|-------------------|---------|
| mfcc_u/DCT/the_instance_name/u_ipm_distributed_fifo_logfbe_buff/ipm_distributed_sdpram_logfbe_buff/mem                                                                                                                                          | 32 x 16                |                   |         |
|                                                                                                                                                                                                                                                 | 32 x 1                 | GTP_RAM32X1DP     | 16      |
|-------------------------------------------------------------------------------------------------------------------------------------------------------------------------------------------------------------------------------------------------|------------------------|-------------------|---------|
| u_fft_wrapper/use_radix2_burst.u_radix2_burst_core/r2_dit_bf/u_im_input_sreg/latency_larger_than_2.u_distram_sreg/u_distributed_shiftregister/u_distributed_sdpram/mem                                                                          | 16 x 27                |                   |         |
|                                                                                                                                                                                                                                                 | 16 x 1                 | GTP_RAM16X1DP     | 27      |
|-------------------------------------------------------------------------------------------------------------------------------------------------------------------------------------------------------------------------------------------------|------------------------|-------------------|---------|
| u_fft_wrapper/use_radix2_burst.u_radix2_burst_core/r2_dit_bf/u_r2_dit_mult_by_twiddle/u_fft_comp_round/u_im_round/convegent_rouning.u_din_sign_sreg/latency_larger_than_2.u_distram_sreg/u_distributed_shiftregister/u_distributed_sdpram/mem   | 16 x 1                 |                   |         |
|                                                                                                                                                                                                                                                 | 16 x 1                 | GTP_RAM16X1DP     | 1       |
|-------------------------------------------------------------------------------------------------------------------------------------------------------------------------------------------------------------------------------------------------|------------------------|-------------------|---------|
| u_fft_wrapper/use_radix2_burst.u_radix2_burst_core/r2_dit_bf/u_r2_dit_mult_by_twiddle/u_fft_comp_round/u_re_round/convegent_rouning.u_din_sign_sreg/latency_larger_than_2.u_distram_sreg/u_distributed_shiftregister/u_distributed_sdpram/mem   | 16 x 1                 |                   |         |
|                                                                                                                                                                                                                                                 | 16 x 1                 | GTP_RAM16X1DP     | 1       |
|-------------------------------------------------------------------------------------------------------------------------------------------------------------------------------------------------------------------------------------------------|------------------------|-------------------|---------|
| u_fft_wrapper/use_radix2_burst.u_radix2_burst_core/r2_dit_bf/u_re_input_sreg/latency_larger_than_2.u_distram_sreg/u_distributed_shiftregister/u_distributed_sdpram/mem                                                                          | 16 x 27                |                   |         |
|                                                                                                                                                                                                                                                 | 16 x 1                 | GTP_RAM16X1DP     | 27      |
|-------------------------------------------------------------------------------------------------------------------------------------------------------------------------------------------------------------------------------------------------|------------------------|-------------------|---------|
| u_fft_wrapper/use_radix2_burst.u_radix2_burst_core/r2_dit_ctrl/bfcnt_last_sreg/latency_larger_than_2.u_distram_sreg/u_distributed_shiftregister/u_distributed_sdpram/mem                                                                        | 16 x 1                 |                   |         |
|                                                                                                                                                                                                                                                 | 16 x 1                 | GTP_RAM16X1DP     | 1       |
|-------------------------------------------------------------------------------------------------------------------------------------------------------------------------------------------------------------------------------------------------|------------------------|-------------------|---------|
| u_fft_wrapper/use_radix2_burst.u_radix2_burst_core/r2_dit_ctrl/u_bfcnt_sreg/latency_larger_than_2.u_distram_sreg/u_distributed_shiftregister/u_distributed_sdpram/mem                                                                           | 32 x 10                |                   |         |
|                                                                                                                                                                                                                                                 | 32 x 1                 | GTP_RAM32X1DP     | 10      |
|-------------------------------------------------------------------------------------------------------------------------------------------------------------------------------------------------------------------------------------------------|------------------------|-------------------|---------|
| u_fft_wrapper/use_radix2_burst.u_radix2_burst_core/r2_dit_ctrl/u_output_p4_sreg/latency_larger_than_2.u_distram_sreg/u_distributed_shiftregister/u_distributed_sdpram/mem                                                                       | 16 x 13                |                   |         |
|                                                                                                                                                                                                                                                 | 16 x 1                 | GTP_RAM16X1DP     | 13      |
|-------------------------------------------------------------------------------------------------------------------------------------------------------------------------------------------------------------------------------------------------|------------------------|-------------------|---------|
| u_fft_wrapper/use_radix2_burst.u_radix2_burst_core/r2_dit_ctrl/u_output_sreg/latency_larger_than_2.u_distram_sreg/u_distributed_shiftregister/u_distributed_sdpram/mem                                                                          | 16 x 11                |                   |         |
|                                                                                                                                                                                                                                                 | 16 x 1                 | GTP_RAM16X1DP     | 11      |
|-------------------------------------------------------------------------------------------------------------------------------------------------------------------------------------------------------------------------------------------------|------------------------|-------------------|---------|
| u_fft_wrapper/use_radix2_burst.u_radix2_burst_core/r2_dit_ctrl/u_raddr_sreg/latency_larger_than_2.u_distram_sreg/u_distributed_shiftregister/u_distributed_sdpram/mem                                                                           | 16 x 9                 |                   |         |
|                                                                                                                                                                                                                                                 | 16 x 1                 | GTP_RAM16X1DP     | 9       |
|-------------------------------------------------------------------------------------------------------------------------------------------------------------------------------------------------------------------------------------------------|------------------------|-------------------|---------|
| u_fft_wrapper/use_radix2_burst.u_radix2_burst_core/r2_dit_ctrl/u_stage_sreg/latency_larger_than_2.u_distram_sreg/u_distributed_shiftregister/u_distributed_sdpram/mem                                                                           | 16 x 4                 |                   |         |
|                                                                                                                                                                                                                                                 | 16 x 1                 | GTP_RAM16X1DP     | 4       |
|-------------------------------------------------------------------------------------------------------------------------------------------------------------------------------------------------------------------------------------------------|------------------------|-------------------|---------|

|------------------------------------------------------------------------------------------------------------------------------------------------------|------------------------|-------------------|-------------------|-------------------|-------------------|
| Inst Name                                                                                                                                            | Size (Depth x Width)   | Write_Mode_A      | Write_Mode_B      | Ram_Mode          | Primitives        |
|------------------------------------------------------------------------------------------------------------------------------------------------------|------------------------|-------------------|-------------------|-------------------|-------------------|
| ES7243E_reg_config/reg_data                                                                                                                          | 64 x 16                |                   |                   |                   |                   |
|                    reg_data                                                                                                                          | 64 x 16                | NORMAL_WRITE      | /                 | SINGLE_PORT       | GTP_DRM9K         |
|------------------------------------------------------------------------------------------------------------------------------------------------------|------------------------|-------------------|-------------------|-------------------|-------------------|
| ms72xx_ctl/ms7200_ctl/N1219_1_concat_3                                                                                                               | 512 x 20               |                   |                   |                   |                   |
|                       N1219_1_concat_3                                                                                                               | 512 x 20               | NORMAL_WRITE      | /                 | SINGLE_PORT       | GTP_DRM18K        |
|------------------------------------------------------------------------------------------------------------------------------------------------------|------------------------|-------------------|-------------------|-------------------|-------------------|
| ms72xx_ctl/ms7210_ctl/N325_1_concat_2                                                                                                                | 64 x 20                |                   |                   |                   |                   |
|                       N325_1_concat_2                                                                                                                | 64 x 20                | NORMAL_WRITE      | /                 | SINGLE_PORT       | GTP_DRM9K         |
|------------------------------------------------------------------------------------------------------------------------------------------------------|------------------------|-------------------|-------------------|-------------------|-------------------|
| u_fft_wrapper/use_radix2_burst.u_radix2_burst_core/r2_dit_bf/u_r2_dit_mult_by_twiddle/u_twiddle_gen/u_sin_rom/use_drm.u_sin_drm_rom/sin_rom_used_2   | 256 x 15               |                   |                   |                   |                   |
|                                                                                                                                     sin_rom_used_2   | 256 x 15               | NORMAL_WRITE      | /                 | SINGLE_PORT       | GTP_DRM9K         |
|------------------------------------------------------------------------------------------------------------------------------------------------------|------------------------|-------------------|-------------------|-------------------|-------------------|
| u_fft_wrapper/use_radix2_burst.u_radix2_burst_core/r2_dit_bf/u_r2_dit_mult_by_twiddle/u_twiddle_gen/u_sin_rom/use_drm.u_sin_drm_rom/sin_rom_used_3   | 256 x 15               |                   |                   |                   |                   |
|                                                                                                                                     sin_rom_used_3   | 256 x 15               | NORMAL_WRITE      | /                 | SINGLE_PORT       | GTP_DRM9K         |
|------------------------------------------------------------------------------------------------------------------------------------------------------|------------------------|-------------------|-------------------|-------------------|-------------------|

--------------------------------------------------------------------------------------------------------------------------------------------------------------------------------------------------------------------------------------------------------------------------------------------------------------------------------------------------------------------------

