IP Generator (Version 2022.2-SP1-Lite build 132640)
Start generating at 2024-08-15 11:02
Instance: logfbe_buff (D:\projects\pango\Pango_magicbox\pnr\example_design\ipcore\logfbe_buff\logfbe_buff.idf)
IP: Pango Distributed FIFO (1.2)
Part: Logos-PGL50H-FBG484--6
Create directory 'rtl' ...
Copy 'rtl\ipm_distributed_fifo_ctr_v1_0.v' to 'rtl' ...
Copy 'rtl\ipm_distributed_fifo_v1_2.v.xml' to 'rtl' ...
Copy 'rtl\ipm_distributed_sdpram_v1_2.v.xml' to 'rtl' ...
Compile file 'rtl\ipm_distributed_fifo_v1_2.v.xml' to 'rtl\ipm_distributed_fifo_v1_2_logfbe_buff.v' ...
Compile file 'rtl\ipm_distributed_sdpram_v1_2.v.xml' to 'rtl\ipm_distributed_sdpram_v1_2_logfbe_buff.v' ...
Copy 'ipm_distributed_fifo_wrapper_v1_2.v.xml' ...
Copy 'ipm_distributed_fifo_wrapper_v1_2_tb.v.xml' ...
Compile file 'ipm_distributed_fifo_wrapper_v1_2.v.xml' to 'logfbe_buff.v' ...
Found top module 'logfbe_buff' in file 'logfbe_buff.v'.
Compile file 'ipm_distributed_fifo_wrapper_v1_2_tb.v.xml' to 'logfbe_buff_tb.v' ...
Create template file 'logfbe_buff_tmpl.v' ...
Create template file 'logfbe_buff_tmpl.vhdl' ...
There are 4 source files to synthesize.
Synthesis is disabled.
Done: 0 error(s), 0 warning(s)
